mode: set
banka1/market-service-go/cmd/paritycheck/main.go:24.13,33.16 8 0
banka1/market-service-go/cmd/paritycheck/main.go:33.16,36.3 2 0
banka1/market-service-go/cmd/paritycheck/main.go:37.2,40.29 4 0
banka1/market-service-go/cmd/paritycheck/main.go:40.29,42.17 2 0
banka1/market-service-go/cmd/paritycheck/main.go:42.17,45.12 3 0
banka1/market-service-go/cmd/paritycheck/main.go:47.3,48.17 2 0
banka1/market-service-go/cmd/paritycheck/main.go:48.17,51.12 3 0
banka1/market-service-go/cmd/paritycheck/main.go:53.3,55.69 3 0
banka1/market-service-go/cmd/paritycheck/main.go:55.69,60.12 5 0
banka1/market-service-go/cmd/paritycheck/main.go:62.3,63.37 2 0
banka1/market-service-go/cmd/paritycheck/main.go:65.2,66.21 2 0
banka1/market-service-go/cmd/paritycheck/main.go:66.21,68.3 1 0
banka1/market-service-go/cmd/paritycheck/main.go:76.112,78.21 2 0
banka1/market-service-go/cmd/paritycheck/main.go:78.21,80.3 1 0
banka1/market-service-go/cmd/paritycheck/main.go:81.2,82.16 2 0
banka1/market-service-go/cmd/paritycheck/main.go:82.16,84.3 1 0
banka1/market-service-go/cmd/paritycheck/main.go:85.2,85.39 1 0
banka1/market-service-go/cmd/paritycheck/main.go:85.39,87.3 1 0
banka1/market-service-go/cmd/paritycheck/main.go:88.2,88.61 1 0
banka1/market-service-go/cmd/paritycheck/main.go:88.61,90.3 1 0
banka1/market-service-go/cmd/paritycheck/main.go:91.2,91.58 1 0
banka1/market-service-go/cmd/paritycheck/main.go:91.58,93.3 1 0
banka1/market-service-go/cmd/paritycheck/main.go:94.2,95.16 2 0
banka1/market-service-go/cmd/paritycheck/main.go:95.16,97.3 1 0
banka1/market-service-go/cmd/paritycheck/main.go:98.2,100.16 3 0
banka1/market-service-go/cmd/paritycheck/main.go:100.16,102.3 1 0
banka1/market-service-go/cmd/paritycheck/main.go:103.2,103.66 1 0
banka1/market-service-go/cmd/paritycheck/main.go:106.53,107.35 1 0
banka1/market-service-go/cmd/paritycheck/main.go:107.35,109.3 1 0
banka1/market-service-go/cmd/paritycheck/main.go:110.2,111.16 2 0
banka1/market-service-go/cmd/paritycheck/main.go:111.16,113.3 1 0
banka1/market-service-go/cmd/paritycheck/main.go:114.2,115.52 2 0
banka1/market-service-go/cmd/paritycheck/main.go:115.52,117.3 1 0
banka1/market-service-go/cmd/paritycheck/main.go:118.2,118.19 1 0
banka1/market-service-go/cmd/paritycheck/main.go:121.36,130.2 1 0
banka1/market-service-go/cmd/paritycheck/main.go:132.39,134.23 2 1
banka1/market-service-go/cmd/paritycheck/main.go:134.23,136.3 1 0
banka1/market-service-go/cmd/paritycheck/main.go:137.2,138.56 2 1
banka1/market-service-go/cmd/paritycheck/main.go:138.56,140.3 1 0
banka1/market-service-go/cmd/paritycheck/main.go:141.2,143.16 3 1
banka1/market-service-go/cmd/paritycheck/main.go:143.16,145.3 1 0
banka1/market-service-go/cmd/paritycheck/main.go:146.2,146.20 1 1
banka1/market-service-go/cmd/paritycheck/main.go:149.36,150.31 1 1
banka1/market-service-go/cmd/paritycheck/main.go:151.22,153.26 2 1
banka1/market-service-go/cmd/paritycheck/main.go:153.26,154.72 1 1
banka1/market-service-go/cmd/paritycheck/main.go:154.72,155.13 1 1
banka1/market-service-go/cmd/paritycheck/main.go:157.4,157.28 1 1
banka1/market-service-go/cmd/paritycheck/main.go:159.3,161.28 3 1
banka1/market-service-go/cmd/paritycheck/main.go:161.28,163.4 1 1
banka1/market-service-go/cmd/paritycheck/main.go:164.3,164.13 1 1
banka1/market-service-go/cmd/paritycheck/main.go:165.13,167.30 2 0
banka1/market-service-go/cmd/paritycheck/main.go:167.30,169.4 1 0
banka1/market-service-go/cmd/paritycheck/main.go:170.3,170.13 1 0
banka1/market-service-go/cmd/paritycheck/main.go:171.10,172.15 1 1
banka1/market-service-go/internal/clients/alphavantage.go:59.89,60.19 1 1
banka1/market-service-go/internal/clients/alphavantage.go:60.19,62.3 1 0
banka1/market-service-go/internal/clients/alphavantage.go:63.2,63.78 1 1
banka1/market-service-go/internal/clients/alphavantage.go:66.93,67.39 1 1
banka1/market-service-go/internal/clients/alphavantage.go:67.39,69.3 1 0
banka1/market-service-go/internal/clients/alphavantage.go:70.2,75.16 2 1
banka1/market-service-go/internal/clients/alphavantage.go:75.16,77.3 1 0
banka1/market-service-go/internal/clients/alphavantage.go:78.2,79.55 2 1
banka1/market-service-go/internal/clients/alphavantage.go:79.55,81.3 1 0
banka1/market-service-go/internal/clients/alphavantage.go:82.2,83.24 2 1
banka1/market-service-go/internal/clients/alphavantage.go:83.24,85.3 1 0
banka1/market-service-go/internal/clients/alphavantage.go:86.2,87.16 2 1
banka1/market-service-go/internal/clients/alphavantage.go:87.16,89.3 1 0
banka1/market-service-go/internal/clients/alphavantage.go:90.2,107.8 7 1
banka1/market-service-go/internal/clients/alphavantage.go:110.114,111.39 1 1
banka1/market-service-go/internal/clients/alphavantage.go:111.39,113.3 1 0
banka1/market-service-go/internal/clients/alphavantage.go:114.2,120.16 2 1
banka1/market-service-go/internal/clients/alphavantage.go:120.16,122.3 1 0
banka1/market-service-go/internal/clients/alphavantage.go:123.2,124.55 2 1
banka1/market-service-go/internal/clients/alphavantage.go:124.55,126.3 1 0
banka1/market-service-go/internal/clients/alphavantage.go:127.2,128.19 2 1
banka1/market-service-go/internal/clients/alphavantage.go:128.19,130.3 1 0
banka1/market-service-go/internal/clients/alphavantage.go:131.2,132.16 2 1
banka1/market-service-go/internal/clients/alphavantage.go:132.16,134.3 1 0
banka1/market-service-go/internal/clients/alphavantage.go:135.2,141.8 2 1
banka1/market-service-go/internal/clients/alphavantage.go:144.113,145.39 1 0
banka1/market-service-go/internal/clients/alphavantage.go:145.39,147.3 1 0
banka1/market-service-go/internal/clients/alphavantage.go:148.2,153.16 2 0
banka1/market-service-go/internal/clients/alphavantage.go:153.16,155.3 1 0
banka1/market-service-go/internal/clients/alphavantage.go:156.2,157.55 2 0
banka1/market-service-go/internal/clients/alphavantage.go:157.55,159.3 1 0
banka1/market-service-go/internal/clients/alphavantage.go:160.2,160.50 1 0
banka1/market-service-go/internal/clients/alphavantage.go:160.50,162.3 1 0
banka1/market-service-go/internal/clients/alphavantage.go:163.2,165.102 3 0
banka1/market-service-go/internal/clients/alphavantage.go:168.99,169.39 1 0
banka1/market-service-go/internal/clients/alphavantage.go:169.39,171.3 1 0
banka1/market-service-go/internal/clients/alphavantage.go:172.2,178.16 2 0
banka1/market-service-go/internal/clients/alphavantage.go:178.16,180.3 1 0
banka1/market-service-go/internal/clients/alphavantage.go:181.2,182.55 2 0
banka1/market-service-go/internal/clients/alphavantage.go:182.55,184.3 1 0
banka1/market-service-go/internal/clients/alphavantage.go:185.2,186.80 2 0
banka1/market-service-go/internal/clients/alphavantage.go:186.80,188.3 1 0
banka1/market-service-go/internal/clients/alphavantage.go:189.2,190.35 2 0
banka1/market-service-go/internal/clients/alphavantage.go:190.35,192.17 2 0
banka1/market-service-go/internal/clients/alphavantage.go:192.17,193.12 1 0
banka1/market-service-go/internal/clients/alphavantage.go:195.3,196.17 2 0
banka1/market-service-go/internal/clients/alphavantage.go:196.17,197.12 1 0
banka1/market-service-go/internal/clients/alphavantage.go:199.3,200.83 2 0
banka1/market-service-go/internal/clients/alphavantage.go:202.2,202.17 1 0
banka1/market-service-go/internal/clients/alphavantage.go:205.98,206.21 1 1
banka1/market-service-go/internal/clients/alphavantage.go:206.21,208.3 1 0
banka1/market-service-go/internal/clients/alphavantage.go:209.2,210.16 2 1
banka1/market-service-go/internal/clients/alphavantage.go:210.16,212.3 1 0
banka1/market-service-go/internal/clients/alphavantage.go:213.2,215.32 3 1
banka1/market-service-go/internal/clients/alphavantage.go:215.32,217.3 1 1
banka1/market-service-go/internal/clients/alphavantage.go:218.2,220.16 3 1
banka1/market-service-go/internal/clients/alphavantage.go:220.16,222.3 1 0
banka1/market-service-go/internal/clients/alphavantage.go:223.2,224.16 2 1
banka1/market-service-go/internal/clients/alphavantage.go:224.16,226.3 1 0
banka1/market-service-go/internal/clients/alphavantage.go:227.2,228.28 2 1
banka1/market-service-go/internal/clients/alphavantage.go:228.28,230.3 1 0
banka1/market-service-go/internal/clients/alphavantage.go:231.2,231.29 1 1
banka1/market-service-go/internal/clients/twelvedata.go:28.85,29.19 1 1
banka1/market-service-go/internal/clients/twelvedata.go:29.19,31.3 1 0
banka1/market-service-go/internal/clients/twelvedata.go:32.2,32.76 1 1
banka1/market-service-go/internal/clients/twelvedata.go:35.105,37.16 2 1
banka1/market-service-go/internal/clients/twelvedata.go:37.16,39.3 1 0
banka1/market-service-go/internal/clients/twelvedata.go:40.2,46.16 7 1
banka1/market-service-go/internal/clients/twelvedata.go:46.16,48.3 1 0
banka1/market-service-go/internal/clients/twelvedata.go:49.2,50.16 2 1
banka1/market-service-go/internal/clients/twelvedata.go:50.16,52.3 1 0
banka1/market-service-go/internal/clients/twelvedata.go:53.2,54.28 2 1
banka1/market-service-go/internal/clients/twelvedata.go:54.28,56.3 1 0
banka1/market-service-go/internal/clients/twelvedata.go:57.2,58.16 2 1
banka1/market-service-go/internal/clients/twelvedata.go:58.16,60.3 1 0
banka1/market-service-go/internal/clients/twelvedata.go:61.2,62.51 2 1
banka1/market-service-go/internal/clients/twelvedata.go:62.51,64.3 1 0
banka1/market-service-go/internal/clients/twelvedata.go:65.2,65.73 1 1
banka1/market-service-go/internal/clients/twelvedata.go:65.73,67.3 1 0
banka1/market-service-go/internal/clients/twelvedata.go:68.2,69.45 2 1
banka1/market-service-go/internal/clients/twelvedata.go:69.45,71.3 1 0
banka1/market-service-go/internal/clients/twelvedata.go:72.2,73.16 2 1
banka1/market-service-go/internal/clients/twelvedata.go:73.16,75.3 1 0
banka1/market-service-go/internal/clients/twelvedata.go:76.2,77.29 2 1
banka1/market-service-go/internal/clients/twelvedata.go:77.29,78.49 1 1
banka1/market-service-go/internal/clients/twelvedata.go:78.49,80.4 1 1
banka1/market-service-go/internal/clients/twelvedata.go:82.2,82.151 1 1
banka1/market-service-go/internal/clients/util.go:7.45,9.2 1 1
banka1/market-service-go/internal/auth/auth.go:23.56,32.2 1 1
banka1/market-service-go/internal/auth/auth.go:35.66,37.2 1 1
banka1/market-service-go/internal/auth/auth.go:40.68,42.2 1 1
banka1/market-service-go/internal/auth/auth.go:45.74,47.2 1 1
banka1/market-service-go/internal/http/app.go:27.108,34.16 7 1
banka1/market-service-go/internal/http/app.go:34.16,36.3 1 0
banka1/market-service-go/internal/http/app.go:37.2,49.30 4 1
banka1/market-service-go/internal/http/app.go:49.30,52.13 3 0
banka1/market-service-go/internal/http/app.go:52.13,53.8 1 0
banka1/market-service-go/internal/http/app.go:53.8,54.12 1 0
banka1/market-service-go/internal/http/app.go:55.23,56.12 1 0
banka1/market-service-go/internal/http/app.go:57.19,58.12 1 0
banka1/market-service-go/internal/http/app.go:59.21,60.65 1 0
banka1/market-service-go/internal/http/app.go:64.3,64.31 1 0
banka1/market-service-go/internal/http/app.go:64.31,69.4 4 0
banka1/market-service-go/internal/http/app.go:70.8,71.31 1 1
banka1/market-service-go/internal/http/app.go:71.31,74.4 2 1
banka1/market-service-go/internal/http/app.go:76.2,76.28 1 1
banka1/market-service-go/internal/http/app.go:76.28,77.53 1 0
banka1/market-service-go/internal/http/app.go:77.53,79.4 1 0
banka1/market-service-go/internal/http/app.go:81.2,82.27 2 1
banka1/market-service-go/internal/http/app.go:82.27,84.3 1 0
banka1/market-service-go/internal/http/app.go:85.2,85.17 1 1
banka1/market-service-go/internal/http/app.go:88.23,89.29 1 1
banka1/market-service-go/internal/http/app.go:89.29,91.3 1 1
banka1/market-service-go/internal/http/app.go:92.2,92.29 1 1
banka1/market-service-go/internal/http/app.go:92.29,94.3 1 1
banka1/market-service-go/internal/http/handlers.go:82.59,84.2 1 1
banka1/market-service-go/internal/http/handlers.go:86.80,89.2 2 0
banka1/market-service-go/internal/http/handlers.go:91.79,94.9 3 0
banka1/market-service-go/internal/http/handlers.go:94.9,97.3 2 0
banka1/market-service-go/internal/http/handlers.go:98.2,98.43 1 0
banka1/market-service-go/internal/http/handlers.go:101.70,110.2 1 1
banka1/market-service-go/internal/http/handlers.go:112.73,118.2 1 0
banka1/market-service-go/internal/http/handlers.go:120.79,122.16 2 0
banka1/market-service-go/internal/http/handlers.go:122.16,125.3 2 0
banka1/market-service-go/internal/http/handlers.go:126.2,126.40 1 0
banka1/market-service-go/internal/http/handlers.go:129.83,131.41 2 0
banka1/market-service-go/internal/http/handlers.go:131.41,135.3 3 0
banka1/market-service-go/internal/http/handlers.go:136.2,136.40 1 0
banka1/market-service-go/internal/http/handlers.go:136.40,140.3 3 0
banka1/market-service-go/internal/http/handlers.go:141.2,141.77 1 0
banka1/market-service-go/internal/http/handlers.go:141.77,142.44 1 0
banka1/market-service-go/internal/http/handlers.go:142.44,145.4 2 0
banka1/market-service-go/internal/http/handlers.go:146.3,148.9 3 0
banka1/market-service-go/internal/http/handlers.go:150.2,150.21 1 0
banka1/market-service-go/internal/http/handlers.go:153.107,155.16 2 0
banka1/market-service-go/internal/http/handlers.go:155.16,158.3 2 0
banka1/market-service-go/internal/http/handlers.go:159.2,159.13 1 0
banka1/market-service-go/internal/http/handlers.go:159.13,163.3 3 0
banka1/market-service-go/internal/http/handlers.go:164.2,164.41 1 0
banka1/market-service-go/internal/http/handlers.go:167.90,169.16 2 0
banka1/market-service-go/internal/http/handlers.go:169.16,172.3 2 0
banka1/market-service-go/internal/http/handlers.go:173.2,173.39 1 0
banka1/market-service-go/internal/http/handlers.go:176.78,178.2 1 0
banka1/market-service-go/internal/http/handlers.go:180.80,182.2 1 0
banka1/market-service-go/internal/http/handlers.go:184.78,186.2 1 0
banka1/market-service-go/internal/http/handlers.go:188.111,191.14 3 0
banka1/market-service-go/internal/http/handlers.go:191.14,194.3 2 0
banka1/market-service-go/internal/http/handlers.go:195.2,195.15 1 0
banka1/market-service-go/internal/http/handlers.go:195.15,198.3 2 0
banka1/market-service-go/internal/http/handlers.go:199.2,200.16 2 0
banka1/market-service-go/internal/http/handlers.go:200.16,203.3 2 0
banka1/market-service-go/internal/http/handlers.go:204.2,205.16 2 0
banka1/market-service-go/internal/http/handlers.go:205.16,208.3 2 0
banka1/market-service-go/internal/http/handlers.go:209.2,213.57 2 0
banka1/market-service-go/internal/http/handlers.go:213.57,215.3 1 0
banka1/market-service-go/internal/http/handlers.go:216.2,216.57 1 0
banka1/market-service-go/internal/http/handlers.go:216.57,218.3 1 0
banka1/market-service-go/internal/http/handlers.go:219.2,219.55 1 0
banka1/market-service-go/internal/http/handlers.go:219.55,221.3 1 0
banka1/market-service-go/internal/http/handlers.go:222.2,222.55 1 0
banka1/market-service-go/internal/http/handlers.go:222.55,224.3 1 0
banka1/market-service-go/internal/http/handlers.go:225.2,225.55 1 0
banka1/market-service-go/internal/http/handlers.go:225.55,227.3 1 0
banka1/market-service-go/internal/http/handlers.go:228.2,228.55 1 0
banka1/market-service-go/internal/http/handlers.go:228.55,230.3 1 0
banka1/market-service-go/internal/http/handlers.go:231.2,231.58 1 0
banka1/market-service-go/internal/http/handlers.go:231.58,234.3 2 0
banka1/market-service-go/internal/http/handlers.go:235.2,235.58 1 0
banka1/market-service-go/internal/http/handlers.go:235.58,238.3 2 0
banka1/market-service-go/internal/http/handlers.go:239.2,239.67 1 0
banka1/market-service-go/internal/http/handlers.go:239.67,242.3 2 0
banka1/market-service-go/internal/http/handlers.go:243.2,243.65 1 0
banka1/market-service-go/internal/http/handlers.go:243.65,246.3 2 0
banka1/market-service-go/internal/http/handlers.go:247.2,248.16 2 0
banka1/market-service-go/internal/http/handlers.go:248.16,251.3 2 0
banka1/market-service-go/internal/http/handlers.go:252.2,252.39 1 0
banka1/market-service-go/internal/http/handlers.go:255.77,257.72 2 0
banka1/market-service-go/internal/http/handlers.go:257.72,258.55 1 0
banka1/market-service-go/internal/http/handlers.go:258.55,261.4 2 0
banka1/market-service-go/internal/http/handlers.go:262.3,264.17 3 0
banka1/market-service-go/internal/http/handlers.go:264.17,265.54 1 0
banka1/market-service-go/internal/http/handlers.go:265.54,268.5 2 0
banka1/market-service-go/internal/http/handlers.go:269.4,270.10 2 0
banka1/market-service-go/internal/http/handlers.go:272.3,273.9 2 0
banka1/market-service-go/internal/http/handlers.go:275.2,276.16 2 0
banka1/market-service-go/internal/http/handlers.go:276.16,279.3 2 0
banka1/market-service-go/internal/http/handlers.go:280.2,281.18 2 0
banka1/market-service-go/internal/http/handlers.go:281.18,284.3 2 0
banka1/market-service-go/internal/http/handlers.go:285.2,286.161 2 0
banka1/market-service-go/internal/http/handlers.go:286.161,289.3 2 0
banka1/market-service-go/internal/http/handlers.go:290.2,291.16 2 0
banka1/market-service-go/internal/http/handlers.go:291.16,294.3 2 0
banka1/market-service-go/internal/http/handlers.go:295.2,295.39 1 0
banka1/market-service-go/internal/http/handlers.go:298.85,300.72 2 0
banka1/market-service-go/internal/http/handlers.go:300.72,303.17 3 0
banka1/market-service-go/internal/http/handlers.go:303.17,304.54 1 0
banka1/market-service-go/internal/http/handlers.go:304.54,307.5 2 0
banka1/market-service-go/internal/http/handlers.go:308.4,309.10 2 0
banka1/market-service-go/internal/http/handlers.go:311.3,312.9 2 0
banka1/market-service-go/internal/http/handlers.go:314.2,314.21 1 0
banka1/market-service-go/internal/http/handlers.go:317.69,319.16 2 0
banka1/market-service-go/internal/http/handlers.go:319.16,322.3 2 0
banka1/market-service-go/internal/http/handlers.go:323.2,323.40 1 0
banka1/market-service-go/internal/http/handlers.go:326.78,329.16 3 0
banka1/market-service-go/internal/http/handlers.go:329.16,332.3 2 0
banka1/market-service-go/internal/http/handlers.go:333.2,333.39 1 0
banka1/market-service-go/internal/http/handlers.go:336.70,338.2 1 0
banka1/market-service-go/internal/http/handlers.go:340.82,342.2 1 1
banka1/market-service-go/internal/http/handlers.go:344.94,346.25 2 1
banka1/market-service-go/internal/http/handlers.go:346.25,349.3 2 1
banka1/market-service-go/internal/http/handlers.go:350.2,351.16 2 0
banka1/market-service-go/internal/http/handlers.go:351.16,354.3 2 0
banka1/market-service-go/internal/http/handlers.go:355.2,355.41 1 0
banka1/market-service-go/internal/http/handlers.go:358.71,360.16 2 0
banka1/market-service-go/internal/http/handlers.go:360.16,363.3 2 0
banka1/market-service-go/internal/http/handlers.go:364.2,364.41 1 0
banka1/market-service-go/internal/http/handlers.go:367.81,369.16 2 0
banka1/market-service-go/internal/http/handlers.go:369.16,372.3 2 0
banka1/market-service-go/internal/http/handlers.go:373.2,373.39 1 0
banka1/market-service-go/internal/http/handlers.go:376.77,377.12 1 0
banka1/market-service-go/internal/http/handlers.go:377.12,379.3 1 0
banka1/market-service-go/internal/http/handlers.go:380.2,380.136 1 0
banka1/market-service-go/internal/http/handlers.go:383.80,384.59 1 0
banka1/market-service-go/internal/http/handlers.go:384.59,387.17 3 0
banka1/market-service-go/internal/http/handlers.go:387.17,390.4 2 0
banka1/market-service-go/internal/http/handlers.go:391.3,392.9 2 0
banka1/market-service-go/internal/http/handlers.go:394.2,394.21 1 0
banka1/market-service-go/internal/http/handlers.go:397.76,399.9 2 0
banka1/market-service-go/internal/http/handlers.go:399.9,402.3 2 0
banka1/market-service-go/internal/http/handlers.go:403.2,404.16 2 0
banka1/market-service-go/internal/http/handlers.go:404.16,407.3 2 0
banka1/market-service-go/internal/http/handlers.go:408.2,409.31 2 0
banka1/market-service-go/internal/http/handlers.go:409.31,411.3 1 0
banka1/market-service-go/internal/http/handlers.go:412.2,412.38 1 0
banka1/market-service-go/internal/http/handlers.go:415.77,417.9 2 0
banka1/market-service-go/internal/http/handlers.go:417.9,420.3 2 0
banka1/market-service-go/internal/http/handlers.go:421.2,422.61 2 0
banka1/market-service-go/internal/http/handlers.go:422.61,425.3 2 0
banka1/market-service-go/internal/http/handlers.go:426.2,427.9 2 0
banka1/market-service-go/internal/http/handlers.go:427.9,430.3 2 0
banka1/market-service-go/internal/http/handlers.go:431.2,432.77 2 0
banka1/market-service-go/internal/http/handlers.go:435.80,437.16 2 0
banka1/market-service-go/internal/http/handlers.go:437.16,440.3 2 0
banka1/market-service-go/internal/http/handlers.go:441.2,442.9 2 0
banka1/market-service-go/internal/http/handlers.go:442.9,445.3 2 0
banka1/market-service-go/internal/http/handlers.go:446.2,446.18 1 0
banka1/market-service-go/internal/http/handlers.go:447.24,449.73 2 0
banka1/market-service-go/internal/http/handlers.go:450.25,452.60 2 0
banka1/market-service-go/internal/http/handlers.go:453.10,454.22 1 0
banka1/market-service-go/internal/http/handlers.go:458.75,460.9 2 0
banka1/market-service-go/internal/http/handlers.go:460.9,463.3 2 0
banka1/market-service-go/internal/http/handlers.go:464.2,465.16 2 0
banka1/market-service-go/internal/http/handlers.go:465.16,468.3 2 0
banka1/market-service-go/internal/http/handlers.go:469.2,470.29 2 0
banka1/market-service-go/internal/http/handlers.go:470.29,472.3 1 0
banka1/market-service-go/internal/http/handlers.go:473.2,473.38 1 0
banka1/market-service-go/internal/http/handlers.go:476.76,478.9 2 0
banka1/market-service-go/internal/http/handlers.go:478.9,481.3 2 0
banka1/market-service-go/internal/http/handlers.go:482.2,483.61 2 0
banka1/market-service-go/internal/http/handlers.go:483.61,486.3 2 0
banka1/market-service-go/internal/http/handlers.go:487.2,488.75 2 0
banka1/market-service-go/internal/http/handlers.go:491.79,494.39 3 0
banka1/market-service-go/internal/http/handlers.go:494.39,497.3 2 0
banka1/market-service-go/internal/http/handlers.go:498.2,499.16 2 0
banka1/market-service-go/internal/http/handlers.go:499.16,502.3 2 0
banka1/market-service-go/internal/http/handlers.go:503.2,504.9 2 0
banka1/market-service-go/internal/http/handlers.go:504.9,507.3 2 0
banka1/market-service-go/internal/http/handlers.go:508.2,508.54 1 0
banka1/market-service-go/internal/http/handlers.go:508.54,511.3 2 0
banka1/market-service-go/internal/http/handlers.go:512.2,512.74 1 0
banka1/market-service-go/internal/http/handlers.go:512.74,514.10 2 0
banka1/market-service-go/internal/http/handlers.go:514.10,516.4 1 0
banka1/market-service-go/internal/http/handlers.go:517.3,518.17 2 0
banka1/market-service-go/internal/http/handlers.go:518.17,521.4 2 0
banka1/market-service-go/internal/http/handlers.go:522.3,523.30 2 0
banka1/market-service-go/internal/http/handlers.go:523.30,525.4 1 0
banka1/market-service-go/internal/http/handlers.go:526.3,527.9 2 0
banka1/market-service-go/internal/http/handlers.go:529.2,529.75 1 0
banka1/market-service-go/internal/http/handlers.go:529.75,531.62 2 0
banka1/market-service-go/internal/http/handlers.go:531.62,534.4 2 0
banka1/market-service-go/internal/http/handlers.go:535.3,537.9 3 0
banka1/market-service-go/internal/http/handlers.go:539.2,539.77 1 0
banka1/market-service-go/internal/http/handlers.go:539.77,541.17 2 0
banka1/market-service-go/internal/http/handlers.go:541.17,544.4 2 0
banka1/market-service-go/internal/http/handlers.go:545.3,546.9 2 0
banka1/market-service-go/internal/http/handlers.go:548.2,548.21 1 0
banka1/market-service-go/internal/http/handlers.go:551.73,553.16 2 0
banka1/market-service-go/internal/http/handlers.go:553.16,556.3 2 0
banka1/market-service-go/internal/http/handlers.go:557.2,558.29 2 0
banka1/market-service-go/internal/http/handlers.go:558.29,560.3 1 0
banka1/market-service-go/internal/http/handlers.go:561.2,561.38 1 0
banka1/market-service-go/internal/http/handlers.go:564.51,565.17 1 1
banka1/market-service-go/internal/http/handlers.go:565.17,567.3 1 1
banka1/market-service-go/internal/http/handlers.go:568.2,568.14 1 0
banka1/market-service-go/internal/http/handlers.go:571.56,573.9 2 0
banka1/market-service-go/internal/http/handlers.go:573.9,575.3 1 0
banka1/market-service-go/internal/http/handlers.go:576.2,577.24 2 0
banka1/market-service-go/internal/http/handlers.go:578.15,581.32 3 0
banka1/market-service-go/internal/http/handlers.go:582.20,584.32 2 0
banka1/market-service-go/internal/http/handlers.go:585.15,586.32 1 0
banka1/market-service-go/internal/http/handlers.go:587.24,588.39 1 0
banka1/market-service-go/internal/http/handlers.go:590.2,590.29 1 0
banka1/market-service-go/internal/http/handlers.go:590.29,591.33 1 0
banka1/market-service-go/internal/http/handlers.go:591.33,593.4 1 0
banka1/market-service-go/internal/http/handlers.go:595.2,595.14 1 0
banka1/market-service-go/internal/http/handlers.go:598.52,599.57 1 0
banka1/market-service-go/internal/http/handlers.go:600.16,601.23 1 0
banka1/market-service-go/internal/http/handlers.go:602.15,603.22 1 0
banka1/market-service-go/internal/http/handlers.go:604.16,605.23 1 0
banka1/market-service-go/internal/http/handlers.go:606.71,607.34 1 0
banka1/market-service-go/internal/http/handlers.go:608.10,609.128 1 0
banka1/market-service-go/internal/http/handlers.go:613.59,614.54 1 0
banka1/market-service-go/internal/http/handlers.go:615.21,616.59 1 0
banka1/market-service-go/internal/http/handlers.go:617.10,618.107 1 0
banka1/market-service-go/internal/http/handlers.go:629.81,635.40 6 1
banka1/market-service-go/internal/http/handlers.go:635.40,637.3 1 1
banka1/market-service-go/internal/http/handlers.go:638.2,638.38 1 1
banka1/market-service-go/internal/http/handlers.go:638.38,640.3 1 1
banka1/market-service-go/internal/http/handlers.go:641.2,642.73 2 1
banka1/market-service-go/internal/http/handlers.go:642.73,644.3 1 1
banka1/market-service-go/internal/http/handlers.go:645.2,645.20 1 1
banka1/market-service-go/internal/http/handlers.go:645.20,646.63 1 0
banka1/market-service-go/internal/http/handlers.go:646.63,648.4 1 0
banka1/market-service-go/internal/http/handlers.go:650.2,650.120 1 1
banka1/market-service-go/internal/http/handlers.go:653.45,654.32 1 1
banka1/market-service-go/internal/http/handlers.go:655.62,656.14 1 0
banka1/market-service-go/internal/http/handlers.go:657.10,658.15 1 1
banka1/market-service-go/internal/http/handlers.go:662.55,664.9 2 0
banka1/market-service-go/internal/http/handlers.go:665.42,666.121 1 0
banka1/market-service-go/internal/http/handlers.go:667.51,668.121 1 0
banka1/market-service-go/internal/http/handlers.go:669.149,670.129 1 0
banka1/market-service-go/internal/http/handlers.go:671.10,672.103 1 0
banka1/market-service-go/internal/http/handlers.go:676.100,677.16 1 0
banka1/market-service-go/internal/http/handlers.go:677.16,678.10 1 0
banka1/market-service-go/internal/http/handlers.go:679.45,680.71 1 0
banka1/market-service-go/internal/http/handlers.go:681.43,682.77 1 0
banka1/market-service-go/internal/http/handlers.go:683.43,684.78 1 0
banka1/market-service-go/internal/http/handlers.go:685.11,686.86 1 0
banka1/market-service-go/internal/http/handlers.go:688.3,688.9 1 0
banka1/market-service-go/internal/http/handlers.go:690.2,690.36 1 0
banka1/market-service-go/internal/http/handlers.go:690.36,693.3 2 0
banka1/market-service-go/internal/http/handlers.go:694.2,694.33 1 0
banka1/market-service-go/internal/http/handlers.go:697.40,698.81 1 0
banka1/market-service-go/internal/http/handlers.go:698.81,700.3 1 0
banka1/market-service-go/internal/http/handlers.go:701.2,701.19 1 0
banka1/market-service-go/internal/http/handlers.go:704.56,706.34 2 0
banka1/market-service-go/internal/http/handlers.go:706.34,708.3 1 0
banka1/market-service-go/internal/http/handlers.go:709.2,709.35 1 0
banka1/market-service-go/internal/http/handlers.go:709.35,711.53 2 0
banka1/market-service-go/internal/http/handlers.go:711.53,713.4 1 0
banka1/market-service-go/internal/http/handlers.go:714.3,714.66 1 0
banka1/market-service-go/internal/http/handlers.go:716.2,716.19 1 0
banka1/market-service-go/internal/http/handlers.go:719.53,720.18 1 0
banka1/market-service-go/internal/http/handlers.go:720.18,722.3 1 0
banka1/market-service-go/internal/http/handlers.go:723.2,724.12 2 0
banka1/market-service-go/internal/http/handlers.go:727.64,729.34 2 0
banka1/market-service-go/internal/http/handlers.go:729.34,732.3 2 0
banka1/market-service-go/internal/http/handlers.go:733.2,744.3 1 0
banka1/market-service-go/internal/http/handlers.go:747.50,748.17 1 0
banka1/market-service-go/internal/http/handlers.go:748.17,750.3 1 0
banka1/market-service-go/internal/http/handlers.go:751.2,752.12 2 0
banka1/market-service-go/internal/http/handlers.go:755.60,763.2 1 0
banka1/market-service-go/internal/http/handlers.go:765.58,766.17 1 0
banka1/market-service-go/internal/http/handlers.go:766.17,768.3 1 0
banka1/market-service-go/internal/http/handlers.go:769.2,770.12 2 0
banka1/market-service-go/internal/http/handlers.go:773.72,786.2 1 0
banka1/market-service-go/internal/http/handlers.go:788.69,796.2 1 0
banka1/market-service-go/internal/http/handlers.go:798.97,800.15 2 0
banka1/market-service-go/internal/http/handlers.go:800.15,802.3 1 0
banka1/market-service-go/internal/http/handlers.go:803.2,804.15 2 0
banka1/market-service-go/internal/http/handlers.go:805.109,806.22 1 0
banka1/market-service-go/internal/http/handlers.go:807.10,809.20 2 0
banka1/market-service-go/internal/http/handlers.go:813.40,815.2 1 0
banka1/market-service-go/internal/http/handlers.go:817.47,818.36 1 0
banka1/market-service-go/internal/http/handlers.go:818.36,820.3 1 0
banka1/market-service-go/internal/http/handlers.go:821.2,821.41 1 0
banka1/market-service-go/internal/http/handlers.go:824.50,826.2 1 0
banka1/market-service-go/internal/http/router.go:20.128,23.60 2 1
banka1/market-service-go/internal/http/router.go:23.60,25.3 1 1
banka1/market-service-go/internal/http/router.go:27.2,28.15 2 1
banka1/market-service-go/internal/http/router.go:28.15,30.3 1 0
banka1/market-service-go/internal/http/router.go:31.2,46.67 6 1
banka1/market-service-go/internal/http/router.go:46.67,47.30 1 1
banka1/market-service-go/internal/http/router.go:47.30,49.4 1 1
banka1/market-service-go/internal/http/router.go:52.3,52.113 1 1
banka1/market-service-go/internal/http/router.go:52.113,53.39 1 1
banka1/market-service-go/internal/http/router.go:53.39,55.5 1 0
banka1/market-service-go/internal/http/router.go:57.3,57.40 1 1
banka1/market-service-go/internal/http/router.go:60.2,69.41 3 1
banka1/market-service-go/internal/http/routes.go:10.174,12.57 2 1
banka1/market-service-go/internal/http/routes.go:12.57,14.3 1 1
banka1/market-service-go/internal/http/routes.go:16.2,45.153 30 1
banka1/market-service-go/internal/fx/repository.go:15.50,17.2 1 0
banka1/market-service-go/internal/fx/repository.go:19.98,22.16 2 0
banka1/market-service-go/internal/fx/repository.go:22.16,24.3 1 0
banka1/market-service-go/internal/fx/repository.go:25.2,27.18 3 0
banka1/market-service-go/internal/fx/repository.go:27.18,33.109 6 0
banka1/market-service-go/internal/fx/repository.go:33.109,35.4 1 0
banka1/market-service-go/internal/fx/repository.go:36.3,40.26 5 0
banka1/market-service-go/internal/fx/repository.go:42.2,42.24 1 0
banka1/market-service-go/internal/fx/repository.go:45.74,49.2 3 0
banka1/market-service-go/internal/fx/repository.go:51.129,53.16 2 0
banka1/market-service-go/internal/fx/repository.go:53.16,55.3 1 0
banka1/market-service-go/internal/fx/repository.go:56.2,57.125 2 0
banka1/market-service-go/internal/fx/repository.go:57.125,59.3 1 0
banka1/market-service-go/internal/fx/repository.go:60.2,60.29 1 0
banka1/market-service-go/internal/fx/repository.go:60.29,62.105 1 0
banka1/market-service-go/internal/fx/repository.go:62.105,64.4 1 0
banka1/market-service-go/internal/fx/repository.go:66.2,66.39 1 0
banka1/market-service-go/internal/fx/repository.go:66.39,68.3 1 0
banka1/market-service-go/internal/fx/repository.go:69.2,69.44 1 0
banka1/market-service-go/internal/fx/service.go:26.65,32.2 1 1
banka1/market-service-go/internal/fx/service.go:34.63,36.2 1 1
banka1/market-service-go/internal/fx/service.go:38.90,40.16 2 0
banka1/market-service-go/internal/fx/service.go:40.16,42.3 1 0
banka1/market-service-go/internal/fx/service.go:43.2,44.16 2 0
banka1/market-service-go/internal/fx/service.go:44.16,46.3 1 0
banka1/market-service-go/internal/fx/service.go:47.2,47.19 1 0
banka1/market-service-go/internal/fx/service.go:50.102,52.16 2 0
banka1/market-service-go/internal/fx/service.go:52.16,54.3 1 0
banka1/market-service-go/internal/fx/service.go:55.2,55.44 1 0
banka1/market-service-go/internal/fx/service.go:55.44,58.3 2 0
banka1/market-service-go/internal/fx/service.go:59.2,60.16 2 0
banka1/market-service-go/internal/fx/service.go:60.16,62.3 1 0
banka1/market-service-go/internal/fx/service.go:63.2,63.29 1 0
banka1/market-service-go/internal/fx/service.go:63.29,64.57 1 0
banka1/market-service-go/internal/fx/service.go:64.57,66.4 1 0
banka1/market-service-go/internal/fx/service.go:68.2,68.104 1 0
banka1/market-service-go/internal/fx/service.go:71.158,73.16 2 1
banka1/market-service-go/internal/fx/service.go:73.16,75.3 1 1
banka1/market-service-go/internal/fx/service.go:76.2,78.32 3 1
banka1/market-service-go/internal/fx/service.go:78.32,80.17 2 1
banka1/market-service-go/internal/fx/service.go:80.17,82.4 1 0
banka1/market-service-go/internal/fx/service.go:83.3,91.9 1 1
banka1/market-service-go/internal/fx/service.go:93.2,94.16 2 0
banka1/market-service-go/internal/fx/service.go:94.16,96.3 1 0
banka1/market-service-go/internal/fx/service.go:97.2,99.27 3 0
banka1/market-service-go/internal/fx/service.go:99.27,101.17 2 0
banka1/market-service-go/internal/fx/service.go:101.17,103.4 1 0
banka1/market-service-go/internal/fx/service.go:104.3,104.33 1 0
banka1/market-service-go/internal/fx/service.go:106.2,106.25 1 0
banka1/market-service-go/internal/fx/service.go:106.25,108.17 2 0
banka1/market-service-go/internal/fx/service.go:108.17,110.4 1 0
banka1/market-service-go/internal/fx/service.go:111.3,111.35 1 0
banka1/market-service-go/internal/fx/service.go:113.2,114.27 2 0
banka1/market-service-go/internal/fx/service.go:114.27,116.3 1 0
banka1/market-service-go/internal/fx/service.go:117.2,118.25 2 0
banka1/market-service-go/internal/fx/service.go:118.25,120.3 1 0
banka1/market-service-go/internal/fx/service.go:120.8,122.3 1 0
banka1/market-service-go/internal/fx/service.go:123.2,125.23 3 0
banka1/market-service-go/internal/fx/service.go:125.23,127.3 1 0
banka1/market-service-go/internal/fx/service.go:128.2,136.8 1 0
banka1/market-service-go/internal/fx/service.go:139.88,141.56 2 0
banka1/market-service-go/internal/fx/service.go:141.56,142.24 1 0
banka1/market-service-go/internal/fx/service.go:142.24,143.12 1 0
banka1/market-service-go/internal/fx/service.go:145.3,146.17 2 0
banka1/market-service-go/internal/fx/service.go:146.17,148.4 1 0
banka1/market-service-go/internal/fx/service.go:149.3,149.18 1 0
banka1/market-service-go/internal/fx/service.go:149.18,151.4 1 0
banka1/market-service-go/internal/fx/service.go:152.3,157.5 1 0
banka1/market-service-go/internal/fx/service.go:159.2,159.23 1 0
banka1/market-service-go/internal/fx/service.go:159.23,161.3 1 0
banka1/market-service-go/internal/fx/service.go:162.2,163.35 2 0
banka1/market-service-go/internal/fx/service.go:163.35,164.35 1 0
banka1/market-service-go/internal/fx/service.go:164.35,166.4 1 0
banka1/market-service-go/internal/fx/service.go:168.2,169.16 2 0
banka1/market-service-go/internal/fx/service.go:169.16,171.3 1 0
banka1/market-service-go/internal/fx/service.go:172.2,177.8 1 0
banka1/market-service-go/internal/fx/service.go:180.61,181.30 1 1
banka1/market-service-go/internal/fx/service.go:181.30,183.3 1 1
banka1/market-service-go/internal/fx/service.go:184.2,185.12 2 0
banka1/market-service-go/internal/fx/service.go:188.96,189.39 1 1
banka1/market-service-go/internal/fx/service.go:189.39,191.3 1 1
banka1/market-service-go/internal/fx/service.go:192.2,193.16 2 0
banka1/market-service-go/internal/fx/service.go:193.16,195.3 1 0
banka1/market-service-go/internal/fx/service.go:196.2,196.23 1 0
banka1/market-service-go/internal/fx/service.go:196.23,198.3 1 0
banka1/market-service-go/internal/fx/service.go:199.2,199.102 1 0
banka1/market-service-go/internal/fx/service.go:202.106,205.16 3 0
banka1/market-service-go/internal/fx/service.go:205.16,207.3 1 0
banka1/market-service-go/internal/fx/service.go:208.2,208.31 1 0
banka1/market-service-go/internal/fx/service.go:208.31,210.3 1 0
banka1/market-service-go/internal/fx/service.go:211.2,212.16 2 0
banka1/market-service-go/internal/fx/service.go:212.16,214.3 1 0
banka1/market-service-go/internal/fx/service.go:215.2,215.29 1 0
banka1/market-service-go/internal/fx/service.go:215.29,217.3 1 0
banka1/market-service-go/internal/fx/service.go:218.2,219.37 2 0
banka1/market-service-go/internal/fx/service.go:219.37,226.3 1 0
banka1/market-service-go/internal/fx/service.go:227.2,228.16 2 0
banka1/market-service-go/internal/fx/service.go:228.16,230.3 1 0
banka1/market-service-go/internal/fx/service.go:231.2,236.8 1 0
banka1/market-service-go/internal/fx/service.go:239.83,241.2 1 1
banka1/market-service-go/internal/fx/service.go:243.84,245.2 1 1
banka1/market-service-go/internal/fx/service.go:247.57,249.2 1 1
banka1/market-service-go/internal/fx/service.go:251.61,253.2 1 1
banka1/market-service-go/internal/fx/service.go:255.48,263.2 1 1
banka1/market-service-go/internal/market/import.go:65.119,66.38 1 0
banka1/market-service-go/internal/market/import.go:66.38,68.3 1 0
banka1/market-service-go/internal/market/import.go:69.2,70.16 2 0
banka1/market-service-go/internal/market/import.go:70.16,72.3 1 0
banka1/market-service-go/internal/market/import.go:73.2,76.16 3 0
banka1/market-service-go/internal/market/import.go:76.16,78.3 1 0
banka1/market-service-go/internal/market/import.go:80.2,83.27 4 0
banka1/market-service-go/internal/market/import.go:83.27,85.51 2 0
banka1/market-service-go/internal/market/import.go:85.51,87.4 1 0
banka1/market-service-go/internal/market/import.go:88.3,89.22 2 0
banka1/market-service-go/internal/market/import.go:89.22,90.66 1 0
banka1/market-service-go/internal/market/import.go:90.66,92.5 1 0
banka1/market-service-go/internal/market/import.go:93.4,94.12 2 0
banka1/market-service-go/internal/market/import.go:96.3,97.45 2 0
banka1/market-service-go/internal/market/import.go:97.45,99.12 2 0
banka1/market-service-go/internal/market/import.go:101.3,101.65 1 0
banka1/market-service-go/internal/market/import.go:101.65,103.4 1 0
banka1/market-service-go/internal/market/import.go:104.3,104.12 1 0
banka1/market-service-go/internal/market/import.go:107.2,113.8 1 0
banka1/market-service-go/internal/market/import.go:116.64,118.46 2 0
banka1/market-service-go/internal/market/import.go:118.46,127.3 3 0
banka1/market-service-go/internal/market/import.go:128.2,128.39 1 0
banka1/market-service-go/internal/market/import.go:128.39,129.41 1 0
banka1/market-service-go/internal/market/import.go:129.41,130.12 1 0
banka1/market-service-go/internal/market/import.go:132.3,133.17 2 0
banka1/market-service-go/internal/market/import.go:133.17,135.4 1 0
banka1/market-service-go/internal/market/import.go:137.2,137.87 1 0
banka1/market-service-go/internal/market/import.go:140.92,144.16 4 1
banka1/market-service-go/internal/market/import.go:144.16,146.3 1 0
banka1/market-service-go/internal/market/import.go:147.2,147.23 1 1
banka1/market-service-go/internal/market/import.go:147.23,149.3 1 0
banka1/market-service-go/internal/market/import.go:150.2,152.32 3 1
banka1/market-service-go/internal/market/import.go:152.32,153.40 1 1
banka1/market-service-go/internal/market/import.go:153.40,155.4 1 0
banka1/market-service-go/internal/market/import.go:157.2,159.37 3 1
banka1/market-service-go/internal/market/import.go:159.37,161.28 2 1
banka1/market-service-go/internal/market/import.go:161.28,162.12 1 0
banka1/market-service-go/internal/market/import.go:164.3,165.17 2 1
banka1/market-service-go/internal/market/import.go:165.17,167.4 1 0
banka1/market-service-go/internal/market/import.go:168.3,168.48 1 1
banka1/market-service-go/internal/market/import.go:168.48,170.4 1 0
banka1/market-service-go/internal/market/import.go:171.3,172.27 2 1
banka1/market-service-go/internal/market/import.go:174.2,174.18 1 1
banka1/market-service-go/internal/market/import.go:177.54,179.29 2 1
banka1/market-service-go/internal/market/import.go:179.29,181.3 1 1
banka1/market-service-go/internal/market/import.go:182.2,182.16 1 1
banka1/market-service-go/internal/market/import.go:185.113,187.16 2 1
banka1/market-service-go/internal/market/import.go:187.16,189.3 1 0
banka1/market-service-go/internal/market/import.go:190.2,191.16 2 1
banka1/market-service-go/internal/market/import.go:191.16,193.3 1 0
banka1/market-service-go/internal/market/import.go:194.2,195.16 2 1
banka1/market-service-go/internal/market/import.go:195.16,197.3 1 0
banka1/market-service-go/internal/market/import.go:198.2,199.16 2 1
banka1/market-service-go/internal/market/import.go:199.16,201.3 1 0
banka1/market-service-go/internal/market/import.go:202.2,203.16 2 1
banka1/market-service-go/internal/market/import.go:203.16,205.3 1 0
banka1/market-service-go/internal/market/import.go:206.2,207.16 2 1
banka1/market-service-go/internal/market/import.go:207.16,209.3 1 0
banka1/market-service-go/internal/market/import.go:210.2,211.16 2 1
banka1/market-service-go/internal/market/import.go:211.16,213.3 1 0
banka1/market-service-go/internal/market/import.go:214.2,215.16 2 1
banka1/market-service-go/internal/market/import.go:215.16,217.3 1 0
banka1/market-service-go/internal/market/import.go:218.2,219.16 2 1
banka1/market-service-go/internal/market/import.go:219.16,221.3 1 0
banka1/market-service-go/internal/market/import.go:222.2,223.16 2 1
banka1/market-service-go/internal/market/import.go:223.16,225.3 1 0
banka1/market-service-go/internal/market/import.go:226.2,227.16 2 1
banka1/market-service-go/internal/market/import.go:227.16,229.3 1 0
banka1/market-service-go/internal/market/import.go:230.2,231.16 2 1
banka1/market-service-go/internal/market/import.go:231.16,233.3 1 0
banka1/market-service-go/internal/market/import.go:234.2,248.8 1 1
banka1/market-service-go/internal/market/import.go:251.120,253.36 2 1
banka1/market-service-go/internal/market/import.go:253.36,255.3 1 0
banka1/market-service-go/internal/market/import.go:256.2,256.38 1 1
banka1/market-service-go/internal/market/import.go:259.84,261.33 2 1
banka1/market-service-go/internal/market/import.go:261.33,263.3 1 1
banka1/market-service-go/internal/market/import.go:264.2,264.41 1 1
banka1/market-service-go/internal/market/import.go:267.124,269.17 2 1
banka1/market-service-go/internal/market/import.go:269.17,271.3 1 0
banka1/market-service-go/internal/market/import.go:272.2,272.54 1 1
banka1/market-service-go/internal/market/import.go:275.98,276.36 1 1
banka1/market-service-go/internal/market/import.go:276.36,278.3 1 1
banka1/market-service-go/internal/market/import.go:279.2,280.16 2 1
banka1/market-service-go/internal/market/import.go:280.16,282.3 1 1
banka1/market-service-go/internal/market/import.go:283.2,283.25 1 1
banka1/market-service-go/internal/market/import.go:286.93,288.16 2 1
banka1/market-service-go/internal/market/import.go:288.16,290.3 1 1
banka1/market-service-go/internal/market/import.go:291.2,291.39 1 1
banka1/market-service-go/internal/market/import.go:294.46,295.51 1 1
banka1/market-service-go/internal/market/import.go:296.30,297.14 1 1
banka1/market-service-go/internal/market/import.go:298.26,299.15 1 1
banka1/market-service-go/internal/market/import.go:300.10,301.14 1 1
banka1/market-service-go/internal/market/import.go:305.42,306.31 1 1
banka1/market-service-go/internal/market/import.go:306.31,307.37 1 1
banka1/market-service-go/internal/market/import.go:307.37,309.4 1 1
banka1/market-service-go/internal/market/import.go:311.2,311.13 1 1
banka1/market-service-go/internal/market/import.go:314.67,332.2 3 1
banka1/market-service-go/internal/market/import.go:334.49,336.19 2 1
banka1/market-service-go/internal/market/import.go:336.19,338.3 1 0
banka1/market-service-go/internal/market/import.go:339.2,340.51 2 1
banka1/market-service-go/internal/market/import.go:340.51,342.3 1 0
banka1/market-service-go/internal/market/import.go:343.2,343.70 1 1
banka1/market-service-go/internal/market/import.go:343.70,345.3 1 1
banka1/market-service-go/internal/market/import.go:346.2,346.16 1 1
banka1/market-service-go/internal/market/import.go:349.58,363.2 1 0
banka1/market-service-go/internal/market/import.go:365.47,366.33 1 0
banka1/market-service-go/internal/market/import.go:366.33,368.3 1 0
banka1/market-service-go/internal/market/import.go:369.2,369.24 1 0
banka1/market-service-go/internal/market/import.go:372.103,374.16 2 0
banka1/market-service-go/internal/market/import.go:374.16,376.3 1 0
banka1/market-service-go/internal/market/import.go:377.2,378.31 2 0
banka1/market-service-go/internal/market/import.go:378.31,380.17 2 0
banka1/market-service-go/internal/market/import.go:380.17,382.4 1 0
banka1/market-service-go/internal/market/import.go:382.9,384.4 1 0
banka1/market-service-go/internal/market/import.go:385.3,385.25 1 0
banka1/market-service-go/internal/market/import.go:385.25,386.11 1 0
banka1/market-service-go/internal/market/import.go:387.22,388.26 1 0
banka1/market-service-go/internal/market/import.go:389.40,389.40 0 0
banka1/market-service-go/internal/market/import.go:393.2,393.17 1 0
banka1/market-service-go/internal/market/import.go:396.66,398.16 2 0
banka1/market-service-go/internal/market/import.go:398.16,400.3 1 0
banka1/market-service-go/internal/market/import.go:401.2,404.29 4 0
banka1/market-service-go/internal/market/import.go:404.29,405.27 1 0
banka1/market-service-go/internal/market/import.go:406.25,407.18 1 0
banka1/market-service-go/internal/market/import.go:407.18,408.13 1 0
banka1/market-service-go/internal/market/import.go:410.45,412.11 2 0
banka1/market-service-go/internal/market/import.go:412.11,414.19 2 0
banka1/market-service-go/internal/market/import.go:414.19,415.14 1 0
banka1/market-service-go/internal/market/import.go:417.5,418.48 2 0
banka1/market-service-go/internal/market/import.go:420.4,420.55 1 0
banka1/market-service-go/internal/market/import.go:420.55,421.13 1 0
banka1/market-service-go/internal/market/import.go:424.3,424.40 1 0
banka1/market-service-go/internal/market/import.go:426.2,426.79 1 0
banka1/market-service-go/internal/market/import.go:426.79,428.3 1 0
banka1/market-service-go/internal/market/import.go:429.2,429.12 1 0
banka1/market-service-go/internal/market/pricefeed.go:32.97,34.16 2 0
banka1/market-service-go/internal/market/pricefeed.go:34.16,35.23 1 0
banka1/market-service-go/internal/market/pricefeed.go:35.23,37.4 1 0
banka1/market-service-go/internal/market/pricefeed.go:38.3,38.18 1 0
banka1/market-service-go/internal/market/pricefeed.go:40.2,41.55 2 0
banka1/market-service-go/internal/market/pricefeed.go:41.55,43.3 1 0
banka1/market-service-go/internal/market/pricefeed.go:44.2,44.23 1 0
banka1/market-service-go/internal/market/pricefeed.go:47.122,49.16 2 0
banka1/market-service-go/internal/market/pricefeed.go:49.16,51.3 1 0
banka1/market-service-go/internal/market/pricefeed.go:52.2,52.47 1 0
banka1/market-service-go/internal/market/pricefeed.go:64.86,72.2 1 1
banka1/market-service-go/internal/market/pricefeed.go:74.74,76.2 1 0
banka1/market-service-go/internal/market/pricefeed.go:78.59,80.2 1 1
banka1/market-service-go/internal/market/pricefeed.go:82.99,84.33 2 1
banka1/market-service-go/internal/market/pricefeed.go:84.33,86.19 2 1
banka1/market-service-go/internal/market/pricefeed.go:86.19,87.12 1 1
banka1/market-service-go/internal/market/pricefeed.go:89.3,90.30 2 1
banka1/market-service-go/internal/market/pricefeed.go:92.2,92.12 1 1
banka1/market-service-go/internal/market/pricefeed.go:95.101,97.21 2 1
banka1/market-service-go/internal/market/pricefeed.go:97.21,99.36 2 1
banka1/market-service-go/internal/market/pricefeed.go:99.36,101.4 1 1
banka1/market-service-go/internal/market/pricefeed.go:102.3,102.17 1 1
banka1/market-service-go/internal/market/pricefeed.go:102.17,104.4 1 1
banka1/market-service-go/internal/market/pricefeed.go:106.2,109.47 4 1
banka1/market-service-go/internal/market/pricefeed.go:109.47,111.3 1 1
banka1/market-service-go/internal/market/pricefeed.go:112.2,112.21 1 1
banka1/market-service-go/internal/market/pricefeed.go:112.21,114.33 2 1
banka1/market-service-go/internal/market/pricefeed.go:114.33,127.4 3 0
banka1/market-service-go/internal/market/pricefeed.go:129.2,140.23 3 1
banka1/market-service-go/internal/market/pricefeed.go:143.106,144.21 1 1
banka1/market-service-go/internal/market/pricefeed.go:144.21,145.97 1 1
banka1/market-service-go/internal/market/pricefeed.go:145.97,147.4 1 1
banka1/market-service-go/internal/market/pricefeed.go:147.9,149.4 1 1
banka1/market-service-go/internal/market/pricefeed.go:151.2,153.15 3 1
banka1/market-service-go/internal/market/pricefeed.go:156.65,157.50 1 1
banka1/market-service-go/internal/market/pricefeed.go:157.50,159.3 1 1
banka1/market-service-go/internal/market/pricefeed.go:160.2,166.45 2 0
banka1/market-service-go/internal/market/pricefeed.go:169.37,171.2 1 1
banka1/market-service-go/internal/market/publisher.go:15.91,17.2 1 0
banka1/market-service-go/internal/market/publisher.go:19.130,21.2 1 0
banka1/market-service-go/internal/market/repository.go:34.50,36.2 1 0
banka1/market-service-go/internal/market/repository.go:66.87,71.16 2 0
banka1/market-service-go/internal/market/repository.go:71.16,73.3 1 0
banka1/market-service-go/internal/market/repository.go:74.2,76.18 3 0
banka1/market-service-go/internal/market/repository.go:76.18,80.85 2 0
banka1/market-service-go/internal/market/repository.go:80.85,82.4 1 0
banka1/market-service-go/internal/market/repository.go:83.3,83.26 1 0
banka1/market-service-go/internal/market/repository.go:85.2,85.24 1 0
banka1/market-service-go/internal/market/repository.go:88.94,97.16 3 0
banka1/market-service-go/internal/market/repository.go:97.16,99.3 1 0
banka1/market-service-go/internal/market/repository.go:100.2,100.19 1 0
banka1/market-service-go/internal/market/repository.go:103.82,111.16 3 0
banka1/market-service-go/internal/market/repository.go:111.16,113.3 1 0
banka1/market-service-go/internal/market/repository.go:114.2,114.19 1 0
banka1/market-service-go/internal/market/repository.go:117.89,121.2 3 0
banka1/market-service-go/internal/market/repository.go:123.181,126.27 3 0
banka1/market-service-go/internal/market/repository.go:126.27,130.3 3 0
banka1/market-service-go/internal/market/repository.go:131.2,131.25 1 0
banka1/market-service-go/internal/market/repository.go:131.25,135.3 3 0
banka1/market-service-go/internal/market/repository.go:136.2,136.28 1 0
banka1/market-service-go/internal/market/repository.go:136.28,139.3 2 0
banka1/market-service-go/internal/market/repository.go:140.2,140.28 1 0
banka1/market-service-go/internal/market/repository.go:140.28,143.3 2 0
banka1/market-service-go/internal/market/repository.go:144.2,144.26 1 0
banka1/market-service-go/internal/market/repository.go:144.26,147.3 2 0
banka1/market-service-go/internal/market/repository.go:148.2,148.26 1 0
banka1/market-service-go/internal/market/repository.go:148.26,151.3 2 0
banka1/market-service-go/internal/market/repository.go:152.2,152.26 1 0
banka1/market-service-go/internal/market/repository.go:152.26,155.3 2 0
banka1/market-service-go/internal/market/repository.go:156.2,156.26 1 0
banka1/market-service-go/internal/market/repository.go:156.26,159.3 2 0
banka1/market-service-go/internal/market/repository.go:160.2,160.29 1 0
banka1/market-service-go/internal/market/repository.go:160.29,163.3 2 0
banka1/market-service-go/internal/market/repository.go:164.2,164.29 1 0
banka1/market-service-go/internal/market/repository.go:164.29,167.3 2 0
banka1/market-service-go/internal/market/repository.go:168.2,168.75 1 0
banka1/market-service-go/internal/market/repository.go:168.75,171.3 2 0
banka1/market-service-go/internal/market/repository.go:172.2,172.73 1 0
banka1/market-service-go/internal/market/repository.go:172.73,175.3 2 0
banka1/market-service-go/internal/market/repository.go:176.2,179.96 4 0
banka1/market-service-go/internal/market/repository.go:179.96,181.3 1 0
banka1/market-service-go/internal/market/repository.go:182.2,183.18 2 0
banka1/market-service-go/internal/market/repository.go:183.18,185.47 2 0
banka1/market-service-go/internal/market/repository.go:185.47,187.4 1 0
banka1/market-service-go/internal/market/repository.go:188.3,188.17 1 0
banka1/market-service-go/internal/market/repository.go:189.59,190.39 1 0
banka1/market-service-go/internal/market/repository.go:193.2,197.16 3 0
banka1/market-service-go/internal/market/repository.go:197.16,199.3 1 0
banka1/market-service-go/internal/market/repository.go:200.2,202.18 3 0
banka1/market-service-go/internal/market/repository.go:202.18,205.159 2 0
banka1/market-service-go/internal/market/repository.go:205.159,207.4 1 0
banka1/market-service-go/internal/market/repository.go:208.3,208.26 1 0
banka1/market-service-go/internal/market/repository.go:210.2,210.31 1 0
banka1/market-service-go/internal/market/repository.go:213.120,216.16 2 0
banka1/market-service-go/internal/market/repository.go:216.16,218.3 1 0
banka1/market-service-go/internal/market/repository.go:219.2,221.18 3 0
banka1/market-service-go/internal/market/repository.go:221.18,223.110 2 0
banka1/market-service-go/internal/market/repository.go:223.110,225.4 1 0
banka1/market-service-go/internal/market/repository.go:226.3,226.26 1 0
banka1/market-service-go/internal/market/repository.go:228.2,228.24 1 0
banka1/market-service-go/internal/market/repository.go:231.102,259.16 4 0
banka1/market-service-go/internal/market/repository.go:259.16,261.3 1 0
banka1/market-service-go/internal/market/repository.go:262.2,262.18 1 0
banka1/market-service-go/internal/market/repository.go:279.99,283.16 2 0
banka1/market-service-go/internal/market/repository.go:283.16,285.3 1 0
banka1/market-service-go/internal/market/repository.go:286.2,288.18 3 0
banka1/market-service-go/internal/market/repository.go:288.18,291.91 2 0
banka1/market-service-go/internal/market/repository.go:291.91,293.4 1 0
banka1/market-service-go/internal/market/repository.go:294.3,294.26 1 0
banka1/market-service-go/internal/market/repository.go:296.2,296.24 1 0
banka1/market-service-go/internal/market/repository.go:299.172,303.2 2 0
banka1/market-service-go/internal/market/repository.go:305.147,311.2 2 0
banka1/market-service-go/internal/market/repository.go:313.78,317.16 2 0
banka1/market-service-go/internal/market/repository.go:317.16,319.3 1 0
banka1/market-service-go/internal/market/repository.go:320.2,322.18 3 0
banka1/market-service-go/internal/market/repository.go:322.18,325.137 2 0
banka1/market-service-go/internal/market/repository.go:325.137,327.4 1 0
banka1/market-service-go/internal/market/repository.go:328.3,328.26 1 0
banka1/market-service-go/internal/market/repository.go:330.2,330.24 1 0
banka1/market-service-go/internal/market/repository.go:333.96,336.2 2 0
banka1/market-service-go/internal/market/repository.go:338.80,340.2 1 0
banka1/market-service-go/internal/market/repository.go:342.102,346.16 2 0
banka1/market-service-go/internal/market/repository.go:346.16,348.3 1 0
banka1/market-service-go/internal/market/repository.go:349.2,351.18 3 0
banka1/market-service-go/internal/market/repository.go:351.18,354.137 2 0
banka1/market-service-go/internal/market/repository.go:354.137,356.4 1 0
banka1/market-service-go/internal/market/repository.go:357.3,357.26 1 0
banka1/market-service-go/internal/market/repository.go:359.2,359.24 1 0
banka1/market-service-go/internal/market/repository.go:369.11,381.16 3 0
banka1/market-service-go/internal/market/repository.go:381.16,383.3 1 0
banka1/market-service-go/internal/market/repository.go:384.2,384.18 1 0
banka1/market-service-go/internal/market/repository.go:387.137,390.2 2 0
banka1/market-service-go/internal/market/repository.go:392.81,396.2 3 0
banka1/market-service-go/internal/market/repository.go:398.101,407.16 3 0
banka1/market-service-go/internal/market/repository.go:407.16,409.3 1 0
banka1/market-service-go/internal/market/repository.go:410.2,410.19 1 0
banka1/market-service-go/internal/market/repository.go:413.93,423.2 2 0
banka1/market-service-go/internal/market/repository.go:425.93,435.2 2 0
banka1/market-service-go/internal/market/repository.go:437.81,441.2 3 0
banka1/market-service-go/internal/market/repository.go:443.101,447.16 2 0
banka1/market-service-go/internal/market/repository.go:447.16,449.3 1 0
banka1/market-service-go/internal/market/repository.go:450.2,451.30 2 0
banka1/market-service-go/internal/market/repository.go:454.99,462.16 2 0
banka1/market-service-go/internal/market/repository.go:462.16,464.3 1 0
banka1/market-service-go/internal/market/repository.go:465.2,465.20 1 0
banka1/market-service-go/internal/market/repository.go:468.109,475.16 3 0
banka1/market-service-go/internal/market/repository.go:475.16,477.3 1 0
banka1/market-service-go/internal/market/repository.go:478.2,478.20 1 0
banka1/market-service-go/internal/market/repository.go:481.102,483.16 2 0
banka1/market-service-go/internal/market/repository.go:483.16,485.3 1 0
banka1/market-service-go/internal/market/repository.go:486.2,486.36 1 0
banka1/market-service-go/internal/market/repository.go:489.87,493.16 2 0
banka1/market-service-go/internal/market/repository.go:493.16,495.3 1 0
banka1/market-service-go/internal/market/repository.go:496.2,497.30 2 0
banka1/market-service-go/internal/market/repository.go:500.110,503.2 2 0
banka1/market-service-go/internal/market/repository.go:505.59,507.18 2 0
banka1/market-service-go/internal/market/repository.go:507.18,510.94 2 0
banka1/market-service-go/internal/market/repository.go:510.94,512.4 1 0
banka1/market-service-go/internal/market/repository.go:513.3,513.26 1 0
banka1/market-service-go/internal/market/repository.go:515.2,515.24 1 0
banka1/market-service-go/internal/market/repository.go:518.99,524.16 2 0
banka1/market-service-go/internal/market/repository.go:524.16,526.3 1 0
banka1/market-service-go/internal/market/repository.go:527.2,529.18 3 0
banka1/market-service-go/internal/market/repository.go:529.18,531.105 2 0
banka1/market-service-go/internal/market/repository.go:531.105,533.4 1 0
banka1/market-service-go/internal/market/repository.go:534.3,534.26 1 0
banka1/market-service-go/internal/market/repository.go:536.2,536.24 1 0
banka1/market-service-go/internal/market/repository.go:539.127,544.16 3 0
banka1/market-service-go/internal/market/repository.go:544.16,546.3 1 0
banka1/market-service-go/internal/market/repository.go:547.2,547.19 1 0
banka1/market-service-go/internal/market/repository.go:550.105,554.2 3 0
banka1/market-service-go/internal/market/repository.go:556.105,558.16 2 0
banka1/market-service-go/internal/market/repository.go:558.16,560.3 1 0
banka1/market-service-go/internal/market/repository.go:561.2,563.157 3 0
banka1/market-service-go/internal/market/repository.go:563.157,565.3 1 0
banka1/market-service-go/internal/market/repository.go:566.2,566.106 1 0
banka1/market-service-go/internal/market/repository.go:566.106,568.3 1 0
banka1/market-service-go/internal/market/repository.go:569.2,570.43 2 0
banka1/market-service-go/internal/market/repository.go:570.43,572.3 1 0
banka1/market-service-go/internal/market/repository.go:573.2,573.29 1 0
banka1/market-service-go/internal/market/repository.go:576.106,584.16 2 0
banka1/market-service-go/internal/market/repository.go:584.16,586.3 1 0
banka1/market-service-go/internal/market/repository.go:587.2,589.18 3 0
banka1/market-service-go/internal/market/repository.go:589.18,595.40 2 0
banka1/market-service-go/internal/market/repository.go:595.40,597.4 1 0
banka1/market-service-go/internal/market/repository.go:598.3,598.26 1 0
banka1/market-service-go/internal/market/repository.go:600.2,600.24 1 0
banka1/market-service-go/internal/market/repository.go:603.136,608.16 3 0
banka1/market-service-go/internal/market/repository.go:608.16,610.3 1 0
banka1/market-service-go/internal/market/repository.go:611.2,612.16 2 0
banka1/market-service-go/internal/market/repository.go:612.16,614.3 1 0
banka1/market-service-go/internal/market/repository.go:615.2,616.19 2 0
banka1/market-service-go/internal/market/repository.go:619.109,621.16 2 0
banka1/market-service-go/internal/market/repository.go:621.16,623.3 1 0
banka1/market-service-go/internal/market/repository.go:624.2,624.36 1 0
banka1/market-service-go/internal/market/repository.go:627.40,630.2 2 0
banka1/market-service-go/internal/market/repository.go:632.84,639.16 2 0
banka1/market-service-go/internal/market/repository.go:639.16,641.3 1 0
banka1/market-service-go/internal/market/repository.go:642.2,644.18 3 0
banka1/market-service-go/internal/market/repository.go:644.18,646.116 2 0
banka1/market-service-go/internal/market/repository.go:646.116,648.4 1 0
banka1/market-service-go/internal/market/repository.go:649.3,649.26 1 0
banka1/market-service-go/internal/market/repository.go:651.2,651.24 1 0
banka1/market-service-go/internal/market/service.go:46.109,54.2 1 0
banka1/market-service-go/internal/market/service.go:56.70,58.2 1 0
banka1/market-service-go/internal/market/service.go:60.73,62.2 1 0
banka1/market-service-go/internal/market/service.go:64.110,66.16 2 0
banka1/market-service-go/internal/market/service.go:66.16,68.3 1 0
banka1/market-service-go/internal/market/service.go:69.2,70.16 2 0
banka1/market-service-go/internal/market/service.go:70.16,72.3 1 0
banka1/market-service-go/internal/market/service.go:73.2,79.19 7 0
banka1/market-service-go/internal/market/service.go:79.19,81.3 1 0
banka1/market-service-go/internal/market/service.go:82.2,104.8 1 0
banka1/market-service-go/internal/market/service.go:107.96,109.16 2 0
banka1/market-service-go/internal/market/service.go:109.16,111.3 1 0
banka1/market-service-go/internal/market/service.go:112.2,113.29 2 0
banka1/market-service-go/internal/market/service.go:113.29,130.3 1 0
banka1/market-service-go/internal/market/service.go:131.2,131.17 1 0
banka1/market-service-go/internal/market/service.go:134.118,136.16 2 0
banka1/market-service-go/internal/market/service.go:136.16,138.3 1 0
banka1/market-service-go/internal/market/service.go:139.2,141.16 3 0
banka1/market-service-go/internal/market/service.go:141.16,143.3 1 0
banka1/market-service-go/internal/market/service.go:144.2,149.8 1 0
banka1/market-service-go/internal/market/service.go:152.120,154.16 2 0
banka1/market-service-go/internal/market/service.go:154.16,156.3 1 0
banka1/market-service-go/internal/market/service.go:157.2,158.16 2 0
banka1/market-service-go/internal/market/service.go:158.16,160.3 1 0
banka1/market-service-go/internal/market/service.go:161.2,162.31 2 0
banka1/market-service-go/internal/market/service.go:162.31,174.3 2 0
banka1/market-service-go/internal/market/service.go:175.2,200.25 4 0
banka1/market-service-go/internal/market/service.go:201.24,215.17 10 0
banka1/market-service-go/internal/market/service.go:215.17,217.4 1 0
banka1/market-service-go/internal/market/service.go:218.26,230.35 8 0
banka1/market-service-go/internal/market/service.go:230.35,233.4 2 0
banka1/market-service-go/internal/market/service.go:234.24,248.31 8 0
banka1/market-service-go/internal/market/service.go:249.16,258.35 9 0
banka1/market-service-go/internal/market/service.go:258.35,261.4 2 0
banka1/market-service-go/internal/market/service.go:262.3,262.34 1 0
banka1/market-service-go/internal/market/service.go:262.34,265.4 2 0
banka1/market-service-go/internal/market/service.go:266.3,267.32 2 0
banka1/market-service-go/internal/market/service.go:268.10,269.40 1 0
banka1/market-service-go/internal/market/service.go:271.2,271.18 1 0
banka1/market-service-go/internal/market/service.go:274.187,276.16 2 0
banka1/market-service-go/internal/market/service.go:276.16,278.3 1 0
banka1/market-service-go/internal/market/service.go:279.2,280.29 2 0
banka1/market-service-go/internal/market/service.go:280.29,283.75 3 0
banka1/market-service-go/internal/market/service.go:283.75,286.4 2 0
banka1/market-service-go/internal/market/service.go:287.3,299.5 1 0
banka1/market-service-go/internal/market/service.go:301.2,313.8 1 0
banka1/market-service-go/internal/market/service.go:316.109,318.16 2 0
banka1/market-service-go/internal/market/service.go:318.16,320.3 1 0
banka1/market-service-go/internal/market/service.go:321.2,323.29 3 0
banka1/market-service-go/internal/market/service.go:324.24,326.33 2 0
banka1/market-service-go/internal/market/service.go:326.33,328.4 1 0
banka1/market-service-go/internal/market/service.go:329.3,330.28 2 0
banka1/market-service-go/internal/market/service.go:330.28,332.4 1 0
banka1/market-service-go/internal/market/service.go:333.3,333.223 1 0
banka1/market-service-go/internal/market/service.go:333.223,335.4 1 0
banka1/market-service-go/internal/market/service.go:336.3,336.206 1 0
banka1/market-service-go/internal/market/service.go:336.206,338.4 1 0
banka1/market-service-go/internal/market/service.go:339.24,341.22 2 0
banka1/market-service-go/internal/market/service.go:341.22,343.4 1 0
banka1/market-service-go/internal/market/service.go:344.3,345.32 2 0
banka1/market-service-go/internal/market/service.go:345.32,347.4 1 0
banka1/market-service-go/internal/market/service.go:348.3,349.28 2 0
banka1/market-service-go/internal/market/service.go:349.28,351.4 1 0
banka1/market-service-go/internal/market/service.go:352.3,354.25 3 0
banka1/market-service-go/internal/market/service.go:354.25,356.4 1 0
banka1/market-service-go/internal/market/service.go:357.3,357.111 1 0
banka1/market-service-go/internal/market/service.go:357.111,359.4 1 0
banka1/market-service-go/internal/market/service.go:360.3,360.231 1 0
banka1/market-service-go/internal/market/service.go:360.231,362.4 1 0
banka1/market-service-go/internal/market/service.go:363.3,363.214 1 0
banka1/market-service-go/internal/market/service.go:363.214,365.4 1 0
banka1/market-service-go/internal/market/service.go:366.10,367.106 1 0
banka1/market-service-go/internal/market/service.go:369.2,375.8 1 0
banka1/market-service-go/internal/market/service.go:378.121,380.16 2 0
banka1/market-service-go/internal/market/service.go:380.16,382.3 1 0
banka1/market-service-go/internal/market/service.go:383.2,384.32 2 0
banka1/market-service-go/internal/market/service.go:384.32,386.3 1 0
banka1/market-service-go/internal/market/service.go:387.2,388.16 2 0
banka1/market-service-go/internal/market/service.go:388.16,390.3 1 0
banka1/market-service-go/internal/market/service.go:391.2,392.16 2 0
banka1/market-service-go/internal/market/service.go:392.16,394.3 1 0
banka1/market-service-go/internal/market/service.go:395.2,396.21 2 0
banka1/market-service-go/internal/market/service.go:396.21,398.17 2 0
banka1/market-service-go/internal/market/service.go:398.17,400.4 1 0
banka1/market-service-go/internal/market/service.go:401.3,401.211 1 0
banka1/market-service-go/internal/market/service.go:401.211,403.4 1 0
banka1/market-service-go/internal/market/service.go:405.2,405.225 1 0
banka1/market-service-go/internal/market/service.go:405.225,407.3 1 0
banka1/market-service-go/internal/market/service.go:408.2,409.40 2 0
banka1/market-service-go/internal/market/service.go:409.40,409.85 1 0
banka1/market-service-go/internal/market/service.go:410.2,410.21 1 0
banka1/market-service-go/internal/market/service.go:410.21,412.3 1 0
banka1/market-service-go/internal/market/service.go:413.2,413.31 1 0
banka1/market-service-go/internal/market/service.go:413.31,415.25 2 0
banka1/market-service-go/internal/market/service.go:415.25,417.4 1 0
banka1/market-service-go/internal/market/service.go:418.3,421.49 4 0
banka1/market-service-go/internal/market/service.go:421.49,426.4 4 0
banka1/market-service-go/internal/market/service.go:427.3,427.188 1 0
banka1/market-service-go/internal/market/service.go:427.188,429.4 1 0
banka1/market-service-go/internal/market/service.go:430.3,430.10 1 0
banka1/market-service-go/internal/market/service.go:432.2,438.8 1 0
banka1/market-service-go/internal/market/service.go:441.94,442.17 1 1
banka1/market-service-go/internal/market/service.go:442.17,444.3 1 1
banka1/market-service-go/internal/market/service.go:445.2,445.98 1 1
banka1/market-service-go/internal/market/service.go:445.98,447.3 1 1
banka1/market-service-go/internal/market/service.go:448.2,448.66 1 1
banka1/market-service-go/internal/market/service.go:448.66,450.3 1 1
banka1/market-service-go/internal/market/service.go:451.2,451.100 1 1
banka1/market-service-go/internal/market/service.go:451.100,453.3 1 0
banka1/market-service-go/internal/market/service.go:454.2,454.26 1 1
banka1/market-service-go/internal/market/service.go:457.67,458.38 1 1
banka1/market-service-go/internal/market/service.go:458.38,460.3 1 1
banka1/market-service-go/internal/market/service.go:461.2,462.16 2 1
banka1/market-service-go/internal/market/service.go:462.16,464.3 1 1
banka1/market-service-go/internal/market/service.go:465.2,466.16 2 1
banka1/market-service-go/internal/market/service.go:466.16,468.3 1 0
banka1/market-service-go/internal/market/service.go:469.2,469.20 1 1
banka1/market-service-go/internal/market/service.go:469.20,471.3 1 1
banka1/market-service-go/internal/market/service.go:472.2,475.17 4 1
banka1/market-service-go/internal/market/service.go:475.17,477.3 1 1
banka1/market-service-go/internal/market/service.go:478.2,478.42 1 1
banka1/market-service-go/internal/market/service.go:481.42,482.21 1 1
banka1/market-service-go/internal/market/service.go:482.21,484.3 1 1
banka1/market-service-go/internal/market/service.go:485.2,485.14 1 1
banka1/market-service-go/internal/market/service.go:488.58,489.16 1 1
banka1/market-service-go/internal/market/service.go:490.14,491.31 1 1
banka1/market-service-go/internal/market/service.go:492.15,493.31 1 1
banka1/market-service-go/internal/market/service.go:494.14,495.31 1 1
banka1/market-service-go/internal/market/service.go:496.20,497.31 1 1
banka1/market-service-go/internal/market/service.go:498.13,499.53 1 1
banka1/market-service-go/internal/market/service.go:500.10,501.31 1 1
banka1/market-service-go/internal/market/service.go:505.79,507.9 2 1
banka1/market-service-go/internal/market/service.go:507.9,509.3 1 1
banka1/market-service-go/internal/market/service.go:510.2,510.15 1 1
banka1/market-service-go/internal/market/service.go:513.83,517.23 4 1
banka1/market-service-go/internal/market/service.go:517.23,519.3 1 1
banka1/market-service-go/internal/market/service.go:520.2,521.20 2 1
banka1/market-service-go/internal/market/service.go:524.76,526.2 1 1
banka1/market-service-go/internal/market/service.go:528.109,530.21 2 1
banka1/market-service-go/internal/market/service.go:531.26,533.26 2 1
banka1/market-service-go/internal/market/service.go:533.26,535.4 1 1
banka1/market-service-go/internal/market/service.go:536.3,536.125 1 1
banka1/market-service-go/internal/market/service.go:537.24,538.123 1 1
banka1/market-service-go/internal/market/service.go:539.10,540.93 1 1
banka1/market-service-go/internal/market/service.go:544.109,547.33 3 1
banka1/market-service-go/internal/market/service.go:547.33,550.10 3 1
banka1/market-service-go/internal/market/service.go:550.10,554.4 3 1
banka1/market-service-go/internal/market/service.go:555.3,557.28 3 1
banka1/market-service-go/internal/market/service.go:558.15,559.44 1 1
banka1/market-service-go/internal/market/service.go:560.14,561.41 1 1
banka1/market-service-go/internal/market/service.go:563.3,576.34 2 1
banka1/market-service-go/internal/market/service.go:576.34,578.4 1 1
banka1/market-service-go/internal/market/service.go:578.9,580.4 1 1
banka1/market-service-go/internal/market/service.go:582.2,583.28 2 1
banka1/market-service-go/internal/market/service.go:583.28,585.3 1 1
banka1/market-service-go/internal/market/service.go:586.2,586.12 1 1
banka1/market-service-go/internal/market/service.go:589.31,589.44 1 1
banka1/market-service-go/internal/market/service.go:590.33,591.14 1 0
banka1/market-service-go/internal/market/service.go:591.14,593.3 1 0
banka1/market-service-go/internal/market/service.go:594.2,594.11 1 0
banka1/market-service-go/internal/market/service.go:596.33,597.14 1 0
banka1/market-service-go/internal/market/service.go:597.14,599.3 1 0
banka1/market-service-go/internal/market/service.go:600.2,600.11 1 0
banka1/market-service-go/internal/market/service.go:602.36,603.14 1 0
banka1/market-service-go/internal/market/service.go:603.14,605.3 1 0
banka1/market-service-go/internal/market/service.go:606.2,606.11 1 0
banka1/market-service-go/internal/market/service.go:608.41,609.14 1 0
banka1/market-service-go/internal/market/service.go:609.14,611.3 1 0
banka1/market-service-go/internal/market/service.go:612.2,612.31 1 0
banka1/market-service-go/internal/market/service.go:614.32,614.44 1 1
banka1/market-service-go/internal/market/service.go:615.35,616.13 1 0
banka1/market-service-go/internal/market/service.go:616.13,618.3 1 0
banka1/market-service-go/internal/market/service.go:619.2,619.11 1 0
banka1/market-service-go/internal/market/service.go:621.50,622.27 1 0
banka1/market-service-go/internal/market/service.go:622.27,624.3 1 0
banka1/market-service-go/internal/market/service.go:625.2,625.11 1 0
banka1/market-service-go/internal/market/service.go:627.35,629.2 1 0
banka1/market-service-go/internal/market/service.go:631.43,632.15 1 0
banka1/market-service-go/internal/market/service.go:632.15,634.3 1 0
banka1/market-service-go/internal/market/service.go:635.2,636.28 2 0
banka1/market-service-go/internal/market/service.go:636.28,638.3 1 0
banka1/market-service-go/internal/market/service.go:639.2,639.19 1 0
banka1/market-service-go/internal/market/service.go:642.86,644.16 2 1
banka1/market-service-go/internal/market/service.go:644.16,646.3 1 1
banka1/market-service-go/internal/market/service.go:647.2,650.24 4 1
banka1/market-service-go/internal/market/service.go:650.24,652.3 1 1
banka1/market-service-go/internal/market/service.go:653.2,655.32 3 1
banka1/market-service-go/internal/market/service.go:658.40,660.2 1 1
banka1/market-service-go/internal/market/service.go:662.47,663.17 1 1
banka1/market-service-go/internal/market/service.go:663.17,665.3 1 1
banka1/market-service-go/internal/market/service.go:666.2,666.41 1 1
banka1/market-service-go/internal/market/service.go:669.50,671.2 1 1
banka1/market-service-go/internal/market/service.go:673.92,675.2 1 0
banka1/market-service-go/internal/market/service.go:677.198,678.55 1 0
banka1/market-service-go/internal/market/service.go:678.55,680.3 1 0
banka1/market-service-go/internal/market/service.go:681.2,682.59 2 0
banka1/market-service-go/internal/market/service.go:682.59,684.3 1 0
banka1/market-service-go/internal/market/service.go:685.2,686.16 2 0
banka1/market-service-go/internal/market/service.go:686.16,688.3 1 0
banka1/market-service-go/internal/market/service.go:689.2,690.16 2 0
banka1/market-service-go/internal/market/service.go:690.16,692.3 1 0
banka1/market-service-go/internal/market/service.go:693.2,693.13 1 0
banka1/market-service-go/internal/market/service.go:693.13,695.3 1 0
banka1/market-service-go/internal/market/service.go:696.2,705.4 1 0
banka1/market-service-go/internal/market/service.go:708.101,710.35 2 0
banka1/market-service-go/internal/market/service.go:710.35,712.3 1 0
banka1/market-service-go/internal/market/service.go:713.2,713.19 1 0
banka1/market-service-go/internal/market/service.go:716.86,718.16 2 0
banka1/market-service-go/internal/market/service.go:718.16,720.3 1 0
banka1/market-service-go/internal/market/service.go:721.2,721.14 1 0
banka1/market-service-go/internal/market/service.go:721.14,723.3 1 0
banka1/market-service-go/internal/market/service.go:724.2,724.12 1 0
banka1/market-service-go/internal/market/service.go:727.79,729.16 2 0
banka1/market-service-go/internal/market/service.go:729.16,731.3 1 0
banka1/market-service-go/internal/market/service.go:732.2,733.31 2 0
banka1/market-service-go/internal/market/service.go:733.31,735.17 2 0
banka1/market-service-go/internal/market/service.go:735.17,736.12 1 0
banka1/market-service-go/internal/market/service.go:738.3,739.17 2 0
banka1/market-service-go/internal/market/service.go:739.17,740.36 1 0
banka1/market-service-go/internal/market/service.go:740.36,742.5 1 0
banka1/market-service-go/internal/market/service.go:743.4,743.12 1 0
banka1/market-service-go/internal/market/service.go:745.3,745.35 1 0
banka1/market-service-go/internal/market/service.go:745.35,746.12 1 0
banka1/market-service-go/internal/market/service.go:748.3,749.80 2 0
banka1/market-service-go/internal/market/service.go:749.80,750.12 1 0
banka1/market-service-go/internal/market/service.go:752.3,752.30 1 0
banka1/market-service-go/internal/market/service.go:752.30,753.130 1 0
banka1/market-service-go/internal/market/service.go:753.130,755.5 1 0
banka1/market-service-go/internal/market/service.go:757.3,757.10 1 0
banka1/market-service-go/internal/market/service.go:759.2,759.19 1 0
banka1/market-service-go/internal/market/service.go:762.90,764.2 1 0
banka1/market-service-go/internal/market/service.go:766.103,768.35 2 0
banka1/market-service-go/internal/market/service.go:768.35,770.3 1 0
banka1/market-service-go/internal/market/service.go:771.2,772.17 2 0
banka1/market-service-go/internal/market/service.go:772.17,774.3 1 0
banka1/market-service-go/internal/market/service.go:775.2,775.18 1 0
banka1/market-service-go/internal/market/service.go:778.89,780.16 2 0
banka1/market-service-go/internal/market/service.go:780.16,782.3 1 0
banka1/market-service-go/internal/market/service.go:783.2,783.14 1 0
banka1/market-service-go/internal/market/service.go:783.14,785.3 1 0
banka1/market-service-go/internal/market/service.go:786.2,786.12 1 0
banka1/market-service-go/internal/market/service.go:789.132,791.16 2 0
banka1/market-service-go/internal/market/service.go:791.16,793.3 1 0
banka1/market-service-go/internal/market/service.go:794.2,794.13 1 0
banka1/market-service-go/internal/market/service.go:794.13,796.3 1 0
banka1/market-service-go/internal/market/service.go:797.2,798.16 2 0
banka1/market-service-go/internal/market/service.go:798.16,800.3 1 0
banka1/market-service-go/internal/market/service.go:801.2,801.19 1 0
banka1/market-service-go/internal/market/service.go:801.19,803.3 1 0
banka1/market-service-go/internal/market/service.go:804.2,805.29 2 0
banka1/market-service-go/internal/market/service.go:805.29,806.42 1 0
banka1/market-service-go/internal/market/service.go:806.42,808.4 1 0
banka1/market-service-go/internal/market/service.go:810.2,810.17 1 0
banka1/market-service-go/internal/market/service.go:813.119,815.16 2 0
banka1/market-service-go/internal/market/service.go:815.16,817.3 1 0
banka1/market-service-go/internal/market/service.go:818.2,818.13 1 0
banka1/market-service-go/internal/market/service.go:818.13,820.3 1 0
banka1/market-service-go/internal/market/service.go:821.2,822.16 2 0
banka1/market-service-go/internal/market/service.go:822.16,824.3 1 0
banka1/market-service-go/internal/market/service.go:825.2,825.20 1 0
banka1/market-service-go/internal/market/service.go:825.20,827.3 1 0
banka1/market-service-go/internal/market/service.go:828.2,829.28 2 0
banka1/market-service-go/internal/market/service.go:829.28,831.3 1 0
banka1/market-service-go/internal/market/service.go:832.2,832.18 1 0
banka1/market-service-go/internal/market/service.go:835.101,837.16 2 0
banka1/market-service-go/internal/market/service.go:837.16,839.3 1 0
banka1/market-service-go/internal/market/service.go:840.2,840.13 1 0
banka1/market-service-go/internal/market/service.go:840.13,842.3 1 0
banka1/market-service-go/internal/market/service.go:843.2,844.16 2 0
banka1/market-service-go/internal/market/service.go:844.16,846.3 1 0
banka1/market-service-go/internal/market/service.go:847.2,847.14 1 0
banka1/market-service-go/internal/market/service.go:847.14,849.3 1 0
banka1/market-service-go/internal/market/service.go:850.2,850.12 1 0
banka1/market-service-go/internal/market/service.go:853.81,855.2 1 0
banka1/market-service-go/internal/market/service.go:857.62,859.2 1 0
banka1/market-service-go/internal/market/service.go:861.62,863.20 2 1
banka1/market-service-go/internal/market/service.go:864.40,865.25 1 1
banka1/market-service-go/internal/market/service.go:866.10,867.27 1 1
banka1/market-service-go/internal/market/service.go:871.61,874.25 3 1
banka1/market-service-go/internal/market/service.go:875.23,876.45 1 1
banka1/market-service-go/internal/market/service.go:877.23,878.42 1 1
banka1/market-service-go/internal/market/service.go:879.33,881.62 2 1
banka1/market-service-go/internal/market/service.go:882.10,883.15 1 1
banka1/market-service-go/internal/market/service.go:887.89,889.54 2 1
banka1/market-service-go/internal/market/service.go:889.54,892.3 2 1
banka1/market-service-go/internal/market/service.go:893.2,905.3 1 1
banka1/market-service-go/internal/api/contracts.go:5.13,7.2 1 0
banka1/market-service-go/cmd/server/main.go:20.13,27.66 5 0
banka1/market-service-go/cmd/server/main.go:27.66,30.3 2 0
banka1/market-service-go/cmd/server/main.go:31.2,32.16 2 0
banka1/market-service-go/cmd/server/main.go:32.16,35.3 2 0
banka1/market-service-go/cmd/server/main.go:36.2,37.70 2 0
banka1/market-service-go/cmd/server/main.go:37.70,40.3 2 0
banka1/market-service-go/cmd/server/main.go:42.2,43.16 2 0
banka1/market-service-go/cmd/server/main.go:43.16,46.3 2 0
banka1/market-service-go/cmd/server/main.go:47.2,58.16 6 0
banka1/market-service-go/cmd/server/main.go:58.16,61.3 2 0
banka1/market-service-go/cmd/server/main.go:62.2,64.12 2 0
banka1/market-service-go/cmd/server/main.go:64.12,66.84 2 0
banka1/market-service-go/cmd/server/main.go:66.84,69.4 2 0
banka1/market-service-go/cmd/server/main.go:72.2,72.12 1 0
banka1/market-service-go/cmd/server/main.go:72.12,74.53 2 0
banka1/market-service-go/cmd/server/main.go:74.53,77.4 2 0
banka1/market-service-go/cmd/server/main.go:80.2,85.24 5 0
banka1/market-service-go/internal/platform/config.go:61.26,104.2 1 0
banka1/market-service-go/internal/platform/config.go:106.38,108.2 1 0
banka1/market-service-go/internal/platform/config.go:110.42,111.61 1 0
banka1/market-service-go/internal/platform/config.go:111.61,113.3 1 0
banka1/market-service-go/internal/platform/config.go:114.2,114.17 1 0
banka1/market-service-go/internal/platform/config.go:117.49,119.17 2 0
banka1/market-service-go/internal/platform/config.go:119.17,121.3 1 0
banka1/market-service-go/internal/platform/config.go:122.2,123.16 2 0
banka1/market-service-go/internal/platform/config.go:123.16,125.3 1 0
banka1/market-service-go/internal/platform/config.go:126.2,126.15 1 0
banka1/market-service-go/internal/platform/config.go:129.46,131.17 2 0
banka1/market-service-go/internal/platform/config.go:131.17,133.3 1 0
banka1/market-service-go/internal/platform/config.go:134.2,135.16 2 0
banka1/market-service-go/internal/platform/config.go:135.16,137.3 1 0
banka1/market-service-go/internal/platform/config.go:138.2,138.15 1 0
banka1/market-service-go/internal/platform/config.go:141.38,144.29 3 0
banka1/market-service-go/internal/platform/config.go:144.29,146.17 2 0
banka1/market-service-go/internal/platform/config.go:146.17,148.4 1 0
banka1/market-service-go/internal/platform/config.go:150.2,150.12 1 0
banka1/market-service-go/internal/platform/db.go:11.68,14.16 3 0
banka1/market-service-go/internal/platform/db.go:14.16,16.3 1 0
banka1/market-service-go/internal/platform/db.go:17.2,18.39 2 0
banka1/market-service-go/internal/platform/db.go:18.39,20.3 1 0
banka1/market-service-go/internal/platform/db.go:22.2,23.132 2 0
banka1/market-service-go/internal/platform/db.go:23.132,25.3 1 0
banka1/market-service-go/internal/platform/db.go:26.2,26.12 1 0
banka1/market-service-go/internal/platform/db.go:26.12,28.3 1 0
banka1/market-service-go/internal/platform/db.go:30.2,31.12 2 0
banka1/market-service-go/internal/platform/db.go:34.83,36.16 2 0
banka1/market-service-go/internal/platform/db.go:36.16,38.3 1 0
banka1/market-service-go/internal/platform/db.go:39.2,40.16 2 0
banka1/market-service-go/internal/platform/db.go:40.16,42.3 1 0
banka1/market-service-go/internal/platform/db.go:43.2,43.39 1 0
banka1/market-service-go/internal/platform/db.go:43.39,46.3 2 0
banka1/market-service-go/internal/platform/db.go:47.2,47.18 1 0
banka1/market-service-go/internal/platform/db.go:50.53,52.2 1 0
banka1/market-service-go/internal/platform/db.go:54.48,56.2 1 0
banka1/market-service-go/internal/platform/migrations.go:12.77,17.19 1 0
banka1/market-service-go/internal/platform/migrations.go:17.19,19.3 1 0
banka1/market-service-go/internal/platform/migrations.go:21.2,21.65 1 0
banka1/market-service-go/internal/platform/migrations.go:21.65,23.3 1 0
banka1/market-service-go/internal/platform/migrations.go:25.2,26.16 2 0
banka1/market-service-go/internal/platform/migrations.go:26.16,28.3 1 0
banka1/market-service-go/internal/platform/migrations.go:29.2,30.32 2 0
banka1/market-service-go/internal/platform/migrations.go:30.32,31.61 1 0
banka1/market-service-go/internal/platform/migrations.go:31.61,33.4 1 0
banka1/market-service-go/internal/platform/migrations.go:35.2,37.29 2 0
banka1/market-service-go/internal/platform/migrations.go:37.29,39.136 2 0
banka1/market-service-go/internal/platform/migrations.go:39.136,41.4 1 0
banka1/market-service-go/internal/platform/migrations.go:42.3,42.14 1 0
banka1/market-service-go/internal/platform/migrations.go:42.14,43.12 1 0
banka1/market-service-go/internal/platform/migrations.go:46.3,47.17 2 0
banka1/market-service-go/internal/platform/migrations.go:47.17,49.4 1 0
banka1/market-service-go/internal/platform/migrations.go:50.3,51.17 2 0
banka1/market-service-go/internal/platform/migrations.go:51.17,53.4 1 0
banka1/market-service-go/internal/platform/migrations.go:54.3,54.59 1 0
banka1/market-service-go/internal/platform/migrations.go:54.59,57.4 2 0
banka1/market-service-go/internal/platform/migrations.go:58.3,58.105 1 0
banka1/market-service-go/internal/platform/migrations.go:58.105,61.4 2 0
banka1/market-service-go/internal/platform/migrations.go:62.3,62.40 1 0
banka1/market-service-go/internal/platform/migrations.go:62.40,64.4 1 0
banka1/market-service-go/internal/platform/migrations.go:67.2,67.12 1 0
banka1/market-service-go/internal/platform/migrations.go:70.90,72.101 2 0
banka1/market-service-go/internal/platform/migrations.go:72.101,74.3 1 0
banka1/market-service-go/internal/platform/migrations.go:75.2,75.17 1 0
banka1/market-service-go/internal/platform/migrations.go:75.17,77.3 1 0
banka1/market-service-go/internal/platform/migrations.go:79.2,80.122 2 0
banka1/market-service-go/internal/platform/migrations.go:80.122,82.3 1 0
banka1/market-service-go/internal/platform/migrations.go:83.2,83.111 1 0
banka1/market-service-go/internal/platform/migrations.go:83.111,85.3 1 0
banka1/market-service-go/internal/platform/migrations.go:86.2,86.37 1 0
banka1/market-service-go/internal/platform/migrations.go:86.37,88.3 1 0
banka1/market-service-go/internal/platform/migrations.go:90.2,91.16 2 0
banka1/market-service-go/internal/platform/migrations.go:91.16,93.3 1 0
banka1/market-service-go/internal/platform/migrations.go:94.2,95.16 2 0
banka1/market-service-go/internal/platform/migrations.go:95.16,97.3 1 0
banka1/market-service-go/internal/platform/migrations.go:98.2,98.32 1 0
banka1/market-service-go/internal/platform/migrations.go:98.32,99.60 1 0
banka1/market-service-go/internal/platform/migrations.go:99.60,100.12 1 0
banka1/market-service-go/internal/platform/migrations.go:102.3,102.136 1 0
banka1/market-service-go/internal/platform/migrations.go:102.136,105.4 2 0
banka1/market-service-go/internal/platform/migrations.go:107.2,107.23 1 0
banka1/market-service-go/internal/platform/rabbit.go:19.91,24.16 5 0
banka1/market-service-go/internal/platform/rabbit.go:24.16,26.3 1 0
banka1/market-service-go/internal/platform/rabbit.go:27.2,27.40 1 0
banka1/market-service-go/internal/platform/rabbit.go:30.94,32.2 1 0
banka1/market-service-go/internal/platform/rabbit.go:34.35,36.2 1 0
banka1/market-service-go/internal/platform/response.go:29.59,31.2 1 0
banka1/market-service-go/internal/platform/response.go:36.69,42.2 1 0
banka1/market-service-go/internal/platform/response.go:44.85,52.2 1 0
banka1/market-service-go/internal/platform/response.go:54.114,55.23 1 0
banka1/market-service-go/internal/platform/response.go:55.23,57.3 1 0
banka1/market-service-go/internal/platform/response.go:58.2,63.4 1 0
banka1/market-service-go/internal/platform/response.go:66.51,68.2 1 0
banka1/market-service-go/proto/market/v1/market.pb.go:31.37,36.2 4 0
banka1/market-service-go/proto/market/v1/market.pb.go:38.45,40.2 1 0
banka1/market-service-go/proto/market/v1/market.pb.go:42.43,42.44 0 0
banka1/market-service-go/proto/market/v1/market.pb.go:44.65,46.14 2 0
banka1/market-service-go/proto/market/v1/market.pb.go:46.14,48.34 2 0
banka1/market-service-go/proto/market/v1/market.pb.go:48.34,50.4 1 0
banka1/market-service-go/proto/market/v1/market.pb.go:51.3,51.12 1 0
banka1/market-service-go/proto/market/v1/market.pb.go:53.2,53.24 1 0
banka1/market-service-go/proto/market/v1/market.pb.go:57.56,59.2 1 0
banka1/market-service-go/proto/market/v1/market.pb.go:61.50,62.14 1 0
banka1/market-service-go/proto/market/v1/market.pb.go:62.14,64.3 1 0
banka1/market-service-go/proto/market/v1/market.pb.go:65.2,65.10 1 0
banka1/market-service-go/proto/market/v1/market.pb.go:75.38,80.2 4 0
banka1/market-service-go/proto/market/v1/market.pb.go:82.46,84.2 1 0
banka1/market-service-go/proto/market/v1/market.pb.go:86.44,86.45 0 0
banka1/market-service-go/proto/market/v1/market.pb.go:88.66,90.14 2 0
banka1/market-service-go/proto/market/v1/market.pb.go:90.14,92.34 2 0
banka1/market-service-go/proto/market/v1/market.pb.go:92.34,94.4 1 0
banka1/market-service-go/proto/market/v1/market.pb.go:95.3,95.12 1 0
banka1/market-service-go/proto/market/v1/market.pb.go:97.2,97.24 1 0
banka1/market-service-go/proto/market/v1/market.pb.go:101.57,103.2 1 0
banka1/market-service-go/proto/market/v1/market.pb.go:105.54,106.14 1 0
banka1/market-service-go/proto/market/v1/market.pb.go:106.14,108.3 1 0
banka1/market-service-go/proto/market/v1/market.pb.go:109.2,109.11 1 0
banka1/market-service-go/proto/market/v1/market.pb.go:119.35,124.2 4 0
banka1/market-service-go/proto/market/v1/market.pb.go:126.43,128.2 1 0
banka1/market-service-go/proto/market/v1/market.pb.go:130.41,130.42 0 0
banka1/market-service-go/proto/market/v1/market.pb.go:132.63,134.14 2 0
banka1/market-service-go/proto/market/v1/market.pb.go:134.14,136.34 2 0
banka1/market-service-go/proto/market/v1/market.pb.go:136.34,138.4 1 0
banka1/market-service-go/proto/market/v1/market.pb.go:139.3,139.12 1 0
banka1/market-service-go/proto/market/v1/market.pb.go:141.2,141.24 1 0
banka1/market-service-go/proto/market/v1/market.pb.go:145.54,147.2 1 0
banka1/market-service-go/proto/market/v1/market.pb.go:149.46,150.14 1 0
banka1/market-service-go/proto/market/v1/market.pb.go:150.14,152.3 1 0
banka1/market-service-go/proto/market/v1/market.pb.go:153.2,153.11 1 0
banka1/market-service-go/proto/market/v1/market.pb.go:163.36,168.2 4 0
banka1/market-service-go/proto/market/v1/market.pb.go:170.44,172.2 1 0
banka1/market-service-go/proto/market/v1/market.pb.go:174.42,174.43 0 0
banka1/market-service-go/proto/market/v1/market.pb.go:176.64,178.14 2 0
banka1/market-service-go/proto/market/v1/market.pb.go:178.14,180.34 2 0
banka1/market-service-go/proto/market/v1/market.pb.go:180.34,182.4 1 0
banka1/market-service-go/proto/market/v1/market.pb.go:183.3,183.12 1 0
banka1/market-service-go/proto/market/v1/market.pb.go:185.2,185.24 1 0
banka1/market-service-go/proto/market/v1/market.pb.go:189.55,191.2 1 0
banka1/market-service-go/proto/market/v1/market.pb.go:193.52,194.14 1 0
banka1/market-service-go/proto/market/v1/market.pb.go:194.14,196.3 1 0
banka1/market-service-go/proto/market/v1/market.pb.go:197.2,197.11 1 0
banka1/market-service-go/proto/market/v1/market.pb.go:211.34,216.2 4 0
banka1/market-service-go/proto/market/v1/market.pb.go:218.42,220.2 1 0
banka1/market-service-go/proto/market/v1/market.pb.go:222.40,222.41 0 0
banka1/market-service-go/proto/market/v1/market.pb.go:224.62,226.14 2 0
banka1/market-service-go/proto/market/v1/market.pb.go:226.14,228.34 2 0
banka1/market-service-go/proto/market/v1/market.pb.go:228.34,230.4 1 0
banka1/market-service-go/proto/market/v1/market.pb.go:231.3,231.12 1 0
banka1/market-service-go/proto/market/v1/market.pb.go:233.2,233.24 1 0
banka1/market-service-go/proto/market/v1/market.pb.go:237.53,239.2 1 0
banka1/market-service-go/proto/market/v1/market.pb.go:241.51,242.14 1 0
banka1/market-service-go/proto/market/v1/market.pb.go:242.14,244.3 1 0
banka1/market-service-go/proto/market/v1/market.pb.go:245.2,245.11 1 0
banka1/market-service-go/proto/market/v1/market.pb.go:248.49,249.14 1 0
banka1/market-service-go/proto/market/v1/market.pb.go:249.14,251.3 1 0
banka1/market-service-go/proto/market/v1/market.pb.go:252.2,252.11 1 0
banka1/market-service-go/proto/market/v1/market.pb.go:255.45,256.14 1 0
banka1/market-service-go/proto/market/v1/market.pb.go:256.14,258.3 1 0
banka1/market-service-go/proto/market/v1/market.pb.go:259.2,259.11 1 0
banka1/market-service-go/proto/market/v1/market.pb.go:262.43,263.14 1 0
banka1/market-service-go/proto/market/v1/market.pb.go:263.14,265.3 1 0
banka1/market-service-go/proto/market/v1/market.pb.go:266.2,266.11 1 0
banka1/market-service-go/proto/market/v1/market.pb.go:269.54,270.14 1 0
banka1/market-service-go/proto/market/v1/market.pb.go:270.14,272.3 1 0
banka1/market-service-go/proto/market/v1/market.pb.go:273.2,273.14 1 0
banka1/market-service-go/proto/market/v1/market.pb.go:283.35,288.2 4 0
banka1/market-service-go/proto/market/v1/market.pb.go:290.43,292.2 1 0
banka1/market-service-go/proto/market/v1/market.pb.go:294.41,294.42 0 0
banka1/market-service-go/proto/market/v1/market.pb.go:296.63,298.14 2 0
banka1/market-service-go/proto/market/v1/market.pb.go:298.14,300.34 2 0
banka1/market-service-go/proto/market/v1/market.pb.go:300.34,302.4 1 0
banka1/market-service-go/proto/market/v1/market.pb.go:303.3,303.12 1 0
banka1/market-service-go/proto/market/v1/market.pb.go:305.2,305.24 1 0
banka1/market-service-go/proto/market/v1/market.pb.go:309.54,311.2 1 0
banka1/market-service-go/proto/market/v1/market.pb.go:313.51,314.14 1 0
banka1/market-service-go/proto/market/v1/market.pb.go:314.14,316.3 1 0
banka1/market-service-go/proto/market/v1/market.pb.go:317.2,317.11 1 0
banka1/market-service-go/proto/market/v1/market.pb.go:354.55,355.52 1 0
banka1/market-service-go/proto/market/v1/market.pb.go:355.52,357.3 1 0
banka1/market-service-go/proto/market/v1/market.pb.go:358.2,358.48 1 0
banka1/market-service-go/proto/market/v1/market.pb.go:384.13,384.51 1 0
banka1/market-service-go/proto/market/v1/market.pb.go:385.41,386.40 1 0
banka1/market-service-go/proto/market/v1/market.pb.go:386.40,388.3 1 0
banka1/market-service-go/proto/market/v1/market.pb.go:389.2,405.43 5 0
banka1/market-service-go/proto/market/v1/market_grpc.pb.go:40.78,42.2 1 0
banka1/market-service-go/proto/market/v1/market_grpc.pb.go:44.140,48.16 4 0
banka1/market-service-go/proto/market/v1/market_grpc.pb.go:48.16,50.3 1 0
banka1/market-service-go/proto/market/v1/market_grpc.pb.go:51.2,51.17 1 0
banka1/market-service-go/proto/market/v1/market_grpc.pb.go:54.134,58.16 4 0
banka1/market-service-go/proto/market/v1/market_grpc.pb.go:58.16,60.3 1 0
banka1/market-service-go/proto/market/v1/market_grpc.pb.go:61.2,61.17 1 0
banka1/market-service-go/proto/market/v1/market_grpc.pb.go:64.131,68.16 4 0
banka1/market-service-go/proto/market/v1/market_grpc.pb.go:68.16,70.3 1 0
banka1/market-service-go/proto/market/v1/market_grpc.pb.go:71.2,71.17 1 0
banka1/market-service-go/proto/market/v1/market_grpc.pb.go:91.118,93.2 1 0
banka1/market-service-go/proto/market/v1/market_grpc.pb.go:94.112,96.2 1 0
banka1/market-service-go/proto/market/v1/market_grpc.pb.go:97.109,99.2 1 0
banka1/market-service-go/proto/market/v1/market_grpc.pb.go:100.86,100.87 0 0
banka1/market-service-go/proto/market/v1/market_grpc.pb.go:101.86,101.87 0 0
banka1/market-service-go/proto/market/v1/market_grpc.pb.go:110.84,115.59 1 0
banka1/market-service-go/proto/market/v1/market_grpc.pb.go:115.59,117.3 1 0
banka1/market-service-go/proto/market/v1/market_grpc.pb.go:118.2,118.52 1 0
banka1/market-service-go/proto/market/v1/market_grpc.pb.go:121.169,123.32 2 0
banka1/market-service-go/proto/market/v1/market_grpc.pb.go:123.32,125.3 1 0
banka1/market-service-go/proto/market/v1/market_grpc.pb.go:126.2,126.24 1 0
banka1/market-service-go/proto/market/v1/market_grpc.pb.go:126.24,128.3 1 0
banka1/market-service-go/proto/market/v1/market_grpc.pb.go:129.2,133.77 2 0
banka1/market-service-go/proto/market/v1/market_grpc.pb.go:133.77,135.3 1 0
banka1/market-service-go/proto/market/v1/market_grpc.pb.go:136.2,136.44 1 0
banka1/market-service-go/proto/market/v1/market_grpc.pb.go:139.167,141.32 2 0
banka1/market-service-go/proto/market/v1/market_grpc.pb.go:141.32,143.3 1 0
banka1/market-service-go/proto/market/v1/market_grpc.pb.go:144.2,144.24 1 0
banka1/market-service-go/proto/market/v1/market_grpc.pb.go:144.24,146.3 1 0
banka1/market-service-go/proto/market/v1/market_grpc.pb.go:147.2,151.77 2 0
banka1/market-service-go/proto/market/v1/market_grpc.pb.go:151.77,153.3 1 0
banka1/market-service-go/proto/market/v1/market_grpc.pb.go:154.2,154.44 1 0
banka1/market-service-go/proto/market/v1/market_grpc.pb.go:157.166,159.32 2 0
banka1/market-service-go/proto/market/v1/market_grpc.pb.go:159.32,161.3 1 0
banka1/market-service-go/proto/market/v1/market_grpc.pb.go:162.2,162.24 1 0
banka1/market-service-go/proto/market/v1/market_grpc.pb.go:162.24,164.3 1 0
banka1/market-service-go/proto/market/v1/market_grpc.pb.go:165.2,169.77 2 0
banka1/market-service-go/proto/market/v1/market_grpc.pb.go:169.77,171.3 1 0
banka1/market-service-go/proto/market/v1/market_grpc.pb.go:172.2,172.44 1 0
banka1/market-service-go/internal/grpc/jsoncodec.go:13.49,15.2 1 1
banka1/market-service-go/internal/grpc/jsoncodec.go:17.54,19.2 1 1
banka1/market-service-go/internal/grpc/jsoncodec.go:21.32,23.2 1 1
banka1/market-service-go/internal/grpc/jsoncodec.go:25.13,27.2 1 1
banka1/market-service-go/internal/grpc/server.go:18.47,20.2 1 1
banka1/market-service-go/internal/grpc/server.go:23.78,27.2 3 1
banka1/market-service-go/internal/grpc/server.go:34.122,36.16 2 0
banka1/market-service-go/internal/grpc/server.go:36.16,38.3 1 0
banka1/market-service-go/internal/grpc/server.go:39.2,40.16 2 0
banka1/market-service-go/internal/grpc/server.go:40.16,42.3 1 0
banka1/market-service-go/internal/grpc/server.go:43.2,43.68 1 0
banka1/market-service-go/internal/grpc/server.go:46.116,49.16 3 0
banka1/market-service-go/internal/grpc/server.go:49.16,51.3 1 0
banka1/market-service-go/internal/grpc/server.go:52.2,52.66 1 0
banka1/market-service-go/internal/grpc/server.go:55.113,57.16 2 1
banka1/market-service-go/internal/grpc/server.go:57.16,59.3 1 1
banka1/market-service-go/internal/grpc/server.go:60.2,61.16 2 1
banka1/market-service-go/internal/grpc/server.go:61.16,63.3 1 0
banka1/market-service-go/internal/grpc/server.go:64.2,64.65 1 1
