mode: set
github.com/raf-si-2025/banka-1-go/interbank-service/internal/api/inbound.go:44.114,45.16 1 1
github.com/raf-si-2025/banka-1-go/interbank-service/internal/api/inbound.go:45.16,47.3 1 1
github.com/raf-si-2025/banka-1-go/interbank-service/internal/api/inbound.go:48.2,48.74 1 1
github.com/raf-si-2025/banka-1-go/interbank-service/internal/api/inbound.go:52.78,55.9 2 1
github.com/raf-si-2025/banka-1-go/interbank-service/internal/api/inbound.go:55.9,58.3 2 0
github.com/raf-si-2025/banka-1-go/interbank-service/internal/api/inbound.go:59.2,63.61 3 1
github.com/raf-si-2025/banka-1-go/interbank-service/internal/api/inbound.go:63.61,66.3 2 0
github.com/raf-si-2025/banka-1-go/interbank-service/internal/api/inbound.go:69.2,69.55 1 1
github.com/raf-si-2025/banka-1-go/interbank-service/internal/api/inbound.go:69.55,76.3 3 1
github.com/raf-si-2025/banka-1-go/interbank-service/internal/api/inbound.go:79.2,80.16 2 1
github.com/raf-si-2025/banka-1-go/interbank-service/internal/api/inbound.go:80.16,84.3 3 0
github.com/raf-si-2025/banka-1-go/interbank-service/internal/api/inbound.go:85.2,85.19 1 1
github.com/raf-si-2025/banka-1-go/interbank-service/internal/api/inbound.go:85.19,92.3 3 1
github.com/raf-si-2025/banka-1-go/interbank-service/internal/api/inbound.go:95.2,95.25 1 1
github.com/raf-si-2025/banka-1-go/interbank-service/internal/api/inbound.go:96.33,97.42 1 1
github.com/raf-si-2025/banka-1-go/interbank-service/internal/api/inbound.go:98.36,99.45 1 1
github.com/raf-si-2025/banka-1-go/interbank-service/internal/api/inbound.go:100.38,101.47 1 1
github.com/raf-si-2025/banka-1-go/interbank-service/internal/api/inbound.go:102.10,103.88 1 0
github.com/raf-si-2025/banka-1-go/interbank-service/internal/api/inbound.go:107.135,109.22 2 1
github.com/raf-si-2025/banka-1-go/interbank-service/internal/api/inbound.go:109.22,112.3 2 0
github.com/raf-si-2025/banka-1-go/interbank-service/internal/api/inbound.go:114.2,115.16 2 1
github.com/raf-si-2025/banka-1-go/interbank-service/internal/api/inbound.go:115.16,118.3 2 0
github.com/raf-si-2025/banka-1-go/interbank-service/internal/api/inbound.go:120.2,121.23 2 1
github.com/raf-si-2025/banka-1-go/interbank-service/internal/api/inbound.go:121.23,124.3 2 0
github.com/raf-si-2025/banka-1-go/interbank-service/internal/api/inbound.go:127.2,131.22 4 1
github.com/raf-si-2025/banka-1-go/interbank-service/internal/api/inbound.go:134.138,136.24 2 1
github.com/raf-si-2025/banka-1-go/interbank-service/internal/api/inbound.go:136.24,139.3 2 0
github.com/raf-si-2025/banka-1-go/interbank-service/internal/api/inbound.go:141.2,141.80 1 1
github.com/raf-si-2025/banka-1-go/interbank-service/internal/api/inbound.go:141.80,144.3 2 0
github.com/raf-si-2025/banka-1-go/interbank-service/internal/api/inbound.go:146.2,147.37 2 1
github.com/raf-si-2025/banka-1-go/interbank-service/internal/api/inbound.go:150.140,152.24 2 1
github.com/raf-si-2025/banka-1-go/interbank-service/internal/api/inbound.go:152.24,155.3 2 0
github.com/raf-si-2025/banka-1-go/interbank-service/internal/api/inbound.go:157.2,157.82 1 1
github.com/raf-si-2025/banka-1-go/interbank-service/internal/api/inbound.go:157.82,160.3 2 0
github.com/raf-si-2025/banka-1-go/interbank-service/internal/api/inbound.go:162.2,163.37 2 1
github.com/raf-si-2025/banka-1-go/interbank-service/internal/api/inbound.go:171.68,173.30 2 1
github.com/raf-si-2025/banka-1-go/interbank-service/internal/api/inbound.go:173.30,175.3 1 1
github.com/raf-si-2025/banka-1-go/interbank-service/internal/api/inbound.go:176.2,176.36 1 1
github.com/raf-si-2025/banka-1-go/interbank-service/internal/api/inbound.go:176.36,179.3 2 1
github.com/raf-si-2025/banka-1-go/interbank-service/internal/api/inbound.go:180.2,182.62 3 1
github.com/raf-si-2025/banka-1-go/interbank-service/internal/api/inbound.go:182.62,184.3 1 1
github.com/raf-si-2025/banka-1-go/interbank-service/internal/api/inbound.go:189.172,195.2 5 0
github.com/raf-si-2025/banka-1-go/interbank-service/internal/api/inbound.go:198.150,200.24 2 1
github.com/raf-si-2025/banka-1-go/interbank-service/internal/api/inbound.go:200.24,202.3 1 1
github.com/raf-si-2025/banka-1-go/interbank-service/internal/api/inbound.go:203.2,204.50 2 1
github.com/raf-si-2025/banka-1-go/interbank-service/internal/api/inbound.go:204.50,205.36 1 0
github.com/raf-si-2025/banka-1-go/interbank-service/internal/api/inbound.go:205.36,208.4 1 0
github.com/raf-si-2025/banka-1-go/interbank-service/internal/api/inbound.go:214.156,217.83 3 0
github.com/raf-si-2025/banka-1-go/interbank-service/internal/api/inbound.go:217.83,220.3 1 0
github.com/raf-si-2025/banka-1-go/interbank-service/internal/api/inbound.go:223.125,236.2 3 1
github.com/raf-si-2025/banka-1-go/interbank-service/internal/api/inbound.go:238.43,239.23 1 1
github.com/raf-si-2025/banka-1-go/interbank-service/internal/api/inbound.go:239.23,241.3 1 0
github.com/raf-si-2025/banka-1-go/interbank-service/internal/api/inbound.go:242.2,242.37 1 1
github.com/raf-si-2025/banka-1-go/interbank-service/internal/api/inbound.go:246.34,249.17 2 1
github.com/raf-si-2025/banka-1-go/interbank-service/internal/api/inbound.go:249.17,251.3 1 1
github.com/raf-si-2025/banka-1-go/interbank-service/internal/api/inbound.go:252.2,252.10 1 0
github.com/raf-si-2025/banka-1-go/interbank-service/internal/api/inbound.go:256.64,260.2 3 1
github.com/raf-si-2025/banka-1-go/interbank-service/internal/api/otc.go:41.66,42.16 1 1
github.com/raf-si-2025/banka-1-go/interbank-service/internal/api/otc.go:42.16,44.3 1 1
github.com/raf-si-2025/banka-1-go/interbank-service/internal/api/otc.go:45.2,45.40 1 1
github.com/raf-si-2025/banka-1-go/interbank-service/internal/api/otc.go:49.69,51.24 2 1
github.com/raf-si-2025/banka-1-go/interbank-service/internal/api/otc.go:51.24,53.3 1 0
github.com/raf-si-2025/banka-1-go/interbank-service/internal/api/otc.go:54.2,55.63 2 1
github.com/raf-si-2025/banka-1-go/interbank-service/internal/api/otc.go:55.63,58.3 2 0
github.com/raf-si-2025/banka-1-go/interbank-service/internal/api/otc.go:59.2,60.16 2 1
github.com/raf-si-2025/banka-1-go/interbank-service/internal/api/otc.go:60.16,63.3 2 1
github.com/raf-si-2025/banka-1-go/interbank-service/internal/api/otc.go:64.2,64.33 1 1
github.com/raf-si-2025/banka-1-go/interbank-service/internal/api/otc.go:68.70,70.24 2 1
github.com/raf-si-2025/banka-1-go/interbank-service/internal/api/otc.go:70.24,72.3 1 0
github.com/raf-si-2025/banka-1-go/interbank-service/internal/api/otc.go:73.2,75.63 3 1
github.com/raf-si-2025/banka-1-go/interbank-service/internal/api/otc.go:75.63,78.3 2 0
github.com/raf-si-2025/banka-1-go/interbank-service/internal/api/otc.go:79.2,79.87 1 1
github.com/raf-si-2025/banka-1-go/interbank-service/internal/api/otc.go:79.87,82.3 2 1
github.com/raf-si-2025/banka-1-go/interbank-service/internal/api/otc.go:83.2,83.37 1 1
github.com/raf-si-2025/banka-1-go/interbank-service/internal/api/otc.go:87.66,90.16 3 1
github.com/raf-si-2025/banka-1-go/interbank-service/internal/api/otc.go:90.16,93.3 2 1
github.com/raf-si-2025/banka-1-go/interbank-service/internal/api/otc.go:94.2,94.34 1 1
github.com/raf-si-2025/banka-1-go/interbank-service/internal/api/otc.go:98.69,100.24 2 1
github.com/raf-si-2025/banka-1-go/interbank-service/internal/api/otc.go:100.24,102.3 1 0
github.com/raf-si-2025/banka-1-go/interbank-service/internal/api/otc.go:103.2,104.73 2 1
github.com/raf-si-2025/banka-1-go/interbank-service/internal/api/otc.go:104.73,107.3 2 0
github.com/raf-si-2025/banka-1-go/interbank-service/internal/api/otc.go:108.2,108.37 1 1
github.com/raf-si-2025/banka-1-go/interbank-service/internal/api/otc.go:112.69,114.24 2 1
github.com/raf-si-2025/banka-1-go/interbank-service/internal/api/otc.go:114.24,116.3 1 0
github.com/raf-si-2025/banka-1-go/interbank-service/internal/api/otc.go:117.2,118.84 2 1
github.com/raf-si-2025/banka-1-go/interbank-service/internal/api/otc.go:118.84,121.3 2 1
github.com/raf-si-2025/banka-1-go/interbank-service/internal/api/otc.go:122.2,122.37 1 1
github.com/raf-si-2025/banka-1-go/interbank-service/internal/api/otc.go:130.92,131.9 1 1
github.com/raf-si-2025/banka-1-go/interbank-service/internal/api/otc.go:132.54,133.50 1 1
github.com/raf-si-2025/banka-1-go/interbank-service/internal/api/otc.go:134.48,135.50 1 1
github.com/raf-si-2025/banka-1-go/interbank-service/internal/api/otc.go:136.52,137.50 1 1
github.com/raf-si-2025/banka-1-go/interbank-service/internal/api/otc.go:138.53,139.52 1 1
github.com/raf-si-2025/banka-1-go/interbank-service/internal/api/otc.go:140.49,141.51 1 0
github.com/raf-si-2025/banka-1-go/interbank-service/internal/api/otc.go:142.52,144.61 2 1
github.com/raf-si-2025/banka-1-go/interbank-service/internal/api/otc.go:145.10,147.61 2 0
github.com/raf-si-2025/banka-1-go/interbank-service/internal/api/otc.go:153.72,155.21 2 1
github.com/raf-si-2025/banka-1-go/interbank-service/internal/api/otc.go:155.21,158.3 2 0
github.com/raf-si-2025/banka-1-go/interbank-service/internal/api/otc.go:159.2,159.18 1 1
github.com/raf-si-2025/banka-1-go/interbank-service/internal/api/otc.go:164.46,168.26 4 1
github.com/raf-si-2025/banka-1-go/interbank-service/internal/api/otc.go:168.26,169.25 1 1
github.com/raf-si-2025/banka-1-go/interbank-service/internal/api/otc.go:169.25,171.4 1 0
github.com/raf-si-2025/banka-1-go/interbank-service/internal/api/otc.go:172.3,172.26 1 1
github.com/raf-si-2025/banka-1-go/interbank-service/internal/api/otc.go:174.2,174.15 1 1
github.com/raf-si-2025/banka-1-go/interbank-service/internal/api/otc.go:178.58,180.16 2 1
github.com/raf-si-2025/banka-1-go/interbank-service/internal/api/otc.go:180.16,183.3 2 0
github.com/raf-si-2025/banka-1-go/interbank-service/internal/api/otc.go:184.2,186.19 3 1
github.com/raf-si-2025/banka-1-go/interbank-service/internal/api/otc_outbound.go:33.99,34.16 1 1
github.com/raf-si-2025/banka-1-go/interbank-service/internal/api/otc_outbound.go:34.16,36.3 1 1
github.com/raf-si-2025/banka-1-go/interbank-service/internal/api/otc_outbound.go:37.2,37.48 1 1
github.com/raf-si-2025/banka-1-go/interbank-service/internal/api/otc_outbound.go:45.77,49.61 3 1
github.com/raf-si-2025/banka-1-go/interbank-service/internal/api/otc_outbound.go:49.61,52.3 2 0
github.com/raf-si-2025/banka-1-go/interbank-service/internal/api/otc_outbound.go:55.2,55.31 1 1
github.com/raf-si-2025/banka-1-go/interbank-service/internal/api/otc_outbound.go:55.31,57.3 1 0
github.com/raf-si-2025/banka-1-go/interbank-service/internal/api/otc_outbound.go:59.2,60.16 2 1
github.com/raf-si-2025/banka-1-go/interbank-service/internal/api/otc_outbound.go:60.16,63.3 2 1
github.com/raf-si-2025/banka-1-go/interbank-service/internal/api/otc_outbound.go:64.2,64.39 1 1
github.com/raf-si-2025/banka-1-go/interbank-service/internal/api/otc_outbound.go:68.75,73.16 4 1
github.com/raf-si-2025/banka-1-go/interbank-service/internal/api/otc_outbound.go:73.16,76.3 2 0
github.com/raf-si-2025/banka-1-go/interbank-service/internal/api/otc_outbound.go:77.2,77.36 1 1
github.com/raf-si-2025/banka-1-go/interbank-service/internal/api/otc_outbound.go:81.74,84.16 3 0
github.com/raf-si-2025/banka-1-go/interbank-service/internal/api/otc_outbound.go:84.16,87.3 2 0
github.com/raf-si-2025/banka-1-go/interbank-service/internal/api/otc_outbound.go:88.2,88.35 1 0
github.com/raf-si-2025/banka-1-go/interbank-service/internal/api/otc_outbound.go:92.78,97.61 4 1
github.com/raf-si-2025/banka-1-go/interbank-service/internal/api/otc_outbound.go:97.61,100.3 2 0
github.com/raf-si-2025/banka-1-go/interbank-service/internal/api/otc_outbound.go:102.2,103.16 2 1
github.com/raf-si-2025/banka-1-go/interbank-service/internal/api/otc_outbound.go:103.16,106.3 2 0
github.com/raf-si-2025/banka-1-go/interbank-service/internal/api/otc_outbound.go:109.2,109.24 1 1
github.com/raf-si-2025/banka-1-go/interbank-service/internal/api/otc_outbound.go:109.24,111.3 1 1
github.com/raf-si-2025/banka-1-go/interbank-service/internal/api/otc_outbound.go:111.8,113.3 1 0
github.com/raf-si-2025/banka-1-go/interbank-service/internal/api/otc_outbound.go:117.77,121.16 3 1
github.com/raf-si-2025/banka-1-go/interbank-service/internal/api/otc_outbound.go:121.16,124.3 2 0
github.com/raf-si-2025/banka-1-go/interbank-service/internal/api/otc_outbound.go:125.2,125.27 1 1
github.com/raf-si-2025/banka-1-go/interbank-service/internal/api/otc_outbound.go:129.77,132.62 2 1
github.com/raf-si-2025/banka-1-go/interbank-service/internal/api/otc_outbound.go:132.62,135.3 2 0
github.com/raf-si-2025/banka-1-go/interbank-service/internal/api/otc_outbound.go:136.2,136.37 1 1
github.com/raf-si-2025/banka-1-go/interbank-service/internal/api/otc_outbound.go:140.89,142.51 2 1
github.com/raf-si-2025/banka-1-go/interbank-service/internal/api/otc_outbound.go:142.51,144.17 2 1
github.com/raf-si-2025/banka-1-go/interbank-service/internal/api/otc_outbound.go:144.17,147.4 2 0
github.com/raf-si-2025/banka-1-go/interbank-service/internal/api/otc_outbound.go:148.3,148.15 1 1
github.com/raf-si-2025/banka-1-go/interbank-service/internal/api/otc_outbound.go:151.2,152.16 2 1
github.com/raf-si-2025/banka-1-go/interbank-service/internal/api/otc_outbound.go:152.16,156.3 3 0
github.com/raf-si-2025/banka-1-go/interbank-service/internal/api/otc_outbound.go:157.2,157.20 1 1
github.com/raf-si-2025/banka-1-go/interbank-service/internal/api/otc_outbound.go:157.20,160.3 2 0
github.com/raf-si-2025/banka-1-go/interbank-service/internal/api/otc_outbound.go:161.2,161.38 1 1
github.com/raf-si-2025/banka-1-go/interbank-service/internal/api/otc_outbound.go:168.101,169.9 1 1
github.com/raf-si-2025/banka-1-go/interbank-service/internal/api/otc_outbound.go:170.54,171.50 1 0
github.com/raf-si-2025/banka-1-go/interbank-service/internal/api/otc_outbound.go:172.48,173.50 1 0
github.com/raf-si-2025/banka-1-go/interbank-service/internal/api/otc_outbound.go:174.52,175.50 1 0
github.com/raf-si-2025/banka-1-go/interbank-service/internal/api/otc_outbound.go:176.53,177.52 1 0
github.com/raf-si-2025/banka-1-go/interbank-service/internal/api/otc_outbound.go:178.49,179.51 1 0
github.com/raf-si-2025/banka-1-go/interbank-service/internal/api/otc_outbound.go:180.10,182.61 2 1
github.com/raf-si-2025/banka-1-go/interbank-service/internal/api/otc_outbound.go:192.48,194.26 2 1
github.com/raf-si-2025/banka-1-go/interbank-service/internal/api/otc_outbound.go:194.26,196.3 1 0
github.com/raf-si-2025/banka-1-go/interbank-service/internal/api/otc_outbound.go:197.2,197.32 1 1
github.com/raf-si-2025/banka-1-go/interbank-service/internal/api/otc_outbound.go:201.32,202.14 1 1
github.com/raf-si-2025/banka-1-go/interbank-service/internal/api/otc_outbound.go:202.14,204.3 1 0
github.com/raf-si-2025/banka-1-go/interbank-service/internal/api/otc_outbound.go:205.2,205.23 1 1
github.com/raf-si-2025/banka-1-go/interbank-service/internal/api/otc_outbound.go:206.15,207.18 1 0
github.com/raf-si-2025/banka-1-go/interbank-service/internal/api/otc_outbound.go:208.13,209.11 1 1
github.com/raf-si-2025/banka-1-go/interbank-service/internal/api/otc_outbound.go:210.11,211.18 1 0
github.com/raf-si-2025/banka-1-go/interbank-service/internal/api/otc_outbound.go:212.19,214.11 2 0
github.com/raf-si-2025/banka-1-go/interbank-service/internal/api/otc_outbound.go:215.14,217.11 2 0
github.com/raf-si-2025/banka-1-go/interbank-service/internal/api/otc_outbound.go:220.2,221.10 2 0
github.com/raf-si-2025/banka-1-go/interbank-service/internal/api/otc_outbound.go:225.49,227.26 2 1
github.com/raf-si-2025/banka-1-go/interbank-service/internal/api/otc_outbound.go:227.26,229.3 1 0
github.com/raf-si-2025/banka-1-go/interbank-service/internal/api/otc_outbound.go:230.2,230.36 1 1
github.com/raf-si-2025/banka-1-go/interbank-service/internal/api/otc_outbound.go:230.36,232.48 2 0
github.com/raf-si-2025/banka-1-go/interbank-service/internal/api/otc_outbound.go:232.48,234.4 1 0
github.com/raf-si-2025/banka-1-go/interbank-service/internal/api/otc_outbound.go:236.2,236.14 1 1
github.com/raf-si-2025/banka-1-go/interbank-service/internal/api/public_stock.go:55.90,56.16 1 1
github.com/raf-si-2025/banka-1-go/interbank-service/internal/api/public_stock.go:56.16,58.3 1 1
github.com/raf-si-2025/banka-1-go/interbank-service/internal/api/public_stock.go:59.2,59.48 1 1
github.com/raf-si-2025/banka-1-go/interbank-service/internal/api/public_stock.go:63.74,65.16 2 1
github.com/raf-si-2025/banka-1-go/interbank-service/internal/api/public_stock.go:65.16,69.3 3 0
github.com/raf-si-2025/banka-1-go/interbank-service/internal/api/public_stock.go:70.2,70.20 1 1
github.com/raf-si-2025/banka-1-go/interbank-service/internal/api/public_stock.go:70.20,72.3 1 1
github.com/raf-si-2025/banka-1-go/interbank-service/internal/api/public_stock.go:73.2,73.38 1 1
github.com/raf-si-2025/banka-1-go/interbank-service/internal/api/server.go:28.52,29.71 1 1
github.com/raf-si-2025/banka-1-go/interbank-service/internal/api/server.go:29.71,30.37 1 1
github.com/raf-si-2025/banka-1-go/interbank-service/internal/api/server.go:30.37,33.4 2 0
github.com/raf-si-2025/banka-1-go/interbank-service/internal/api/server.go:34.3,34.23 1 1
github.com/raf-si-2025/banka-1-go/interbank-service/internal/api/server.go:40.43,47.64 5 1
github.com/raf-si-2025/banka-1-go/interbank-service/internal/api/server.go:47.64,51.3 3 1
github.com/raf-si-2025/banka-1-go/interbank-service/internal/api/server.go:54.2,54.29 1 1
github.com/raf-si-2025/banka-1-go/interbank-service/internal/api/server.go:54.29,83.3 10 1
github.com/raf-si-2025/banka-1-go/interbank-service/internal/api/server.go:87.2,87.26 1 1
github.com/raf-si-2025/banka-1-go/interbank-service/internal/api/server.go:87.26,88.30 1 0
github.com/raf-si-2025/banka-1-go/interbank-service/internal/api/server.go:88.30,91.53 3 0
github.com/raf-si-2025/banka-1-go/interbank-service/internal/api/server.go:91.53,99.5 7 0
github.com/raf-si-2025/banka-1-go/interbank-service/internal/api/server.go:103.2,103.10 1 1
github.com/raf-si-2025/banka-1-go/interbank-service/internal/api/server.go:109.79,115.64 5 0
github.com/raf-si-2025/banka-1-go/interbank-service/internal/api/server.go:115.64,119.3 3 0
github.com/raf-si-2025/banka-1-go/interbank-service/internal/api/server.go:121.2,121.29 1 0
github.com/raf-si-2025/banka-1-go/interbank-service/internal/api/server.go:121.29,132.3 10 0
github.com/raf-si-2025/banka-1-go/interbank-service/internal/api/server.go:134.2,134.26 1 0
github.com/raf-si-2025/banka-1-go/interbank-service/internal/api/server.go:134.26,135.30 1 0
github.com/raf-si-2025/banka-1-go/interbank-service/internal/api/server.go:135.30,138.53 3 0
github.com/raf-si-2025/banka-1-go/interbank-service/internal/api/server.go:138.53,146.5 7 0
github.com/raf-si-2025/banka-1-go/interbank-service/internal/api/server.go:150.2,150.22 1 0
github.com/raf-si-2025/banka-1-go/interbank-service/internal/api/server.go:150.22,152.3 1 0
github.com/raf-si-2025/banka-1-go/interbank-service/internal/api/server.go:154.2,154.10 1 0
github.com/raf-si-2025/banka-1-go/interbank-service/internal/api/user_display.go:50.126,51.16 1 1
github.com/raf-si-2025/banka-1-go/interbank-service/internal/api/user_display.go:51.16,53.3 1 1
github.com/raf-si-2025/banka-1-go/interbank-service/internal/api/user_display.go:54.2,59.3 1 1
github.com/raf-si-2025/banka-1-go/interbank-service/internal/api/user_display.go:63.74,68.16 4 1
github.com/raf-si-2025/banka-1-go/interbank-service/internal/api/user_display.go:68.16,71.3 2 0
github.com/raf-si-2025/banka-1-go/interbank-service/internal/api/user_display.go:73.2,73.23 1 1
github.com/raf-si-2025/banka-1-go/interbank-service/internal/api/user_display.go:73.23,76.3 2 1
github.com/raf-si-2025/banka-1-go/interbank-service/internal/api/user_display.go:78.2,78.17 1 1
github.com/raf-si-2025/banka-1-go/interbank-service/internal/api/user_display.go:78.17,81.3 2 0
github.com/raf-si-2025/banka-1-go/interbank-service/internal/api/user_display.go:82.2,84.9 3 1
github.com/raf-si-2025/banka-1-go/interbank-service/internal/api/user_display.go:85.37,87.23 2 1
github.com/raf-si-2025/banka-1-go/interbank-service/internal/api/user_display.go:88.37,90.23 2 1
github.com/raf-si-2025/banka-1-go/interbank-service/internal/api/user_display.go:91.10,93.9 2 1
github.com/raf-si-2025/banka-1-go/interbank-service/internal/api/user_display.go:95.2,96.16 2 1
github.com/raf-si-2025/banka-1-go/interbank-service/internal/api/user_display.go:96.16,99.3 2 0
github.com/raf-si-2025/banka-1-go/interbank-service/internal/api/user_display.go:101.2,102.16 2 1
github.com/raf-si-2025/banka-1-go/interbank-service/internal/api/user_display.go:102.16,106.3 3 1
github.com/raf-si-2025/banka-1-go/interbank-service/internal/api/user_display.go:107.2,107.17 1 1
github.com/raf-si-2025/banka-1-go/interbank-service/internal/api/user_display.go:107.17,110.3 2 0
github.com/raf-si-2025/banka-1-go/interbank-service/internal/api/user_display.go:112.2,115.4 1 1
