mode: set
github.com/raf-si-2025/banka-1-go/interbank-service/internal/scheduler/retry.go:53.133,54.19 1 1
github.com/raf-si-2025/banka-1-go/interbank-service/internal/scheduler/retry.go:54.19,56.3 1 0
github.com/raf-si-2025/banka-1-go/interbank-service/internal/scheduler/retry.go:57.2,57.21 1 1
github.com/raf-si-2025/banka-1-go/interbank-service/internal/scheduler/retry.go:57.21,59.3 1 0
github.com/raf-si-2025/banka-1-go/interbank-service/internal/scheduler/retry.go:60.2,60.16 1 1
github.com/raf-si-2025/banka-1-go/interbank-service/internal/scheduler/retry.go:60.16,62.3 1 1
github.com/raf-si-2025/banka-1-go/interbank-service/internal/scheduler/retry.go:63.2,69.3 1 1
github.com/raf-si-2025/banka-1-go/interbank-service/internal/scheduler/retry.go:74.57,78.6 3 1
github.com/raf-si-2025/banka-1-go/interbank-service/internal/scheduler/retry.go:78.6,79.10 1 1
github.com/raf-si-2025/banka-1-go/interbank-service/internal/scheduler/retry.go:80.21,81.20 1 1
github.com/raf-si-2025/banka-1-go/interbank-service/internal/scheduler/retry.go:82.19,83.19 1 1
github.com/raf-si-2025/banka-1-go/interbank-service/internal/scheduler/retry.go:89.56,91.2 1 1
github.com/raf-si-2025/banka-1-go/interbank-service/internal/scheduler/retry.go:93.56,98.16 3 1
github.com/raf-si-2025/banka-1-go/interbank-service/internal/scheduler/retry.go:98.16,101.3 2 0
github.com/raf-si-2025/banka-1-go/interbank-service/internal/scheduler/retry.go:102.2,102.20 1 1
github.com/raf-si-2025/banka-1-go/interbank-service/internal/scheduler/retry.go:102.20,104.3 1 1
github.com/raf-si-2025/banka-1-go/interbank-service/internal/scheduler/retry.go:106.2,108.22 2 1
github.com/raf-si-2025/banka-1-go/interbank-service/internal/scheduler/retry.go:108.22,110.28 2 1
github.com/raf-si-2025/banka-1-go/interbank-service/internal/scheduler/retry.go:110.28,111.12 1 0
github.com/raf-si-2025/banka-1-go/interbank-service/internal/scheduler/retry.go:113.3,113.22 1 1
github.com/raf-si-2025/banka-1-go/interbank-service/internal/scheduler/retry.go:119.65,120.30 1 1
github.com/raf-si-2025/banka-1-go/interbank-service/internal/scheduler/retry.go:120.30,122.3 1 0
github.com/raf-si-2025/banka-1-go/interbank-service/internal/scheduler/retry.go:123.2,125.32 3 1
github.com/raf-si-2025/banka-1-go/interbank-service/internal/scheduler/retry.go:125.32,127.3 1 0
github.com/raf-si-2025/banka-1-go/interbank-service/internal/scheduler/retry.go:128.2,128.42 1 1
github.com/raf-si-2025/banka-1-go/interbank-service/internal/scheduler/retry.go:136.75,138.20 2 1
github.com/raf-si-2025/banka-1-go/interbank-service/internal/scheduler/retry.go:138.20,142.72 3 1
github.com/raf-si-2025/banka-1-go/interbank-service/internal/scheduler/retry.go:142.72,143.61 1 0
github.com/raf-si-2025/banka-1-go/interbank-service/internal/scheduler/retry.go:143.61,146.5 1 0
github.com/raf-si-2025/banka-1-go/interbank-service/internal/scheduler/retry.go:146.10,149.5 1 0
github.com/raf-si-2025/banka-1-go/interbank-service/internal/scheduler/retry.go:150.9,153.4 1 1
github.com/raf-si-2025/banka-1-go/interbank-service/internal/scheduler/retry.go:154.3,154.9 1 1
github.com/raf-si-2025/banka-1-go/interbank-service/internal/scheduler/retry.go:158.2,162.36 4 1
github.com/raf-si-2025/banka-1-go/interbank-service/internal/scheduler/retry.go:162.36,166.3 2 1
github.com/raf-si-2025/banka-1-go/interbank-service/internal/scheduler/retry.go:166.8,169.3 1 1
github.com/raf-si-2025/banka-1-go/interbank-service/internal/scheduler/retry.go:171.2,171.71 1 1
github.com/raf-si-2025/banka-1-go/interbank-service/internal/scheduler/retry.go:171.71,172.60 1 0
github.com/raf-si-2025/banka-1-go/interbank-service/internal/scheduler/retry.go:172.60,176.4 1 0
github.com/raf-si-2025/banka-1-go/interbank-service/internal/scheduler/retry.go:176.9,179.4 1 0
