mode: set
github.com/raf-si-2025/banka-1-go/interbank-service/internal/grpc/handlers.go:26.130,28.17 2 0
github.com/raf-si-2025/banka-1-go/interbank-service/internal/grpc/handlers.go:28.17,30.3 1 0
github.com/raf-si-2025/banka-1-go/interbank-service/internal/grpc/handlers.go:31.2,36.16 4 0
github.com/raf-si-2025/banka-1-go/interbank-service/internal/grpc/handlers.go:36.16,38.3 1 0
github.com/raf-si-2025/banka-1-go/interbank-service/internal/grpc/handlers.go:39.2,39.19 1 0
github.com/raf-si-2025/banka-1-go/interbank-service/internal/grpc/handlers.go:39.19,41.24 1 0
github.com/raf-si-2025/banka-1-go/interbank-service/internal/grpc/handlers.go:42.52,43.91 1 0
github.com/raf-si-2025/banka-1-go/interbank-service/internal/grpc/handlers.go:43.91,51.5 3 0
github.com/raf-si-2025/banka-1-go/interbank-service/internal/grpc/handlers.go:52.4,52.69 1 0
github.com/raf-si-2025/banka-1-go/interbank-service/internal/grpc/handlers.go:53.11,54.69 1 0
github.com/raf-si-2025/banka-1-go/interbank-service/internal/grpc/handlers.go:58.2,58.23 1 0
github.com/raf-si-2025/banka-1-go/interbank-service/internal/grpc/handlers.go:59.51,60.58 1 0
github.com/raf-si-2025/banka-1-go/interbank-service/internal/grpc/handlers.go:62.54,63.61 1 0
github.com/raf-si-2025/banka-1-go/interbank-service/internal/grpc/handlers.go:65.56,66.63 1 0
github.com/raf-si-2025/banka-1-go/interbank-service/internal/grpc/handlers.go:68.10,69.93 1 0
github.com/raf-si-2025/banka-1-go/interbank-service/internal/grpc/handlers.go:73.166,75.20 2 0
github.com/raf-si-2025/banka-1-go/interbank-service/internal/grpc/handlers.go:75.20,77.3 1 0
github.com/raf-si-2025/banka-1-go/interbank-service/internal/grpc/handlers.go:78.2,78.37 1 0
github.com/raf-si-2025/banka-1-go/interbank-service/internal/grpc/handlers.go:78.37,80.3 1 0
github.com/raf-si-2025/banka-1-go/interbank-service/internal/grpc/handlers.go:82.2,83.16 2 0
github.com/raf-si-2025/banka-1-go/interbank-service/internal/grpc/handlers.go:83.16,85.3 1 0
github.com/raf-si-2025/banka-1-go/interbank-service/internal/grpc/handlers.go:87.2,88.16 2 0
github.com/raf-si-2025/banka-1-go/interbank-service/internal/grpc/handlers.go:88.16,94.3 3 0
github.com/raf-si-2025/banka-1-go/interbank-service/internal/grpc/handlers.go:97.2,105.8 4 0
github.com/raf-si-2025/banka-1-go/interbank-service/internal/grpc/handlers.go:108.169,110.15 2 0
github.com/raf-si-2025/banka-1-go/interbank-service/internal/grpc/handlers.go:110.15,112.3 1 0
github.com/raf-si-2025/banka-1-go/interbank-service/internal/grpc/handlers.go:113.2,115.63 2 0
github.com/raf-si-2025/banka-1-go/interbank-service/internal/grpc/handlers.go:115.63,116.49 1 0
github.com/raf-si-2025/banka-1-go/interbank-service/internal/grpc/handlers.go:116.49,119.4 2 0
github.com/raf-si-2025/banka-1-go/interbank-service/internal/grpc/handlers.go:120.3,120.69 1 0
github.com/raf-si-2025/banka-1-go/interbank-service/internal/grpc/handlers.go:123.2,124.67 2 0
github.com/raf-si-2025/banka-1-go/interbank-service/internal/grpc/handlers.go:127.171,129.15 2 0
github.com/raf-si-2025/banka-1-go/interbank-service/internal/grpc/handlers.go:129.15,131.3 1 0
github.com/raf-si-2025/banka-1-go/interbank-service/internal/grpc/handlers.go:132.2,134.65 2 0
github.com/raf-si-2025/banka-1-go/interbank-service/internal/grpc/handlers.go:134.65,136.3 1 0
github.com/raf-si-2025/banka-1-go/interbank-service/internal/grpc/handlers.go:138.2,139.67 2 0
github.com/raf-si-2025/banka-1-go/interbank-service/internal/grpc/handlers.go:146.148,148.16 2 0
github.com/raf-si-2025/banka-1-go/interbank-service/internal/grpc/handlers.go:148.16,150.3 1 0
github.com/raf-si-2025/banka-1-go/interbank-service/internal/grpc/handlers.go:154.2,157.16 3 0
github.com/raf-si-2025/banka-1-go/interbank-service/internal/grpc/handlers.go:157.16,159.3 1 0
github.com/raf-si-2025/banka-1-go/interbank-service/internal/grpc/handlers.go:161.2,163.8 1 0
github.com/raf-si-2025/banka-1-go/interbank-service/internal/grpc/handlers.go:170.127,175.16 4 0
github.com/raf-si-2025/banka-1-go/interbank-service/internal/grpc/handlers.go:175.16,177.3 1 0
github.com/raf-si-2025/banka-1-go/interbank-service/internal/grpc/handlers.go:179.2,181.91 2 0
github.com/raf-si-2025/banka-1-go/interbank-service/internal/grpc/handlers.go:181.91,183.3 1 0
github.com/raf-si-2025/banka-1-go/interbank-service/internal/grpc/handlers.go:185.2,185.47 1 0
github.com/raf-si-2025/banka-1-go/interbank-service/internal/grpc/handlers.go:192.139,197.16 4 0
github.com/raf-si-2025/banka-1-go/interbank-service/internal/grpc/handlers.go:197.16,199.3 1 0
github.com/raf-si-2025/banka-1-go/interbank-service/internal/grpc/handlers.go:201.2,204.8 2 0
github.com/raf-si-2025/banka-1-go/interbank-service/internal/grpc/handlers.go:211.148,218.77 4 0
github.com/raf-si-2025/banka-1-go/interbank-service/internal/grpc/handlers.go:218.77,220.3 1 0
github.com/raf-si-2025/banka-1-go/interbank-service/internal/grpc/handlers.go:222.2,222.54 1 0
github.com/raf-si-2025/banka-1-go/interbank-service/internal/grpc/handlers.go:229.148,235.88 4 0
github.com/raf-si-2025/banka-1-go/interbank-service/internal/grpc/handlers.go:235.88,237.3 1 0
github.com/raf-si-2025/banka-1-go/interbank-service/internal/grpc/handlers.go:239.2,239.54 1 0
github.com/raf-si-2025/banka-1-go/interbank-service/internal/grpc/handlers.go:246.137,248.16 2 0
github.com/raf-si-2025/banka-1-go/interbank-service/internal/grpc/handlers.go:248.16,250.3 1 0
github.com/raf-si-2025/banka-1-go/interbank-service/internal/grpc/handlers.go:252.2,253.28 2 0
github.com/raf-si-2025/banka-1-go/interbank-service/internal/grpc/handlers.go:253.28,258.33 2 0
github.com/raf-si-2025/banka-1-go/interbank-service/internal/grpc/handlers.go:258.33,263.4 1 0
github.com/raf-si-2025/banka-1-go/interbank-service/internal/grpc/handlers.go:264.3,264.45 1 0
github.com/raf-si-2025/banka-1-go/interbank-service/internal/grpc/handlers.go:266.2,266.18 1 0
github.com/raf-si-2025/banka-1-go/interbank-service/internal/grpc/handlers.go:273.139,277.28 3 0
github.com/raf-si-2025/banka-1-go/interbank-service/internal/grpc/handlers.go:277.28,279.3 1 0
github.com/raf-si-2025/banka-1-go/interbank-service/internal/grpc/handlers.go:281.2,281.17 1 0
github.com/raf-si-2025/banka-1-go/interbank-service/internal/grpc/handlers.go:281.17,283.3 1 0
github.com/raf-si-2025/banka-1-go/interbank-service/internal/grpc/handlers.go:285.2,287.9 3 0
github.com/raf-si-2025/banka-1-go/interbank-service/internal/grpc/handlers.go:288.35,290.23 2 0
github.com/raf-si-2025/banka-1-go/interbank-service/internal/grpc/handlers.go:291.35,293.23 2 0
github.com/raf-si-2025/banka-1-go/interbank-service/internal/grpc/handlers.go:294.10,295.95 1 0
github.com/raf-si-2025/banka-1-go/interbank-service/internal/grpc/handlers.go:298.2,299.16 2 0
github.com/raf-si-2025/banka-1-go/interbank-service/internal/grpc/handlers.go:299.16,301.3 1 0
github.com/raf-si-2025/banka-1-go/interbank-service/internal/grpc/handlers.go:303.2,304.16 2 0
github.com/raf-si-2025/banka-1-go/interbank-service/internal/grpc/handlers.go:304.16,306.3 1 0
github.com/raf-si-2025/banka-1-go/interbank-service/internal/grpc/handlers.go:307.2,307.16 1 0
github.com/raf-si-2025/banka-1-go/interbank-service/internal/grpc/handlers.go:307.16,309.3 1 0
github.com/raf-si-2025/banka-1-go/interbank-service/internal/grpc/handlers.go:311.2,312.23 2 0
github.com/raf-si-2025/banka-1-go/interbank-service/internal/grpc/handlers.go:312.23,314.3 1 0
github.com/raf-si-2025/banka-1-go/interbank-service/internal/grpc/handlers.go:316.2,319.8 1 0
github.com/raf-si-2025/banka-1-go/interbank-service/internal/grpc/handlers.go:327.51,328.9 1 1
github.com/raf-si-2025/banka-1-go/interbank-service/internal/grpc/handlers.go:329.54,330.50 1 1
github.com/raf-si-2025/banka-1-go/interbank-service/internal/grpc/handlers.go:331.53,332.57 1 1
github.com/raf-si-2025/banka-1-go/interbank-service/internal/grpc/handlers.go:333.52,334.60 1 1
github.com/raf-si-2025/banka-1-go/interbank-service/internal/grpc/handlers.go:335.48,336.49 1 1
github.com/raf-si-2025/banka-1-go/interbank-service/internal/grpc/handlers.go:337.49,338.58 1 1
github.com/raf-si-2025/banka-1-go/interbank-service/internal/grpc/handlers.go:339.52,340.50 1 1
github.com/raf-si-2025/banka-1-go/interbank-service/internal/grpc/handlers.go:341.10,342.50 1 1
github.com/raf-si-2025/banka-1-go/interbank-service/internal/grpc/handlers.go:349.173,360.59 2 0
github.com/raf-si-2025/banka-1-go/interbank-service/internal/grpc/handlers.go:360.59,361.36 1 0
github.com/raf-si-2025/banka-1-go/interbank-service/internal/grpc/handlers.go:361.36,363.4 1 0
github.com/raf-si-2025/banka-1-go/interbank-service/internal/grpc/handlers.go:364.3,364.13 1 0
github.com/raf-si-2025/banka-1-go/interbank-service/internal/grpc/handlers.go:366.2,366.12 1 0
github.com/raf-si-2025/banka-1-go/interbank-service/internal/grpc/handlers.go:370.25,370.38 1 1
github.com/raf-si-2025/banka-1-go/interbank-service/internal/grpc/handlers.go:374.59,375.32 1 1
github.com/raf-si-2025/banka-1-go/interbank-service/internal/grpc/handlers.go:375.32,377.3 1 1
github.com/raf-si-2025/banka-1-go/interbank-service/internal/grpc/handlers.go:378.2,378.24 1 1
github.com/raf-si-2025/banka-1-go/interbank-service/internal/grpc/handlers.go:383.75,384.36 1 1
github.com/raf-si-2025/banka-1-go/interbank-service/internal/grpc/handlers.go:384.36,387.3 2 1
github.com/raf-si-2025/banka-1-go/interbank-service/internal/grpc/handlers.go:388.2,388.35 1 1
github.com/raf-si-2025/banka-1-go/interbank-service/internal/grpc/handlers.go:388.35,391.3 2 1
github.com/raf-si-2025/banka-1-go/interbank-service/internal/grpc/handlers.go:392.2,392.54 1 1
github.com/raf-si-2025/banka-1-go/interbank-service/internal/grpc/mapper.go:22.78,23.14 1 1
github.com/raf-si-2025/banka-1-go/interbank-service/internal/grpc/mapper.go:23.14,25.3 1 1
github.com/raf-si-2025/banka-1-go/interbank-service/internal/grpc/mapper.go:26.2,29.3 1 1
github.com/raf-si-2025/banka-1-go/interbank-service/internal/grpc/mapper.go:34.87,35.14 1 1
github.com/raf-si-2025/banka-1-go/interbank-service/internal/grpc/mapper.go:35.14,37.3 1 1
github.com/raf-si-2025/banka-1-go/interbank-service/internal/grpc/mapper.go:38.2,39.16 2 1
github.com/raf-si-2025/banka-1-go/interbank-service/internal/grpc/mapper.go:39.16,41.3 1 1
github.com/raf-si-2025/banka-1-go/interbank-service/internal/grpc/mapper.go:42.2,42.76 1 1
github.com/raf-si-2025/banka-1-go/interbank-service/internal/grpc/mapper.go:46.78,47.14 1 1
github.com/raf-si-2025/banka-1-go/interbank-service/internal/grpc/mapper.go:47.14,49.3 1 1
github.com/raf-si-2025/banka-1-go/interbank-service/internal/grpc/mapper.go:50.2,50.36 1 1
github.com/raf-si-2025/banka-1-go/interbank-service/internal/grpc/mapper.go:51.37,52.78 1 1
github.com/raf-si-2025/banka-1-go/interbank-service/internal/grpc/mapper.go:53.41,54.58 1 1
github.com/raf-si-2025/banka-1-go/interbank-service/internal/grpc/mapper.go:55.37,56.84 1 1
github.com/raf-si-2025/banka-1-go/interbank-service/internal/grpc/mapper.go:57.10,58.61 1 1
github.com/raf-si-2025/banka-1-go/interbank-service/internal/grpc/mapper.go:63.66,64.14 1 1
github.com/raf-si-2025/banka-1-go/interbank-service/internal/grpc/mapper.go:64.14,66.3 1 1
github.com/raf-si-2025/banka-1-go/interbank-service/internal/grpc/mapper.go:67.2,67.36 1 1
github.com/raf-si-2025/banka-1-go/interbank-service/internal/grpc/mapper.go:68.32,70.16 2 1
github.com/raf-si-2025/banka-1-go/interbank-service/internal/grpc/mapper.go:70.16,72.4 1 1
github.com/raf-si-2025/banka-1-go/interbank-service/internal/grpc/mapper.go:73.3,73.63 1 1
github.com/raf-si-2025/banka-1-go/interbank-service/internal/grpc/mapper.go:75.32,77.16 2 1
github.com/raf-si-2025/banka-1-go/interbank-service/internal/grpc/mapper.go:77.16,79.4 1 1
github.com/raf-si-2025/banka-1-go/interbank-service/internal/grpc/mapper.go:80.3,80.59 1 1
github.com/raf-si-2025/banka-1-go/interbank-service/internal/grpc/mapper.go:82.33,84.16 2 1
github.com/raf-si-2025/banka-1-go/interbank-service/internal/grpc/mapper.go:84.16,86.4 1 1
github.com/raf-si-2025/banka-1-go/interbank-service/internal/grpc/mapper.go:87.3,88.17 2 1
github.com/raf-si-2025/banka-1-go/interbank-service/internal/grpc/mapper.go:88.17,90.4 1 1
github.com/raf-si-2025/banka-1-go/interbank-service/internal/grpc/mapper.go:91.3,92.27 2 1
github.com/raf-si-2025/banka-1-go/interbank-service/internal/grpc/mapper.go:92.27,94.4 1 1
github.com/raf-si-2025/banka-1-go/interbank-service/internal/grpc/mapper.go:95.3,101.10 1 1
github.com/raf-si-2025/banka-1-go/interbank-service/internal/grpc/mapper.go:103.10,104.57 1 1
github.com/raf-si-2025/banka-1-go/interbank-service/internal/grpc/mapper.go:109.72,110.14 1 1
github.com/raf-si-2025/banka-1-go/interbank-service/internal/grpc/mapper.go:110.14,112.3 1 1
github.com/raf-si-2025/banka-1-go/interbank-service/internal/grpc/mapper.go:113.2,114.16 2 1
github.com/raf-si-2025/banka-1-go/interbank-service/internal/grpc/mapper.go:114.16,116.3 1 1
github.com/raf-si-2025/banka-1-go/interbank-service/internal/grpc/mapper.go:117.2,118.16 2 1
github.com/raf-si-2025/banka-1-go/interbank-service/internal/grpc/mapper.go:118.16,120.3 1 1
github.com/raf-si-2025/banka-1-go/interbank-service/internal/grpc/mapper.go:121.2,122.16 2 1
github.com/raf-si-2025/banka-1-go/interbank-service/internal/grpc/mapper.go:122.16,124.3 1 1
github.com/raf-si-2025/banka-1-go/interbank-service/internal/grpc/mapper.go:125.2,125.71 1 1
github.com/raf-si-2025/banka-1-go/interbank-service/internal/grpc/mapper.go:130.107,131.14 1 1
github.com/raf-si-2025/banka-1-go/interbank-service/internal/grpc/mapper.go:131.14,133.3 1 1
github.com/raf-si-2025/banka-1-go/interbank-service/internal/grpc/mapper.go:134.2,141.37 2 1
github.com/raf-si-2025/banka-1-go/interbank-service/internal/grpc/mapper.go:141.37,143.17 2 1
github.com/raf-si-2025/banka-1-go/interbank-service/internal/grpc/mapper.go:143.17,145.4 1 1
github.com/raf-si-2025/banka-1-go/interbank-service/internal/grpc/mapper.go:146.3,146.47 1 1
github.com/raf-si-2025/banka-1-go/interbank-service/internal/grpc/mapper.go:148.2,148.17 1 1
github.com/raf-si-2025/banka-1-go/interbank-service/internal/grpc/mapper.go:154.105,156.16 2 1
github.com/raf-si-2025/banka-1-go/interbank-service/internal/grpc/mapper.go:156.16,158.3 1 1
github.com/raf-si-2025/banka-1-go/interbank-service/internal/grpc/mapper.go:159.2,160.16 2 1
github.com/raf-si-2025/banka-1-go/interbank-service/internal/grpc/mapper.go:160.16,162.3 1 1
github.com/raf-si-2025/banka-1-go/interbank-service/internal/grpc/mapper.go:163.2,164.16 2 1
github.com/raf-si-2025/banka-1-go/interbank-service/internal/grpc/mapper.go:164.16,166.3 1 1
github.com/raf-si-2025/banka-1-go/interbank-service/internal/grpc/mapper.go:167.2,168.38 2 1
github.com/raf-si-2025/banka-1-go/interbank-service/internal/grpc/mapper.go:168.38,170.3 1 1
github.com/raf-si-2025/banka-1-go/interbank-service/internal/grpc/mapper.go:171.2,180.8 1 1
github.com/raf-si-2025/banka-1-go/interbank-service/internal/grpc/mapper.go:183.95,185.16 2 1
github.com/raf-si-2025/banka-1-go/interbank-service/internal/grpc/mapper.go:185.16,187.3 1 1
github.com/raf-si-2025/banka-1-go/interbank-service/internal/grpc/mapper.go:188.2,189.16 2 1
github.com/raf-si-2025/banka-1-go/interbank-service/internal/grpc/mapper.go:189.16,191.3 1 1
github.com/raf-si-2025/banka-1-go/interbank-service/internal/grpc/mapper.go:192.2,193.16 2 1
github.com/raf-si-2025/banka-1-go/interbank-service/internal/grpc/mapper.go:193.16,195.3 1 1
github.com/raf-si-2025/banka-1-go/interbank-service/internal/grpc/mapper.go:196.2,197.38 2 1
github.com/raf-si-2025/banka-1-go/interbank-service/internal/grpc/mapper.go:197.38,199.3 1 1
github.com/raf-si-2025/banka-1-go/interbank-service/internal/grpc/mapper.go:200.2,209.8 1 1
github.com/raf-si-2025/banka-1-go/interbank-service/internal/grpc/mapper.go:217.80,222.2 1 1
github.com/raf-si-2025/banka-1-go/interbank-service/internal/grpc/mapper.go:225.81,230.2 1 1
github.com/raf-si-2025/banka-1-go/interbank-service/internal/grpc/mapper.go:233.78,235.16 2 1
github.com/raf-si-2025/banka-1-go/interbank-service/internal/grpc/mapper.go:236.24,237.50 1 1
github.com/raf-si-2025/banka-1-go/interbank-service/internal/grpc/mapper.go:238.23,239.49 1 1
github.com/raf-si-2025/banka-1-go/interbank-service/internal/grpc/mapper.go:240.10,241.58 1 1
github.com/raf-si-2025/banka-1-go/interbank-service/internal/grpc/mapper.go:243.2,243.30 1 1
github.com/raf-si-2025/banka-1-go/interbank-service/internal/grpc/mapper.go:243.30,245.3 1 1
github.com/raf-si-2025/banka-1-go/interbank-service/internal/grpc/mapper.go:246.2,246.12 1 1
github.com/raf-si-2025/banka-1-go/interbank-service/internal/grpc/mapper.go:250.80,254.22 2 1
github.com/raf-si-2025/banka-1-go/interbank-service/internal/grpc/mapper.go:254.22,256.3 1 1
github.com/raf-si-2025/banka-1-go/interbank-service/internal/grpc/mapper.go:257.2,257.12 1 1
github.com/raf-si-2025/banka-1-go/interbank-service/internal/grpc/mapper.go:261.71,262.11 1 1
github.com/raf-si-2025/banka-1-go/interbank-service/internal/grpc/mapper.go:263.35,264.55 1 1
github.com/raf-si-2025/banka-1-go/interbank-service/internal/grpc/mapper.go:265.36,266.57 1 1
github.com/raf-si-2025/banka-1-go/interbank-service/internal/grpc/mapper.go:267.34,268.55 1 1
github.com/raf-si-2025/banka-1-go/interbank-service/internal/grpc/mapper.go:269.40,270.60 1 1
github.com/raf-si-2025/banka-1-go/interbank-service/internal/grpc/mapper.go:271.40,272.60 1 1
github.com/raf-si-2025/banka-1-go/interbank-service/internal/grpc/mapper.go:273.44,274.65 1 1
github.com/raf-si-2025/banka-1-go/interbank-service/internal/grpc/mapper.go:275.42,276.64 1 1
github.com/raf-si-2025/banka-1-go/interbank-service/internal/grpc/mapper.go:277.48,278.70 1 1
github.com/raf-si-2025/banka-1-go/interbank-service/internal/grpc/mapper.go:279.10,280.53 1 1
github.com/raf-si-2025/banka-1-go/interbank-service/internal/grpc/mapper.go:285.73,286.25 1 1
github.com/raf-si-2025/banka-1-go/interbank-service/internal/grpc/mapper.go:287.31,292.4 1 1
github.com/raf-si-2025/banka-1-go/interbank-service/internal/grpc/mapper.go:293.29,298.4 1 1
github.com/raf-si-2025/banka-1-go/interbank-service/internal/grpc/mapper.go:299.37,304.4 1 1
github.com/raf-si-2025/banka-1-go/interbank-service/internal/grpc/mapper.go:305.10,306.34 1 1
github.com/raf-si-2025/banka-1-go/interbank-service/internal/grpc/mapper.go:311.63,312.27 1 1
github.com/raf-si-2025/banka-1-go/interbank-service/internal/grpc/mapper.go:313.28,318.4 1 1
github.com/raf-si-2025/banka-1-go/interbank-service/internal/grpc/mapper.go:319.28,324.4 1 1
github.com/raf-si-2025/banka-1-go/interbank-service/internal/grpc/mapper.go:325.29,337.4 2 1
github.com/raf-si-2025/banka-1-go/interbank-service/internal/grpc/mapper.go:338.10,339.30 1 1
github.com/raf-si-2025/banka-1-go/interbank-service/internal/grpc/mapper.go:344.65,350.2 1 1
github.com/raf-si-2025/banka-1-go/interbank-service/internal/grpc/mapper.go:354.114,367.2 1 1
github.com/raf-si-2025/banka-1-go/interbank-service/internal/grpc/server.go:52.35,53.21 1 1
github.com/raf-si-2025/banka-1-go/interbank-service/internal/grpc/server.go:53.21,55.3 1 0
github.com/raf-si-2025/banka-1-go/interbank-service/internal/grpc/server.go:56.2,56.28 1 1
github.com/raf-si-2025/banka-1-go/interbank-service/internal/grpc/server.go:66.76,68.16 2 1
github.com/raf-si-2025/banka-1-go/interbank-service/internal/grpc/server.go:68.16,70.3 1 0
github.com/raf-si-2025/banka-1-go/interbank-service/internal/grpc/server.go:71.2,73.20 3 1
