mode: set
github.com/raf-si-2025/banka-1-go/interbank-service/internal/service/coordinator.go:90.16,91.16 1 1
github.com/raf-si-2025/banka-1-go/interbank-service/internal/service/coordinator.go:91.16,93.3 1 1
github.com/raf-si-2025/banka-1-go/interbank-service/internal/service/coordinator.go:94.2,102.3 1 1
github.com/raf-si-2025/banka-1-go/interbank-service/internal/service/coordinator.go:108.92,110.35 2 1
github.com/raf-si-2025/banka-1-go/interbank-service/internal/service/coordinator.go:110.35,112.3 1 0
github.com/raf-si-2025/banka-1-go/interbank-service/internal/service/coordinator.go:115.2,170.16 11 1
github.com/raf-si-2025/banka-1-go/interbank-service/internal/service/coordinator.go:170.16,172.3 1 0
github.com/raf-si-2025/banka-1-go/interbank-service/internal/service/coordinator.go:173.2,173.40 1 1
github.com/raf-si-2025/banka-1-go/interbank-service/internal/service/coordinator.go:173.40,175.3 1 0
github.com/raf-si-2025/banka-1-go/interbank-service/internal/service/coordinator.go:178.2,179.16 2 1
github.com/raf-si-2025/banka-1-go/interbank-service/internal/service/coordinator.go:179.16,182.3 2 1
github.com/raf-si-2025/banka-1-go/interbank-service/internal/service/coordinator.go:183.2,183.42 1 1
github.com/raf-si-2025/banka-1-go/interbank-service/internal/service/coordinator.go:183.42,187.3 3 1
github.com/raf-si-2025/banka-1-go/interbank-service/internal/service/coordinator.go:190.2,190.58 1 1
github.com/raf-si-2025/banka-1-go/interbank-service/internal/service/coordinator.go:190.58,194.3 2 0
github.com/raf-si-2025/banka-1-go/interbank-service/internal/service/coordinator.go:197.2,197.59 1 1
github.com/raf-si-2025/banka-1-go/interbank-service/internal/service/coordinator.go:197.59,201.3 1 0
github.com/raf-si-2025/banka-1-go/interbank-service/internal/service/coordinator.go:202.2,218.59 2 1
github.com/raf-si-2025/banka-1-go/interbank-service/internal/service/coordinator.go:218.59,222.3 1 0
github.com/raf-si-2025/banka-1-go/interbank-service/internal/service/coordinator.go:225.2,225.75 1 1
github.com/raf-si-2025/banka-1-go/interbank-service/internal/service/coordinator.go:225.75,228.3 1 1
github.com/raf-si-2025/banka-1-go/interbank-service/internal/service/coordinator.go:230.2,232.12 2 1
github.com/raf-si-2025/banka-1-go/interbank-service/internal/service/coordinator.go:239.132,240.55 1 1
github.com/raf-si-2025/banka-1-go/interbank-service/internal/service/coordinator.go:240.55,242.3 1 1
github.com/raf-si-2025/banka-1-go/interbank-service/internal/service/coordinator.go:244.2,245.67 2 1
github.com/raf-si-2025/banka-1-go/interbank-service/internal/service/coordinator.go:245.67,247.3 1 1
github.com/raf-si-2025/banka-1-go/interbank-service/internal/service/coordinator.go:248.2,249.16 2 1
github.com/raf-si-2025/banka-1-go/interbank-service/internal/service/coordinator.go:249.16,253.3 2 0
github.com/raf-si-2025/banka-1-go/interbank-service/internal/service/coordinator.go:254.2,255.36 2 1
github.com/raf-si-2025/banka-1-go/interbank-service/internal/service/coordinator.go:255.36,259.3 2 0
github.com/raf-si-2025/banka-1-go/interbank-service/internal/service/coordinator.go:260.2,260.47 1 1
github.com/raf-si-2025/banka-1-go/interbank-service/internal/service/coordinator.go:263.91,264.60 1 1
github.com/raf-si-2025/banka-1-go/interbank-service/internal/service/coordinator.go:264.60,266.3 1 0
github.com/raf-si-2025/banka-1-go/interbank-service/internal/service/coordinator.go:269.113,270.77 1 1
github.com/raf-si-2025/banka-1-go/interbank-service/internal/service/coordinator.go:270.77,273.3 1 0
github.com/raf-si-2025/banka-1-go/interbank-service/internal/service/coordinator.go:276.28,280.2 3 1
github.com/raf-si-2025/banka-1-go/interbank-service/internal/service/coordinator.go:282.34,286.2 3 1
github.com/raf-si-2025/banka-1-go/interbank-service/internal/service/coordinator.go:289.43,291.38 2 1
github.com/raf-si-2025/banka-1-go/interbank-service/internal/service/coordinator.go:291.38,293.3 1 0
github.com/raf-si-2025/banka-1-go/interbank-service/internal/service/coordinator.go:294.2,294.18 1 1
github.com/raf-si-2025/banka-1-go/interbank-service/internal/service/coordinator.go:294.18,296.3 1 0
github.com/raf-si-2025/banka-1-go/interbank-service/internal/service/coordinator.go:297.2,297.23 1 1
github.com/raf-si-2025/banka-1-go/interbank-service/internal/service/executor.go:109.13,110.16 1 1
github.com/raf-si-2025/banka-1-go/interbank-service/internal/service/executor.go:110.16,112.3 1 1
github.com/raf-si-2025/banka-1-go/interbank-service/internal/service/executor.go:115.2,116.22 2 1
github.com/raf-si-2025/banka-1-go/interbank-service/internal/service/executor.go:116.22,117.50 1 1
github.com/raf-si-2025/banka-1-go/interbank-service/internal/service/executor.go:117.50,119.4 1 1
github.com/raf-si-2025/banka-1-go/interbank-service/internal/service/executor.go:121.2,129.3 1 1
github.com/raf-si-2025/banka-1-go/interbank-service/internal/service/executor.go:141.129,143.72 1 1
github.com/raf-si-2025/banka-1-go/interbank-service/internal/service/executor.go:143.72,145.3 1 1
github.com/raf-si-2025/banka-1-go/interbank-service/internal/service/executor.go:148.2,149.32 2 1
github.com/raf-si-2025/banka-1-go/interbank-service/internal/service/executor.go:149.32,150.18 1 1
github.com/raf-si-2025/banka-1-go/interbank-service/internal/service/executor.go:150.18,152.4 1 1
github.com/raf-si-2025/banka-1-go/interbank-service/internal/service/executor.go:156.2,157.25 2 1
github.com/raf-si-2025/banka-1-go/interbank-service/internal/service/executor.go:157.25,159.17 2 1
github.com/raf-si-2025/banka-1-go/interbank-service/internal/service/executor.go:159.17,161.4 1 0
github.com/raf-si-2025/banka-1-go/interbank-service/internal/service/executor.go:162.3,162.15 1 1
github.com/raf-si-2025/banka-1-go/interbank-service/internal/service/executor.go:162.15,164.4 1 1
github.com/raf-si-2025/banka-1-go/interbank-service/internal/service/executor.go:166.2,166.22 1 1
github.com/raf-si-2025/banka-1-go/interbank-service/internal/service/executor.go:166.22,168.3 1 1
github.com/raf-si-2025/banka-1-go/interbank-service/internal/service/executor.go:171.2,172.25 2 1
github.com/raf-si-2025/banka-1-go/interbank-service/internal/service/executor.go:172.25,173.29 1 1
github.com/raf-si-2025/banka-1-go/interbank-service/internal/service/executor.go:173.29,175.12 1 1
github.com/raf-si-2025/banka-1-go/interbank-service/internal/service/executor.go:177.3,178.17 2 1
github.com/raf-si-2025/banka-1-go/interbank-service/internal/service/executor.go:178.17,181.4 2 1
github.com/raf-si-2025/banka-1-go/interbank-service/internal/service/executor.go:182.3,182.27 1 1
github.com/raf-si-2025/banka-1-go/interbank-service/internal/service/executor.go:186.2,205.58 4 1
github.com/raf-si-2025/banka-1-go/interbank-service/internal/service/executor.go:205.58,208.3 2 1
github.com/raf-si-2025/banka-1-go/interbank-service/internal/service/executor.go:210.2,210.62 1 1
github.com/raf-si-2025/banka-1-go/interbank-service/internal/service/executor.go:223.88,225.16 2 1
github.com/raf-si-2025/banka-1-go/interbank-service/internal/service/executor.go:225.16,227.3 1 0
github.com/raf-si-2025/banka-1-go/interbank-service/internal/service/executor.go:228.2,228.15 1 1
github.com/raf-si-2025/banka-1-go/interbank-service/internal/service/executor.go:228.15,232.3 2 1
github.com/raf-si-2025/banka-1-go/interbank-service/internal/service/executor.go:233.2,233.42 1 1
github.com/raf-si-2025/banka-1-go/interbank-service/internal/service/executor.go:233.42,237.3 2 1
github.com/raf-si-2025/banka-1-go/interbank-service/internal/service/executor.go:238.2,238.41 1 1
github.com/raf-si-2025/banka-1-go/interbank-service/internal/service/executor.go:238.41,240.3 1 1
github.com/raf-si-2025/banka-1-go/interbank-service/internal/service/executor.go:242.2,242.41 1 1
github.com/raf-si-2025/banka-1-go/interbank-service/internal/service/executor.go:242.41,243.47 1 1
github.com/raf-si-2025/banka-1-go/interbank-service/internal/service/executor.go:243.47,245.117 1 0
github.com/raf-si-2025/banka-1-go/interbank-service/internal/service/executor.go:245.117,248.5 1 0
github.com/raf-si-2025/banka-1-go/interbank-service/internal/service/executor.go:249.4,249.63 1 0
github.com/raf-si-2025/banka-1-go/interbank-service/internal/service/executor.go:253.2,253.90 1 1
github.com/raf-si-2025/banka-1-go/interbank-service/internal/service/executor.go:263.90,265.16 2 1
github.com/raf-si-2025/banka-1-go/interbank-service/internal/service/executor.go:265.16,267.3 1 0
github.com/raf-si-2025/banka-1-go/interbank-service/internal/service/executor.go:268.2,268.15 1 1
github.com/raf-si-2025/banka-1-go/interbank-service/internal/service/executor.go:268.15,272.3 2 1
github.com/raf-si-2025/banka-1-go/interbank-service/internal/service/executor.go:273.2,273.41 1 1
github.com/raf-si-2025/banka-1-go/interbank-service/internal/service/executor.go:273.41,277.3 2 1
github.com/raf-si-2025/banka-1-go/interbank-service/internal/service/executor.go:280.2,282.91 2 1
github.com/raf-si-2025/banka-1-go/interbank-service/internal/service/executor.go:294.52,295.33 1 1
github.com/raf-si-2025/banka-1-go/interbank-service/internal/service/executor.go:296.29,297.44 1 1
github.com/raf-si-2025/banka-1-go/interbank-service/internal/service/executor.go:298.31,299.45 1 1
github.com/raf-si-2025/banka-1-go/interbank-service/internal/service/executor.go:300.37,301.45 1 1
github.com/raf-si-2025/banka-1-go/interbank-service/internal/service/executor.go:303.2,303.14 1 0
github.com/raf-si-2025/banka-1-go/interbank-service/internal/service/executor.go:308.135,309.33 1 1
github.com/raf-si-2025/banka-1-go/interbank-service/internal/service/executor.go:311.28,312.52 1 1
github.com/raf-si-2025/banka-1-go/interbank-service/internal/service/executor.go:314.28,315.52 1 0
github.com/raf-si-2025/banka-1-go/interbank-service/internal/service/executor.go:317.29,318.53 1 1
github.com/raf-si-2025/banka-1-go/interbank-service/internal/service/executor.go:320.10,321.88 1 0
github.com/raf-si-2025/banka-1-go/interbank-service/internal/service/executor.go:327.168,328.17 1 1
github.com/raf-si-2025/banka-1-go/interbank-service/internal/service/executor.go:328.17,330.3 1 0
github.com/raf-si-2025/banka-1-go/interbank-service/internal/service/executor.go:332.2,333.33 2 1
github.com/raf-si-2025/banka-1-go/interbank-service/internal/service/executor.go:334.29,335.23 1 1
github.com/raf-si-2025/banka-1-go/interbank-service/internal/service/executor.go:337.31,339.42 1 0
github.com/raf-si-2025/banka-1-go/interbank-service/internal/service/executor.go:339.42,342.4 1 0
github.com/raf-si-2025/banka-1-go/interbank-service/internal/service/executor.go:343.3,344.17 2 0
github.com/raf-si-2025/banka-1-go/interbank-service/internal/service/executor.go:344.17,346.4 1 0
github.com/raf-si-2025/banka-1-go/interbank-service/internal/service/executor.go:347.3,348.30 2 0
github.com/raf-si-2025/banka-1-go/interbank-service/internal/service/executor.go:348.30,350.4 1 0
github.com/raf-si-2025/banka-1-go/interbank-service/internal/service/executor.go:351.3,351.19 1 0
github.com/raf-si-2025/banka-1-go/interbank-service/internal/service/executor.go:353.10,354.114 1 0
github.com/raf-si-2025/banka-1-go/interbank-service/internal/service/executor.go:357.2,358.16 2 1
github.com/raf-si-2025/banka-1-go/interbank-service/internal/service/executor.go:358.16,360.3 1 1
github.com/raf-si-2025/banka-1-go/interbank-service/internal/service/executor.go:361.2,361.82 1 1
github.com/raf-si-2025/banka-1-go/interbank-service/internal/service/executor.go:365.168,366.17 1 0
github.com/raf-si-2025/banka-1-go/interbank-service/internal/service/executor.go:366.17,368.3 1 0
github.com/raf-si-2025/banka-1-go/interbank-service/internal/service/executor.go:370.2,371.9 2 0
github.com/raf-si-2025/banka-1-go/interbank-service/internal/service/executor.go:371.9,373.3 1 0
github.com/raf-si-2025/banka-1-go/interbank-service/internal/service/executor.go:374.2,374.44 1 0
github.com/raf-si-2025/banka-1-go/interbank-service/internal/service/executor.go:374.44,377.3 1 0
github.com/raf-si-2025/banka-1-go/interbank-service/internal/service/executor.go:379.2,380.16 2 0
github.com/raf-si-2025/banka-1-go/interbank-service/internal/service/executor.go:380.16,382.3 1 0
github.com/raf-si-2025/banka-1-go/interbank-service/internal/service/executor.go:384.2,385.16 2 0
github.com/raf-si-2025/banka-1-go/interbank-service/internal/service/executor.go:385.16,387.3 1 0
github.com/raf-si-2025/banka-1-go/interbank-service/internal/service/executor.go:388.2,388.82 1 0
github.com/raf-si-2025/banka-1-go/interbank-service/internal/service/executor.go:395.170,396.17 1 1
github.com/raf-si-2025/banka-1-go/interbank-service/internal/service/executor.go:396.17,398.3 1 0
github.com/raf-si-2025/banka-1-go/interbank-service/internal/service/executor.go:400.2,401.9 2 1
github.com/raf-si-2025/banka-1-go/interbank-service/internal/service/executor.go:401.9,403.3 1 0
github.com/raf-si-2025/banka-1-go/interbank-service/internal/service/executor.go:404.2,404.44 1 1
github.com/raf-si-2025/banka-1-go/interbank-service/internal/service/executor.go:404.44,407.3 1 0
github.com/raf-si-2025/banka-1-go/interbank-service/internal/service/executor.go:409.2,414.24 3 1
github.com/raf-si-2025/banka-1-go/interbank-service/internal/service/executor.go:414.24,416.17 2 1
github.com/raf-si-2025/banka-1-go/interbank-service/internal/service/executor.go:416.17,418.4 1 0
github.com/raf-si-2025/banka-1-go/interbank-service/internal/service/executor.go:419.3,419.24 1 1
github.com/raf-si-2025/banka-1-go/interbank-service/internal/service/executor.go:422.2,423.16 2 1
github.com/raf-si-2025/banka-1-go/interbank-service/internal/service/executor.go:423.16,425.3 1 0
github.com/raf-si-2025/banka-1-go/interbank-service/internal/service/executor.go:427.2,432.8 2 1
github.com/raf-si-2025/banka-1-go/interbank-service/internal/service/executor.go:436.83,437.18 1 1
github.com/raf-si-2025/banka-1-go/interbank-service/internal/service/executor.go:438.26,439.18 1 1
github.com/raf-si-2025/banka-1-go/interbank-service/internal/service/executor.go:439.18,441.4 1 0
github.com/raf-si-2025/banka-1-go/interbank-service/internal/service/executor.go:442.3,442.50 1 1
github.com/raf-si-2025/banka-1-go/interbank-service/internal/service/executor.go:444.26,445.18 1 1
github.com/raf-si-2025/banka-1-go/interbank-service/internal/service/executor.go:445.18,447.4 1 0
github.com/raf-si-2025/banka-1-go/interbank-service/internal/service/executor.go:448.3,448.50 1 1
github.com/raf-si-2025/banka-1-go/interbank-service/internal/service/executor.go:450.27,451.18 1 1
github.com/raf-si-2025/banka-1-go/interbank-service/internal/service/executor.go:451.18,453.4 1 0
github.com/raf-si-2025/banka-1-go/interbank-service/internal/service/executor.go:454.3,454.64 1 1
github.com/raf-si-2025/banka-1-go/interbank-service/internal/service/executor.go:454.64,456.4 1 0
github.com/raf-si-2025/banka-1-go/interbank-service/internal/service/executor.go:457.3,460.5 1 1
github.com/raf-si-2025/banka-1-go/interbank-service/internal/service/executor.go:462.10,464.13 2 0
github.com/raf-si-2025/banka-1-go/interbank-service/internal/service/executor.go:470.78,472.18 2 1
github.com/raf-si-2025/banka-1-go/interbank-service/internal/service/executor.go:473.26,474.18 1 1
github.com/raf-si-2025/banka-1-go/interbank-service/internal/service/executor.go:474.18,476.4 1 1
github.com/raf-si-2025/banka-1-go/interbank-service/internal/service/executor.go:477.26,478.18 1 1
github.com/raf-si-2025/banka-1-go/interbank-service/internal/service/executor.go:478.18,480.4 1 1
github.com/raf-si-2025/banka-1-go/interbank-service/internal/service/executor.go:481.27,482.79 1 1
github.com/raf-si-2025/banka-1-go/interbank-service/internal/service/executor.go:482.79,487.4 1 1
github.com/raf-si-2025/banka-1-go/interbank-service/internal/service/executor.go:488.10,490.9 2 0
github.com/raf-si-2025/banka-1-go/interbank-service/internal/service/executor.go:492.2,492.16 1 1
github.com/raf-si-2025/banka-1-go/interbank-service/internal/service/executor.go:492.16,497.3 1 0
github.com/raf-si-2025/banka-1-go/interbank-service/internal/service/executor.go:502.81,503.38 1 1
github.com/raf-si-2025/banka-1-go/interbank-service/internal/service/executor.go:503.38,505.3 1 1
github.com/raf-si-2025/banka-1-go/interbank-service/internal/service/otc_negotiation.go:86.26,87.16 1 1
github.com/raf-si-2025/banka-1-go/interbank-service/internal/service/otc_negotiation.go:87.16,89.3 1 1
github.com/raf-si-2025/banka-1-go/interbank-service/internal/service/otc_negotiation.go:90.2,95.3 1 1
github.com/raf-si-2025/banka-1-go/interbank-service/internal/service/otc_negotiation.go:100.142,101.49 1 1
github.com/raf-si-2025/banka-1-go/interbank-service/internal/service/otc_negotiation.go:101.49,104.3 1 1
github.com/raf-si-2025/banka-1-go/interbank-service/internal/service/otc_negotiation.go:105.2,105.50 1 1
github.com/raf-si-2025/banka-1-go/interbank-service/internal/service/otc_negotiation.go:105.50,108.3 1 1
github.com/raf-si-2025/banka-1-go/interbank-service/internal/service/otc_negotiation.go:109.2,109.57 1 1
github.com/raf-si-2025/banka-1-go/interbank-service/internal/service/otc_negotiation.go:109.57,112.3 1 0
github.com/raf-si-2025/banka-1-go/interbank-service/internal/service/otc_negotiation.go:113.2,113.45 1 1
github.com/raf-si-2025/banka-1-go/interbank-service/internal/service/otc_negotiation.go:113.45,116.3 1 1
github.com/raf-si-2025/banka-1-go/interbank-service/internal/service/otc_negotiation.go:117.2,117.23 1 1
github.com/raf-si-2025/banka-1-go/interbank-service/internal/service/otc_negotiation.go:117.23,120.3 1 1
github.com/raf-si-2025/banka-1-go/interbank-service/internal/service/otc_negotiation.go:121.2,121.82 1 1
github.com/raf-si-2025/banka-1-go/interbank-service/internal/service/otc_negotiation.go:121.82,124.3 1 0
github.com/raf-si-2025/banka-1-go/interbank-service/internal/service/otc_negotiation.go:125.2,125.39 1 1
github.com/raf-si-2025/banka-1-go/interbank-service/internal/service/otc_negotiation.go:125.39,128.3 1 0
github.com/raf-si-2025/banka-1-go/interbank-service/internal/service/otc_negotiation.go:130.2,149.47 3 1
github.com/raf-si-2025/banka-1-go/interbank-service/internal/service/otc_negotiation.go:149.47,151.3 1 0
github.com/raf-si-2025/banka-1-go/interbank-service/internal/service/otc_negotiation.go:152.2,157.72 2 1
github.com/raf-si-2025/banka-1-go/interbank-service/internal/service/otc_negotiation.go:161.115,163.16 2 1
github.com/raf-si-2025/banka-1-go/interbank-service/internal/service/otc_negotiation.go:163.16,165.3 1 0
github.com/raf-si-2025/banka-1-go/interbank-service/internal/service/otc_negotiation.go:166.2,166.16 1 1
github.com/raf-si-2025/banka-1-go/interbank-service/internal/service/otc_negotiation.go:166.16,168.3 1 1
github.com/raf-si-2025/banka-1-go/interbank-service/internal/service/otc_negotiation.go:169.2,169.24 1 1
github.com/raf-si-2025/banka-1-go/interbank-service/internal/service/otc_negotiation.go:174.131,176.16 2 1
github.com/raf-si-2025/banka-1-go/interbank-service/internal/service/otc_negotiation.go:176.16,178.3 1 0
github.com/raf-si-2025/banka-1-go/interbank-service/internal/service/otc_negotiation.go:179.2,179.16 1 1
github.com/raf-si-2025/banka-1-go/interbank-service/internal/service/otc_negotiation.go:179.16,181.3 1 1
github.com/raf-si-2025/banka-1-go/interbank-service/internal/service/otc_negotiation.go:182.2,182.20 1 1
github.com/raf-si-2025/banka-1-go/interbank-service/internal/service/otc_negotiation.go:182.20,184.3 1 1
github.com/raf-si-2025/banka-1-go/interbank-service/internal/service/otc_negotiation.go:185.2,185.75 1 1
github.com/raf-si-2025/banka-1-go/interbank-service/internal/service/otc_negotiation.go:185.75,187.3 1 0
github.com/raf-si-2025/banka-1-go/interbank-service/internal/service/otc_negotiation.go:189.2,189.57 1 1
github.com/raf-si-2025/banka-1-go/interbank-service/internal/service/otc_negotiation.go:189.57,192.3 1 0
github.com/raf-si-2025/banka-1-go/interbank-service/internal/service/otc_negotiation.go:194.2,194.48 1 1
github.com/raf-si-2025/banka-1-go/interbank-service/internal/service/otc_negotiation.go:194.48,197.3 1 1
github.com/raf-si-2025/banka-1-go/interbank-service/internal/service/otc_negotiation.go:199.2,199.45 1 1
github.com/raf-si-2025/banka-1-go/interbank-service/internal/service/otc_negotiation.go:199.45,201.3 1 0
github.com/raf-si-2025/banka-1-go/interbank-service/internal/service/otc_negotiation.go:202.2,202.23 1 1
github.com/raf-si-2025/banka-1-go/interbank-service/internal/service/otc_negotiation.go:202.23,204.3 1 0
github.com/raf-si-2025/banka-1-go/interbank-service/internal/service/otc_negotiation.go:205.2,205.82 1 1
github.com/raf-si-2025/banka-1-go/interbank-service/internal/service/otc_negotiation.go:205.82,207.3 1 0
github.com/raf-si-2025/banka-1-go/interbank-service/internal/service/otc_negotiation.go:208.2,208.39 1 1
github.com/raf-si-2025/banka-1-go/interbank-service/internal/service/otc_negotiation.go:208.39,210.3 1 0
github.com/raf-si-2025/banka-1-go/interbank-service/internal/service/otc_negotiation.go:212.2,221.56 9 1
github.com/raf-si-2025/banka-1-go/interbank-service/internal/service/otc_negotiation.go:221.56,223.3 1 0
github.com/raf-si-2025/banka-1-go/interbank-service/internal/service/otc_negotiation.go:224.2,225.12 2 1
github.com/raf-si-2025/banka-1-go/interbank-service/internal/service/otc_negotiation.go:229.105,231.16 2 1
github.com/raf-si-2025/banka-1-go/interbank-service/internal/service/otc_negotiation.go:231.16,233.3 1 0
github.com/raf-si-2025/banka-1-go/interbank-service/internal/service/otc_negotiation.go:234.2,234.16 1 1
github.com/raf-si-2025/banka-1-go/interbank-service/internal/service/otc_negotiation.go:234.16,238.3 2 1
github.com/raf-si-2025/banka-1-go/interbank-service/internal/service/otc_negotiation.go:240.2,240.77 1 1
github.com/raf-si-2025/banka-1-go/interbank-service/internal/service/otc_negotiation.go:240.77,243.3 1 0
github.com/raf-si-2025/banka-1-go/interbank-service/internal/service/otc_negotiation.go:244.2,244.19 1 1
github.com/raf-si-2025/banka-1-go/interbank-service/internal/service/otc_negotiation.go:244.19,245.53 1 1
github.com/raf-si-2025/banka-1-go/interbank-service/internal/service/otc_negotiation.go:245.53,247.4 1 0
github.com/raf-si-2025/banka-1-go/interbank-service/internal/service/otc_negotiation.go:248.3,248.100 1 1
github.com/raf-si-2025/banka-1-go/interbank-service/internal/service/otc_negotiation.go:249.8,251.3 1 0
github.com/raf-si-2025/banka-1-go/interbank-service/internal/service/otc_negotiation.go:252.2,252.12 1 1
github.com/raf-si-2025/banka-1-go/interbank-service/internal/service/otc_negotiation.go:257.116,259.16 2 1
github.com/raf-si-2025/banka-1-go/interbank-service/internal/service/otc_negotiation.go:259.16,261.3 1 0
github.com/raf-si-2025/banka-1-go/interbank-service/internal/service/otc_negotiation.go:262.2,262.16 1 1
github.com/raf-si-2025/banka-1-go/interbank-service/internal/service/otc_negotiation.go:262.16,264.3 1 1
github.com/raf-si-2025/banka-1-go/interbank-service/internal/service/otc_negotiation.go:266.2,266.77 1 1
github.com/raf-si-2025/banka-1-go/interbank-service/internal/service/otc_negotiation.go:266.77,268.3 1 0
github.com/raf-si-2025/banka-1-go/interbank-service/internal/service/otc_negotiation.go:269.2,269.20 1 1
github.com/raf-si-2025/banka-1-go/interbank-service/internal/service/otc_negotiation.go:269.20,271.3 1 1
github.com/raf-si-2025/banka-1-go/interbank-service/internal/service/otc_negotiation.go:272.2,272.75 1 1
github.com/raf-si-2025/banka-1-go/interbank-service/internal/service/otc_negotiation.go:272.75,274.3 1 0
github.com/raf-si-2025/banka-1-go/interbank-service/internal/service/otc_negotiation.go:276.2,276.48 1 1
github.com/raf-si-2025/banka-1-go/interbank-service/internal/service/otc_negotiation.go:276.48,278.3 1 1
github.com/raf-si-2025/banka-1-go/interbank-service/internal/service/otc_negotiation.go:279.2,279.50 1 1
github.com/raf-si-2025/banka-1-go/interbank-service/internal/service/otc_negotiation.go:286.52,307.2 1 1
github.com/raf-si-2025/banka-1-go/interbank-service/internal/service/otc_negotiation.go:309.37,313.2 3 1
github.com/raf-si-2025/banka-1-go/interbank-service/internal/service/otc_negotiation.go:321.83,323.2 1 1
github.com/raf-si-2025/banka-1-go/interbank-service/internal/service/otc_negotiation.go:326.99,328.16 2 1
github.com/raf-si-2025/banka-1-go/interbank-service/internal/service/otc_negotiation.go:328.16,330.3 1 0
github.com/raf-si-2025/banka-1-go/interbank-service/internal/service/otc_negotiation.go:331.2,331.16 1 1
github.com/raf-si-2025/banka-1-go/interbank-service/internal/service/otc_negotiation.go:331.16,333.3 1 0
github.com/raf-si-2025/banka-1-go/interbank-service/internal/service/otc_negotiation.go:334.2,334.26 1 1
github.com/raf-si-2025/banka-1-go/interbank-service/internal/service/otc_negotiation.go:338.125,340.16 2 1
github.com/raf-si-2025/banka-1-go/interbank-service/internal/service/otc_negotiation.go:340.16,342.3 1 0
github.com/raf-si-2025/banka-1-go/interbank-service/internal/service/otc_negotiation.go:343.2,343.16 1 1
github.com/raf-si-2025/banka-1-go/interbank-service/internal/service/otc_negotiation.go:343.16,345.3 1 0
github.com/raf-si-2025/banka-1-go/interbank-service/internal/service/otc_negotiation.go:346.2,351.8 1 1
github.com/raf-si-2025/banka-1-go/interbank-service/internal/service/otc_outbound.go:137.23,138.16 1 1
github.com/raf-si-2025/banka-1-go/interbank-service/internal/service/otc_outbound.go:138.16,140.3 1 1
github.com/raf-si-2025/banka-1-go/interbank-service/internal/service/otc_outbound.go:141.2,148.3 1 1
github.com/raf-si-2025/banka-1-go/interbank-service/internal/service/otc_outbound.go:168.36,171.23 2 1
github.com/raf-si-2025/banka-1-go/interbank-service/internal/service/otc_outbound.go:171.23,173.3 1 0
github.com/raf-si-2025/banka-1-go/interbank-service/internal/service/otc_outbound.go:174.2,174.23 1 1
github.com/raf-si-2025/banka-1-go/interbank-service/internal/service/otc_outbound.go:174.23,176.3 1 0
github.com/raf-si-2025/banka-1-go/interbank-service/internal/service/otc_outbound.go:178.2,178.44 1 1
github.com/raf-si-2025/banka-1-go/interbank-service/internal/service/otc_outbound.go:178.44,181.3 1 1
github.com/raf-si-2025/banka-1-go/interbank-service/internal/service/otc_outbound.go:182.2,182.43 1 1
github.com/raf-si-2025/banka-1-go/interbank-service/internal/service/otc_outbound.go:182.43,184.3 1 0
github.com/raf-si-2025/banka-1-go/interbank-service/internal/service/otc_outbound.go:185.2,185.21 1 1
github.com/raf-si-2025/banka-1-go/interbank-service/internal/service/otc_outbound.go:185.21,187.3 1 0
github.com/raf-si-2025/banka-1-go/interbank-service/internal/service/otc_outbound.go:188.2,188.64 1 1
github.com/raf-si-2025/banka-1-go/interbank-service/internal/service/otc_outbound.go:188.64,190.3 1 0
github.com/raf-si-2025/banka-1-go/interbank-service/internal/service/otc_outbound.go:191.2,191.30 1 1
github.com/raf-si-2025/banka-1-go/interbank-service/internal/service/otc_outbound.go:191.30,193.3 1 0
github.com/raf-si-2025/banka-1-go/interbank-service/internal/service/otc_outbound.go:195.2,211.16 6 1
github.com/raf-si-2025/banka-1-go/interbank-service/internal/service/otc_outbound.go:211.16,213.3 1 1
github.com/raf-si-2025/banka-1-go/interbank-service/internal/service/otc_outbound.go:214.2,214.42 1 1
github.com/raf-si-2025/banka-1-go/interbank-service/internal/service/otc_outbound.go:214.42,216.3 1 0
github.com/raf-si-2025/banka-1-go/interbank-service/internal/service/otc_outbound.go:219.2,239.47 3 1
github.com/raf-si-2025/banka-1-go/interbank-service/internal/service/otc_outbound.go:239.47,241.3 1 0
github.com/raf-si-2025/banka-1-go/interbank-service/internal/service/otc_outbound.go:243.2,249.22 2 1
github.com/raf-si-2025/banka-1-go/interbank-service/internal/service/otc_outbound.go:262.30,264.14 2 1
github.com/raf-si-2025/banka-1-go/interbank-service/internal/service/otc_outbound.go:264.14,265.27 1 1
github.com/raf-si-2025/banka-1-go/interbank-service/internal/service/otc_outbound.go:265.27,267.4 1 0
github.com/raf-si-2025/banka-1-go/interbank-service/internal/service/otc_outbound.go:268.3,268.55 1 1
github.com/raf-si-2025/banka-1-go/interbank-service/internal/service/otc_outbound.go:271.2,272.16 2 1
github.com/raf-si-2025/banka-1-go/interbank-service/internal/service/otc_outbound.go:272.16,274.3 1 0
github.com/raf-si-2025/banka-1-go/interbank-service/internal/service/otc_outbound.go:276.2,277.25 2 1
github.com/raf-si-2025/banka-1-go/interbank-service/internal/service/otc_outbound.go:277.25,279.3 1 1
github.com/raf-si-2025/banka-1-go/interbank-service/internal/service/otc_outbound.go:280.2,280.19 1 1
github.com/raf-si-2025/banka-1-go/interbank-service/internal/service/otc_outbound.go:289.95,291.16 2 0
github.com/raf-si-2025/banka-1-go/interbank-service/internal/service/otc_outbound.go:291.16,293.3 1 0
github.com/raf-si-2025/banka-1-go/interbank-service/internal/service/otc_outbound.go:294.2,295.16 2 0
github.com/raf-si-2025/banka-1-go/interbank-service/internal/service/otc_outbound.go:313.26,314.26 1 1
github.com/raf-si-2025/banka-1-go/interbank-service/internal/service/otc_outbound.go:314.26,316.3 1 0
github.com/raf-si-2025/banka-1-go/interbank-service/internal/service/otc_outbound.go:318.2,319.16 2 1
github.com/raf-si-2025/banka-1-go/interbank-service/internal/service/otc_outbound.go:319.16,321.3 1 0
github.com/raf-si-2025/banka-1-go/interbank-service/internal/service/otc_outbound.go:322.2,322.18 1 1
github.com/raf-si-2025/banka-1-go/interbank-service/internal/service/otc_outbound.go:322.18,324.3 1 0
github.com/raf-si-2025/banka-1-go/interbank-service/internal/service/otc_outbound.go:325.2,325.71 1 1
github.com/raf-si-2025/banka-1-go/interbank-service/internal/service/otc_outbound.go:325.71,327.3 1 0
github.com/raf-si-2025/banka-1-go/interbank-service/internal/service/otc_outbound.go:328.2,328.44 1 1
github.com/raf-si-2025/banka-1-go/interbank-service/internal/service/otc_outbound.go:328.44,330.3 1 1
github.com/raf-si-2025/banka-1-go/interbank-service/internal/service/otc_outbound.go:331.2,331.43 1 1
github.com/raf-si-2025/banka-1-go/interbank-service/internal/service/otc_outbound.go:331.43,333.3 1 0
github.com/raf-si-2025/banka-1-go/interbank-service/internal/service/otc_outbound.go:334.2,334.21 1 1
github.com/raf-si-2025/banka-1-go/interbank-service/internal/service/otc_outbound.go:334.21,336.3 1 0
github.com/raf-si-2025/banka-1-go/interbank-service/internal/service/otc_outbound.go:337.2,337.64 1 1
github.com/raf-si-2025/banka-1-go/interbank-service/internal/service/otc_outbound.go:337.64,339.3 1 0
github.com/raf-si-2025/banka-1-go/interbank-service/internal/service/otc_outbound.go:340.2,340.30 1 1
github.com/raf-si-2025/banka-1-go/interbank-service/internal/service/otc_outbound.go:340.30,342.3 1 0
github.com/raf-si-2025/banka-1-go/interbank-service/internal/service/otc_outbound.go:344.2,360.23 6 1
github.com/raf-si-2025/banka-1-go/interbank-service/internal/service/otc_outbound.go:360.23,362.95 1 0
github.com/raf-si-2025/banka-1-go/interbank-service/internal/service/otc_outbound.go:362.95,364.4 1 0
github.com/raf-si-2025/banka-1-go/interbank-service/internal/service/otc_outbound.go:365.3,368.38 3 0
github.com/raf-si-2025/banka-1-go/interbank-service/internal/service/otc_outbound.go:368.38,370.4 1 0
github.com/raf-si-2025/banka-1-go/interbank-service/internal/service/otc_outbound.go:371.3,372.55 2 0
github.com/raf-si-2025/banka-1-go/interbank-service/internal/service/otc_outbound.go:376.2,380.16 4 1
github.com/raf-si-2025/banka-1-go/interbank-service/internal/service/otc_outbound.go:380.16,387.3 3 0
github.com/raf-si-2025/banka-1-go/interbank-service/internal/service/otc_outbound.go:389.2,389.43 1 1
github.com/raf-si-2025/banka-1-go/interbank-service/internal/service/otc_outbound.go:389.43,399.67 9 1
github.com/raf-si-2025/banka-1-go/interbank-service/internal/service/otc_outbound.go:399.67,402.4 1 0
github.com/raf-si-2025/banka-1-go/interbank-service/internal/service/otc_outbound.go:403.3,404.62 2 1
github.com/raf-si-2025/banka-1-go/interbank-service/internal/service/otc_outbound.go:406.2,406.51 1 0
github.com/raf-si-2025/banka-1-go/interbank-service/internal/service/otc_outbound.go:419.16,421.16 2 1
github.com/raf-si-2025/banka-1-go/interbank-service/internal/service/otc_outbound.go:421.16,423.3 1 0
github.com/raf-si-2025/banka-1-go/interbank-service/internal/service/otc_outbound.go:424.2,424.18 1 1
github.com/raf-si-2025/banka-1-go/interbank-service/internal/service/otc_outbound.go:424.18,426.3 1 0
github.com/raf-si-2025/banka-1-go/interbank-service/internal/service/otc_outbound.go:427.2,427.71 1 1
github.com/raf-si-2025/banka-1-go/interbank-service/internal/service/otc_outbound.go:427.71,429.3 1 0
github.com/raf-si-2025/banka-1-go/interbank-service/internal/service/otc_outbound.go:430.2,430.44 1 1
github.com/raf-si-2025/banka-1-go/interbank-service/internal/service/otc_outbound.go:430.44,432.3 1 0
github.com/raf-si-2025/banka-1-go/interbank-service/internal/service/otc_outbound.go:434.2,434.23 1 1
github.com/raf-si-2025/banka-1-go/interbank-service/internal/service/otc_outbound.go:434.23,437.92 1 0
github.com/raf-si-2025/banka-1-go/interbank-service/internal/service/otc_outbound.go:437.92,439.4 1 0
github.com/raf-si-2025/banka-1-go/interbank-service/internal/service/otc_outbound.go:440.3,440.18 1 0
github.com/raf-si-2025/banka-1-go/interbank-service/internal/service/otc_outbound.go:444.2,444.35 1 1
github.com/raf-si-2025/banka-1-go/interbank-service/internal/service/otc_outbound.go:444.35,447.3 1 0
github.com/raf-si-2025/banka-1-go/interbank-service/internal/service/otc_outbound.go:448.2,452.22 4 1
github.com/raf-si-2025/banka-1-go/interbank-service/internal/service/otc_outbound.go:452.22,456.3 2 0
github.com/raf-si-2025/banka-1-go/interbank-service/internal/service/otc_outbound.go:457.2,458.24 2 1
github.com/raf-si-2025/banka-1-go/interbank-service/internal/service/otc_outbound.go:466.83,468.16 2 1
github.com/raf-si-2025/banka-1-go/interbank-service/internal/service/otc_outbound.go:468.16,470.3 1 0
github.com/raf-si-2025/banka-1-go/interbank-service/internal/service/otc_outbound.go:471.2,471.14 1 1
github.com/raf-si-2025/banka-1-go/interbank-service/internal/service/otc_outbound.go:471.14,474.17 2 1
github.com/raf-si-2025/banka-1-go/interbank-service/internal/service/otc_outbound.go:474.17,476.4 1 0
github.com/raf-si-2025/banka-1-go/interbank-service/internal/service/otc_outbound.go:478.2,478.14 1 1
github.com/raf-si-2025/banka-1-go/interbank-service/internal/service/otc_outbound.go:478.14,482.3 2 1
github.com/raf-si-2025/banka-1-go/interbank-service/internal/service/otc_outbound.go:484.2,487.80 3 1
github.com/raf-si-2025/banka-1-go/interbank-service/internal/service/otc_outbound.go:487.80,490.3 1 0
github.com/raf-si-2025/banka-1-go/interbank-service/internal/service/otc_outbound.go:491.2,491.17 1 1
github.com/raf-si-2025/banka-1-go/interbank-service/internal/service/otc_outbound.go:491.17,492.65 1 1
github.com/raf-si-2025/banka-1-go/interbank-service/internal/service/otc_outbound.go:492.65,494.4 1 0
github.com/raf-si-2025/banka-1-go/interbank-service/internal/service/otc_outbound.go:496.2,497.12 2 1
github.com/raf-si-2025/banka-1-go/interbank-service/internal/service/otc_outbound.go:506.126,507.29 1 1
github.com/raf-si-2025/banka-1-go/interbank-service/internal/service/otc_outbound.go:507.29,509.3 1 1
github.com/raf-si-2025/banka-1-go/interbank-service/internal/service/otc_outbound.go:510.2,510.57 1 1
github.com/raf-si-2025/banka-1-go/interbank-service/internal/service/otc_outbound.go:519.110,521.16 2 1
github.com/raf-si-2025/banka-1-go/interbank-service/internal/service/otc_outbound.go:521.16,523.3 1 0
github.com/raf-si-2025/banka-1-go/interbank-service/internal/service/otc_outbound.go:524.2,524.14 1 1
github.com/raf-si-2025/banka-1-go/interbank-service/internal/service/otc_outbound.go:524.14,526.3 1 1
github.com/raf-si-2025/banka-1-go/interbank-service/internal/service/otc_outbound.go:528.2,529.16 2 0
github.com/raf-si-2025/banka-1-go/interbank-service/internal/service/otc_outbound.go:529.16,531.3 1 0
github.com/raf-si-2025/banka-1-go/interbank-service/internal/service/otc_outbound.go:532.2,532.14 1 0
github.com/raf-si-2025/banka-1-go/interbank-service/internal/service/otc_outbound.go:532.14,534.3 1 0
github.com/raf-si-2025/banka-1-go/interbank-service/internal/service/otc_outbound.go:535.2,535.15 1 0
github.com/raf-si-2025/banka-1-go/interbank-service/internal/service/otc_outbound.go:539.105,541.16 2 1
github.com/raf-si-2025/banka-1-go/interbank-service/internal/service/otc_outbound.go:541.16,543.3 1 0
github.com/raf-si-2025/banka-1-go/interbank-service/internal/service/otc_outbound.go:544.2,544.15 1 1
github.com/raf-si-2025/banka-1-go/interbank-service/internal/service/otc_outbound.go:548.73,549.35 1 1
github.com/raf-si-2025/banka-1-go/interbank-service/internal/service/otc_outbound.go:549.35,551.3 1 1
github.com/raf-si-2025/banka-1-go/interbank-service/internal/service/otc_outbound.go:552.2,552.23 1 1
github.com/raf-si-2025/banka-1-go/interbank-service/internal/service/otc_outbound.go:558.97,561.66 3 1
github.com/raf-si-2025/banka-1-go/interbank-service/internal/service/otc_outbound.go:561.66,563.3 1 1
github.com/raf-si-2025/banka-1-go/interbank-service/internal/service/otc_outbound.go:564.2,564.76 1 1
github.com/raf-si-2025/banka-1-go/interbank-service/internal/service/otc_outbound.go:568.75,571.23 3 1
github.com/raf-si-2025/banka-1-go/interbank-service/internal/service/otc_outbound.go:571.23,573.3 1 1
github.com/raf-si-2025/banka-1-go/interbank-service/internal/service/otc_outbound.go:574.2,575.66 2 1
github.com/raf-si-2025/banka-1-go/interbank-service/internal/service/otc_outbound.go:575.66,577.3 1 1
github.com/raf-si-2025/banka-1-go/interbank-service/internal/service/otc_outbound.go:578.2,597.3 1 1
github.com/raf-si-2025/banka-1-go/interbank-service/internal/service/otc_outbound.go:602.44,603.9 1 0
github.com/raf-si-2025/banka-1-go/interbank-service/internal/service/otc_outbound.go:604.34,605.13 1 0
github.com/raf-si-2025/banka-1-go/interbank-service/internal/service/otc_outbound.go:606.34,607.13 1 0
github.com/raf-si-2025/banka-1-go/interbank-service/internal/service/otc_outbound.go:608.30,609.13 1 0
github.com/raf-si-2025/banka-1-go/interbank-service/internal/service/otc_outbound.go:610.10,611.13 1 0
github.com/raf-si-2025/banka-1-go/interbank-service/internal/service/otc_outbound.go:617.44,619.2 1 0
github.com/raf-si-2025/banka-1-go/interbank-service/internal/service/otc_outbound.go:621.44,623.2 1 0
github.com/raf-si-2025/banka-1-go/interbank-service/internal/service/otc_outbound.go:625.40,627.2 1 0
github.com/raf-si-2025/banka-1-go/interbank-service/internal/service/otc_outbound.go:639.72,641.2 1 0
github.com/raf-si-2025/banka-1-go/interbank-service/internal/service/otc_outbound.go:645.63,646.36 1 0
github.com/raf-si-2025/banka-1-go/interbank-service/internal/service/otc_outbound.go:646.36,647.27 1 0
github.com/raf-si-2025/banka-1-go/interbank-service/internal/service/otc_outbound.go:647.27,649.4 1 0
github.com/raf-si-2025/banka-1-go/interbank-service/internal/service/otc_outbound.go:651.2,651.11 1 0
github.com/raf-si-2025/banka-1-go/interbank-service/internal/service/outbound.go:55.59,57.2 1 0
github.com/raf-si-2025/banka-1-go/interbank-service/internal/service/outbound.go:59.81,60.36 1 0
github.com/raf-si-2025/banka-1-go/interbank-service/internal/service/outbound.go:60.36,61.27 1 0
github.com/raf-si-2025/banka-1-go/interbank-service/internal/service/outbound.go:61.27,64.4 2 0
github.com/raf-si-2025/banka-1-go/interbank-service/internal/service/outbound.go:66.2,66.71 1 0
github.com/raf-si-2025/banka-1-go/interbank-service/internal/service/outbound.go:100.20,102.2 1 0
github.com/raf-si-2025/banka-1-go/interbank-service/internal/service/outbound.go:112.20,113.15 1 1
github.com/raf-si-2025/banka-1-go/interbank-service/internal/service/outbound.go:113.15,115.3 1 1
github.com/raf-si-2025/banka-1-go/interbank-service/internal/service/outbound.go:116.2,116.16 1 1
github.com/raf-si-2025/banka-1-go/interbank-service/internal/service/outbound.go:116.16,118.3 1 1
github.com/raf-si-2025/banka-1-go/interbank-service/internal/service/outbound.go:119.2,125.3 1 1
github.com/raf-si-2025/banka-1-go/interbank-service/internal/service/outbound.go:133.153,135.16 2 1
github.com/raf-si-2025/banka-1-go/interbank-service/internal/service/outbound.go:135.16,137.3 1 0
github.com/raf-si-2025/banka-1-go/interbank-service/internal/service/outbound.go:139.2,150.16 4 1
github.com/raf-si-2025/banka-1-go/interbank-service/internal/service/outbound.go:150.16,152.3 1 0
github.com/raf-si-2025/banka-1-go/interbank-service/internal/service/outbound.go:154.2,155.16 2 1
github.com/raf-si-2025/banka-1-go/interbank-service/internal/service/outbound.go:155.16,159.3 2 1
github.com/raf-si-2025/banka-1-go/interbank-service/internal/service/outbound.go:161.2,162.74 2 1
github.com/raf-si-2025/banka-1-go/interbank-service/internal/service/outbound.go:162.74,164.3 1 0
github.com/raf-si-2025/banka-1-go/interbank-service/internal/service/outbound.go:166.2,166.87 1 1
github.com/raf-si-2025/banka-1-go/interbank-service/internal/service/outbound.go:166.87,168.3 1 0
github.com/raf-si-2025/banka-1-go/interbank-service/internal/service/outbound.go:169.2,169.18 1 1
github.com/raf-si-2025/banka-1-go/interbank-service/internal/service/outbound.go:173.116,175.16 2 1
github.com/raf-si-2025/banka-1-go/interbank-service/internal/service/outbound.go:175.16,177.3 1 0
github.com/raf-si-2025/banka-1-go/interbank-service/internal/service/outbound.go:179.2,191.16 5 1
github.com/raf-si-2025/banka-1-go/interbank-service/internal/service/outbound.go:191.16,193.3 1 0
github.com/raf-si-2025/banka-1-go/interbank-service/internal/service/outbound.go:195.2,196.16 2 1
github.com/raf-si-2025/banka-1-go/interbank-service/internal/service/outbound.go:196.16,200.3 2 0
github.com/raf-si-2025/banka-1-go/interbank-service/internal/service/outbound.go:202.2,202.73 1 1
github.com/raf-si-2025/banka-1-go/interbank-service/internal/service/outbound.go:202.73,204.3 1 0
github.com/raf-si-2025/banka-1-go/interbank-service/internal/service/outbound.go:205.2,205.12 1 1
github.com/raf-si-2025/banka-1-go/interbank-service/internal/service/outbound.go:209.118,211.16 2 1
github.com/raf-si-2025/banka-1-go/interbank-service/internal/service/outbound.go:211.16,213.3 1 0
github.com/raf-si-2025/banka-1-go/interbank-service/internal/service/outbound.go:215.2,227.16 5 1
github.com/raf-si-2025/banka-1-go/interbank-service/internal/service/outbound.go:227.16,229.3 1 0
github.com/raf-si-2025/banka-1-go/interbank-service/internal/service/outbound.go:231.2,232.16 2 1
github.com/raf-si-2025/banka-1-go/interbank-service/internal/service/outbound.go:232.16,236.3 2 0
github.com/raf-si-2025/banka-1-go/interbank-service/internal/service/outbound.go:238.2,238.73 1 1
github.com/raf-si-2025/banka-1-go/interbank-service/internal/service/outbound.go:238.73,240.3 1 0
github.com/raf-si-2025/banka-1-go/interbank-service/internal/service/outbound.go:241.2,241.12 1 1
github.com/raf-si-2025/banka-1-go/interbank-service/internal/service/outbound.go:250.146,252.16 2 1
github.com/raf-si-2025/banka-1-go/interbank-service/internal/service/outbound.go:252.16,254.3 1 0
github.com/raf-si-2025/banka-1-go/interbank-service/internal/service/outbound.go:256.2,257.16 2 1
github.com/raf-si-2025/banka-1-go/interbank-service/internal/service/outbound.go:257.16,259.3 1 0
github.com/raf-si-2025/banka-1-go/interbank-service/internal/service/outbound.go:261.2,262.16 2 1
github.com/raf-si-2025/banka-1-go/interbank-service/internal/service/outbound.go:262.16,264.3 1 0
github.com/raf-si-2025/banka-1-go/interbank-service/internal/service/outbound.go:266.2,267.68 2 1
github.com/raf-si-2025/banka-1-go/interbank-service/internal/service/outbound.go:267.68,269.3 1 0
github.com/raf-si-2025/banka-1-go/interbank-service/internal/service/outbound.go:270.2,272.17 2 1
github.com/raf-si-2025/banka-1-go/interbank-service/internal/service/outbound.go:277.149,279.16 2 0
github.com/raf-si-2025/banka-1-go/interbank-service/internal/service/outbound.go:279.16,281.3 1 0
github.com/raf-si-2025/banka-1-go/interbank-service/internal/service/outbound.go:283.2,284.16 2 0
github.com/raf-si-2025/banka-1-go/interbank-service/internal/service/outbound.go:284.16,286.3 1 0
github.com/raf-si-2025/banka-1-go/interbank-service/internal/service/outbound.go:288.2,290.18 3 0
github.com/raf-si-2025/banka-1-go/interbank-service/internal/service/outbound.go:290.18,293.3 1 0
github.com/raf-si-2025/banka-1-go/interbank-service/internal/service/outbound.go:294.2,294.20 1 0
github.com/raf-si-2025/banka-1-go/interbank-service/internal/service/outbound.go:299.126,301.16 2 0
github.com/raf-si-2025/banka-1-go/interbank-service/internal/service/outbound.go:301.16,303.3 1 0
github.com/raf-si-2025/banka-1-go/interbank-service/internal/service/outbound.go:305.2,307.18 3 0
github.com/raf-si-2025/banka-1-go/interbank-service/internal/service/outbound.go:307.18,309.3 1 0
github.com/raf-si-2025/banka-1-go/interbank-service/internal/service/outbound.go:310.2,310.20 1 0
github.com/raf-si-2025/banka-1-go/interbank-service/internal/service/outbound.go:315.119,317.16 2 1
github.com/raf-si-2025/banka-1-go/interbank-service/internal/service/outbound.go:317.16,319.3 1 0
github.com/raf-si-2025/banka-1-go/interbank-service/internal/service/outbound.go:321.2,323.18 3 1
github.com/raf-si-2025/banka-1-go/interbank-service/internal/service/outbound.go:323.18,325.44 1 1
github.com/raf-si-2025/banka-1-go/interbank-service/internal/service/outbound.go:325.44,329.4 2 1
github.com/raf-si-2025/banka-1-go/interbank-service/internal/service/outbound.go:330.3,330.15 1 0
github.com/raf-si-2025/banka-1-go/interbank-service/internal/service/outbound.go:332.2,333.12 2 0
github.com/raf-si-2025/banka-1-go/interbank-service/internal/service/outbound.go:339.130,341.16 2 1
github.com/raf-si-2025/banka-1-go/interbank-service/internal/service/outbound.go:341.16,343.3 1 0
github.com/raf-si-2025/banka-1-go/interbank-service/internal/service/outbound.go:345.2,347.18 3 1
github.com/raf-si-2025/banka-1-go/interbank-service/internal/service/outbound.go:347.18,348.40 1 1
github.com/raf-si-2025/banka-1-go/interbank-service/internal/service/outbound.go:348.40,352.4 2 1
github.com/raf-si-2025/banka-1-go/interbank-service/internal/service/outbound.go:353.3,355.44 2 1
github.com/raf-si-2025/banka-1-go/interbank-service/internal/service/outbound.go:358.2,359.73 2 1
github.com/raf-si-2025/banka-1-go/interbank-service/internal/service/outbound.go:359.73,363.3 2 0
github.com/raf-si-2025/banka-1-go/interbank-service/internal/service/outbound.go:364.2,364.21 1 1
github.com/raf-si-2025/banka-1-go/interbank-service/internal/service/outbound.go:377.81,379.16 2 1
github.com/raf-si-2025/banka-1-go/interbank-service/internal/service/outbound.go:379.16,381.3 1 0
github.com/raf-si-2025/banka-1-go/interbank-service/internal/service/outbound.go:384.2,385.92 2 1
github.com/raf-si-2025/banka-1-go/interbank-service/internal/service/outbound.go:385.92,387.3 1 0
github.com/raf-si-2025/banka-1-go/interbank-service/internal/service/outbound.go:389.2,390.20 2 1
github.com/raf-si-2025/banka-1-go/interbank-service/internal/service/outbound.go:390.20,392.3 1 0
github.com/raf-si-2025/banka-1-go/interbank-service/internal/service/outbound.go:395.2,397.75 3 1
github.com/raf-si-2025/banka-1-go/interbank-service/internal/service/outbound.go:397.75,400.3 2 1
github.com/raf-si-2025/banka-1-go/interbank-service/internal/service/outbound.go:401.2,401.12 1 1
github.com/raf-si-2025/banka-1-go/interbank-service/internal/service/outbound.go:409.33,413.2 3 1
github.com/raf-si-2025/banka-1-go/interbank-service/internal/service/outbound.go:424.27,426.16 2 1
github.com/raf-si-2025/banka-1-go/interbank-service/internal/service/outbound.go:426.16,428.3 1 0
github.com/raf-si-2025/banka-1-go/interbank-service/internal/service/outbound.go:430.2,441.52 3 1
github.com/raf-si-2025/banka-1-go/interbank-service/internal/service/outbound.go:441.52,443.3 1 0
github.com/raf-si-2025/banka-1-go/interbank-service/internal/service/outbound.go:444.2,444.17 1 1
github.com/raf-si-2025/banka-1-go/interbank-service/internal/service/outbound.go:448.120,451.24 3 1
github.com/raf-si-2025/banka-1-go/interbank-service/internal/service/outbound.go:451.24,453.3 1 1
github.com/raf-si-2025/banka-1-go/interbank-service/internal/service/outbound.go:454.2,456.46 3 1
github.com/raf-si-2025/banka-1-go/interbank-service/internal/service/outbound.go:461.148,463.16 2 1
github.com/raf-si-2025/banka-1-go/interbank-service/internal/service/outbound.go:463.16,465.3 1 0
github.com/raf-si-2025/banka-1-go/interbank-service/internal/service/outbound.go:466.2,468.28 3 1
github.com/raf-si-2025/banka-1-go/interbank-service/internal/service/outbound.go:473.115,476.2 2 1
github.com/raf-si-2025/banka-1-go/interbank-service/internal/service/outbound.go:480.127,482.17 2 1
github.com/raf-si-2025/banka-1-go/interbank-service/internal/service/outbound.go:482.17,484.3 1 1
github.com/raf-si-2025/banka-1-go/interbank-service/internal/service/outbound.go:486.2,487.16 2 1
github.com/raf-si-2025/banka-1-go/interbank-service/internal/service/outbound.go:487.16,489.3 1 0
github.com/raf-si-2025/banka-1-go/interbank-service/internal/service/outbound.go:490.2,491.17 2 1
github.com/raf-si-2025/banka-1-go/interbank-service/internal/service/outbound.go:491.17,493.3 1 1
github.com/raf-si-2025/banka-1-go/interbank-service/internal/service/outbound.go:495.2,496.16 2 1
github.com/raf-si-2025/banka-1-go/interbank-service/internal/service/outbound.go:496.16,498.3 1 0
github.com/raf-si-2025/banka-1-go/interbank-service/internal/service/outbound.go:499.2,502.20 3 1
github.com/raf-si-2025/banka-1-go/interbank-service/internal/service/outbound.go:502.20,504.3 1 0
github.com/raf-si-2025/banka-1-go/interbank-service/internal/service/outbound.go:506.2,506.48 1 1
github.com/raf-si-2025/banka-1-go/interbank-service/internal/service/outbound.go:506.48,508.3 1 1
github.com/raf-si-2025/banka-1-go/interbank-service/internal/service/outbound.go:509.2,509.44 1 1
github.com/raf-si-2025/banka-1-go/interbank-service/internal/service/outbound.go:509.44,511.3 1 1
github.com/raf-si-2025/banka-1-go/interbank-service/internal/service/outbound.go:512.2,512.44 1 1
github.com/raf-si-2025/banka-1-go/interbank-service/internal/service/outbound.go:512.44,514.3 1 0
github.com/raf-si-2025/banka-1-go/interbank-service/internal/service/outbound.go:515.2,515.28 1 1
github.com/raf-si-2025/banka-1-go/interbank-service/internal/service/outbound.go:515.28,517.3 1 1
github.com/raf-si-2025/banka-1-go/interbank-service/internal/service/outbound.go:518.2,518.39 1 1
github.com/raf-si-2025/banka-1-go/interbank-service/internal/service/outbound.go:525.41,527.2 1 1
github.com/raf-si-2025/banka-1-go/interbank-service/internal/service/outbound.go:534.51,535.26 1 1
github.com/raf-si-2025/banka-1-go/interbank-service/internal/service/outbound.go:535.26,537.3 1 1
github.com/raf-si-2025/banka-1-go/interbank-service/internal/service/outbound.go:538.2,540.15 3 1
github.com/raf-si-2025/banka-1-go/interbank-service/internal/service/validator.go:69.109,71.2 1 1
github.com/raf-si-2025/banka-1-go/interbank-service/internal/service/validator.go:75.87,77.29 2 1
github.com/raf-si-2025/banka-1-go/interbank-service/internal/service/validator.go:77.29,80.3 2 1
github.com/raf-si-2025/banka-1-go/interbank-service/internal/service/validator.go:81.2,81.25 1 1
github.com/raf-si-2025/banka-1-go/interbank-service/internal/service/validator.go:81.25,82.18 1 1
github.com/raf-si-2025/banka-1-go/interbank-service/internal/service/validator.go:82.18,84.4 1 1
github.com/raf-si-2025/banka-1-go/interbank-service/internal/service/validator.go:86.2,86.12 1 1
github.com/raf-si-2025/banka-1-go/interbank-service/internal/service/validator.go:90.40,91.23 1 1
github.com/raf-si-2025/banka-1-go/interbank-service/internal/service/validator.go:92.28,93.31 1 1
github.com/raf-si-2025/banka-1-go/interbank-service/internal/service/validator.go:94.28,95.29 1 1
github.com/raf-si-2025/banka-1-go/interbank-service/internal/service/validator.go:96.29,97.88 1 1
github.com/raf-si-2025/banka-1-go/interbank-service/internal/service/validator.go:98.10,99.19 1 0
github.com/raf-si-2025/banka-1-go/interbank-service/internal/service/validator.go:108.110,109.33 1 1
github.com/raf-si-2025/banka-1-go/interbank-service/internal/service/validator.go:111.29,112.44 1 1
github.com/raf-si-2025/banka-1-go/interbank-service/internal/service/validator.go:114.31,115.46 1 1
github.com/raf-si-2025/banka-1-go/interbank-service/internal/service/validator.go:117.37,118.52 1 1
github.com/raf-si-2025/banka-1-go/interbank-service/internal/service/validator.go:122.2,122.17 1 0
github.com/raf-si-2025/banka-1-go/interbank-service/internal/service/validator.go:127.141,129.31 1 1
github.com/raf-si-2025/banka-1-go/interbank-service/internal/service/validator.go:129.31,131.3 1 1
github.com/raf-si-2025/banka-1-go/interbank-service/internal/service/validator.go:133.2,133.33 1 1
github.com/raf-si-2025/banka-1-go/interbank-service/internal/service/validator.go:134.28,135.18 1 1
github.com/raf-si-2025/banka-1-go/interbank-service/internal/service/validator.go:135.18,137.4 1 0
github.com/raf-si-2025/banka-1-go/interbank-service/internal/service/validator.go:138.3,139.17 2 1
github.com/raf-si-2025/banka-1-go/interbank-service/internal/service/validator.go:139.17,140.42 1 1
github.com/raf-si-2025/banka-1-go/interbank-service/internal/service/validator.go:140.42,142.5 1 1
github.com/raf-si-2025/banka-1-go/interbank-service/internal/service/validator.go:143.4,143.19 1 0
github.com/raf-si-2025/banka-1-go/interbank-service/internal/service/validator.go:145.3,145.38 1 1
github.com/raf-si-2025/banka-1-go/interbank-service/internal/service/validator.go:145.38,147.4 1 1
github.com/raf-si-2025/banka-1-go/interbank-service/internal/service/validator.go:148.3,148.78 1 1
github.com/raf-si-2025/banka-1-go/interbank-service/internal/service/validator.go:148.78,150.4 1 1
github.com/raf-si-2025/banka-1-go/interbank-service/internal/service/validator.go:151.3,151.18 1 1
github.com/raf-si-2025/banka-1-go/interbank-service/internal/service/validator.go:153.10,155.92 1 1
github.com/raf-si-2025/banka-1-go/interbank-service/internal/service/validator.go:162.148,163.44 1 1
github.com/raf-si-2025/banka-1-go/interbank-service/internal/service/validator.go:163.44,166.3 1 0
github.com/raf-si-2025/banka-1-go/interbank-service/internal/service/validator.go:168.2,168.33 1 1
github.com/raf-si-2025/banka-1-go/interbank-service/internal/service/validator.go:169.28,171.17 2 1
github.com/raf-si-2025/banka-1-go/interbank-service/internal/service/validator.go:171.17,173.4 1 0
github.com/raf-si-2025/banka-1-go/interbank-service/internal/service/validator.go:174.3,174.18 1 1
github.com/raf-si-2025/banka-1-go/interbank-service/internal/service/validator.go:174.18,176.4 1 0
github.com/raf-si-2025/banka-1-go/interbank-service/internal/service/validator.go:177.3,178.30 2 1
github.com/raf-si-2025/banka-1-go/interbank-service/internal/service/validator.go:178.30,180.4 1 1
github.com/raf-si-2025/banka-1-go/interbank-service/internal/service/validator.go:181.3,182.17 2 0
github.com/raf-si-2025/banka-1-go/interbank-service/internal/service/validator.go:182.17,183.42 1 0
github.com/raf-si-2025/banka-1-go/interbank-service/internal/service/validator.go:183.42,185.5 1 0
github.com/raf-si-2025/banka-1-go/interbank-service/internal/service/validator.go:186.4,186.19 1 0
github.com/raf-si-2025/banka-1-go/interbank-service/internal/service/validator.go:188.3,188.78 1 0
github.com/raf-si-2025/banka-1-go/interbank-service/internal/service/validator.go:188.78,190.4 1 0
github.com/raf-si-2025/banka-1-go/interbank-service/internal/service/validator.go:191.3,191.18 1 0
github.com/raf-si-2025/banka-1-go/interbank-service/internal/service/validator.go:193.29,196.18 2 1
github.com/raf-si-2025/banka-1-go/interbank-service/internal/service/validator.go:198.10,200.92 1 1
github.com/raf-si-2025/banka-1-go/interbank-service/internal/service/validator.go:208.157,209.51 1 1
github.com/raf-si-2025/banka-1-go/interbank-service/internal/service/validator.go:209.51,211.3 1 1
github.com/raf-si-2025/banka-1-go/interbank-service/internal/service/validator.go:212.2,212.41 1 1
github.com/raf-si-2025/banka-1-go/interbank-service/internal/service/validator.go:212.41,214.3 1 1
github.com/raf-si-2025/banka-1-go/interbank-service/internal/service/validator.go:215.2,215.41 1 1
github.com/raf-si-2025/banka-1-go/interbank-service/internal/service/validator.go:220.136,221.19 1 1
github.com/raf-si-2025/banka-1-go/interbank-service/internal/service/validator.go:221.19,223.3 1 0
github.com/raf-si-2025/banka-1-go/interbank-service/internal/service/validator.go:224.2,225.30 2 1
github.com/raf-si-2025/banka-1-go/interbank-service/internal/service/validator.go:225.30,227.3 1 1
github.com/raf-si-2025/banka-1-go/interbank-service/internal/service/validator.go:228.2,228.20 1 1
github.com/raf-si-2025/banka-1-go/interbank-service/internal/service/validator.go:228.20,230.3 1 1
github.com/raf-si-2025/banka-1-go/interbank-service/internal/service/validator.go:231.2,231.43 1 1
github.com/raf-si-2025/banka-1-go/interbank-service/internal/service/validator.go:231.43,233.3 1 1
github.com/raf-si-2025/banka-1-go/interbank-service/internal/service/validator.go:235.2,239.57 5 1
github.com/raf-si-2025/banka-1-go/interbank-service/internal/service/validator.go:239.57,241.3 1 1
github.com/raf-si-2025/banka-1-go/interbank-service/internal/service/validator.go:242.2,242.17 1 1
github.com/raf-si-2025/banka-1-go/interbank-service/internal/service/validator.go:247.52,248.20 1 1
github.com/raf-si-2025/banka-1-go/interbank-service/internal/service/validator.go:248.20,250.3 1 0
github.com/raf-si-2025/banka-1-go/interbank-service/internal/service/validator.go:251.2,252.51 2 1
github.com/raf-si-2025/banka-1-go/interbank-service/internal/service/validator.go:256.53,257.25 1 1
github.com/raf-si-2025/banka-1-go/interbank-service/internal/service/validator.go:257.25,259.3 1 0
github.com/raf-si-2025/banka-1-go/interbank-service/internal/service/validator.go:260.2,260.50 1 1
github.com/raf-si-2025/banka-1-go/interbank-service/internal/service/validator.go:260.50,262.3 1 0
github.com/raf-si-2025/banka-1-go/interbank-service/internal/service/validator.go:263.2,264.21 2 1
github.com/raf-si-2025/banka-1-go/interbank-service/internal/service/validator.go:264.21,266.3 1 0
github.com/raf-si-2025/banka-1-go/interbank-service/internal/service/validator.go:267.2,269.15 3 1
